#
# There is insufficient memory for the Java Runtime Environment to continue.
# Native memory allocation (mmap) failed to map 216006656 bytes for G1 virtual space
# Possible reasons:
#   The system is out of physical RAM or swap space
#   The process is running with CompressedOops enabled, and the Java Heap may be blocking the growth of the native heap
# Possible solutions:
#   Reduce memory load on the system
#   Increase physical memory or swap space
#   Check if swap backing store is full
#   Decrease Java heap size (-Xmx/-Xms)
#   Decrease number of Java threads
#   Decrease Java thread stack sizes (-Xss)
#   Set larger code cache with -XX:ReservedCodeCacheSize=
#   JVM is running with Unscaled Compressed Oops mode in which the Java heap is
#     placed in the first 4GB address space. The Java Heap base address is the
#     maximum limit for the native heap growth. Please use -XX:HeapBaseMinAddress
#     to set the Java Heap base and to place the Java Heap above 4GB virtual address.
# This output file may be truncated or incomplete.
#
#  Out of Memory Error (os_windows.cpp:3548), pid=18304, tid=600
#
# JRE version: Java(TM) SE Runtime Environment (17.0.12+8) (build 17.0.12+8-LTS-286)
# Java VM: Java HotSpot(TM) 64-Bit Server VM (17.0.12+8-LTS-286, mixed mode, emulated-client, sharing, tiered, compressed oops, compressed class ptrs, g1 gc, windows-amd64)
# No core dump will be written. Minidumps are not enabled by default on client versions of Windows
#

---------------  S U M M A R Y ------------

Command Line: -XX:TieredStopAtLevel=1 -Dspring.output.ansi.enabled=always -Dcom.sun.management.jmxremote -Dspring.jmx.enabled=true -Dspring.liveBeansView.mbeanDomain -Dspring.application.admin.enabled=true -Dmanagement.endpoints.jmx.exposure.include=* -javaagent:C:\Users\user\AppData\Local\Programs\IntelliJ IDEA Ultimate 2024.3.5\lib\idea_rt.jar=60250 -Dfile.encoding=UTF-8 com.example.capstone_design.CapstoneDesignApplication

Host: Intel(R) Core(TM) i5-1035G7 CPU @ 1.20GHz, 8 cores, 7G,  Windows 11 , 64 bit Build 26100 (10.0.26100.5074)
Time: Sun Nov 30 17:34:32 2025  Windows 11 , 64 bit Build 26100 (10.0.26100.5074) elapsed time: 18.494518 seconds (0d 0h 0m 18s)

---------------  T H R E A D  ---------------

Current thread (0x000001673a099750):  VMThread "VM Thread" [stack: 0x0000000e5be00000,0x0000000e5bf00000] [id=600]

Stack: [0x0000000e5be00000,0x0000000e5bf00000]
Native frames: (J=compiled Java code, j=interpreted, Vv=VM code, C=native code)
V  [jvm.dll+0x67a04a]
V  [jvm.dll+0x7da4ed]
V  [jvm.dll+0x7dbe33]
V  [jvm.dll+0x7dc4a3]
V  [jvm.dll+0x24508f]
V  [jvm.dll+0x677089]
V  [jvm.dll+0x66bd32]
V  [jvm.dll+0x301fa6]
V  [jvm.dll+0x309546]
V  [jvm.dll+0x359d2e]
V  [jvm.dll+0x359f5f]
V  [jvm.dll+0x2d9078]
V  [jvm.dll+0x2d74ad]
V  [jvm.dll+0x2d6afc]
V  [jvm.dll+0x31a65b]
V  [jvm.dll+0x7e0d9b]
V  [jvm.dll+0x7e1ad4]
V  [jvm.dll+0x7e1fed]
V  [jvm.dll+0x7e23c4]
V  [jvm.dll+0x7e2490]
V  [jvm.dll+0x78abea]
V  [jvm.dll+0x678f35]
C  [ucrtbase.dll+0x37b0]
C  [KERNEL32.DLL+0x2e8d7]
C  [ntdll.dll+0x8d9c]

VM_Operation (0x0000000e5b8fc3c0): G1CollectForAllocation, mode: safepoint, requested by thread 0x00000167283ba450


---------------  P R O C E S S  ---------------

Threads class SMR info:
_java_thread_list=0x0000016702334390, length=23, elements={
0x00000167283ba450, 0x000001673a09e100, 0x000001673a0a0ad0, 0x000001673a0bc940,
0x000001673a0bd210, 0x000001673a0bdbd0, 0x000001673a0be590, 0x000001673a0bf000,
0x000001673a0c5300, 0x000001673a0ceac0, 0x000001673a08a110, 0x000001673a752c90,
0x000001673a753170, 0x000001673aa42c30, 0x000001673a8c6d00, 0x000001673aaa8510,
0x000001673aa88de0, 0x000001673aacb970, 0x000001673aac86d0, 0x0000016701a384a0,
0x0000016701a38ec0, 0x0000016701a389b0, 0x00000167010a3610
}

Java Threads: ( => current thread )
  0x00000167283ba450 JavaThread "main" [_thread_blocked, id=31824, stack(0x0000000e5b800000,0x0000000e5b900000)]
  0x000001673a09e100 JavaThread "Reference Handler" daemon [_thread_blocked, id=32756, stack(0x0000000e5bf00000,0x0000000e5c000000)]
  0x000001673a0a0ad0 JavaThread "Finalizer" daemon [_thread_blocked, id=15044, stack(0x0000000e5c000000,0x0000000e5c100000)]
  0x000001673a0bc940 JavaThread "Signal Dispatcher" daemon [_thread_blocked, id=27952, stack(0x0000000e5c100000,0x0000000e5c200000)]
  0x000001673a0bd210 JavaThread "Attach Listener" daemon [_thread_blocked, id=14588, stack(0x0000000e5c200000,0x0000000e5c300000)]
  0x000001673a0bdbd0 JavaThread "Service Thread" daemon [_thread_blocked, id=24264, stack(0x0000000e5c300000,0x0000000e5c400000)]
  0x000001673a0be590 JavaThread "Monitor Deflation Thread" daemon [_thread_blocked, id=32152, stack(0x0000000e5c400000,0x0000000e5c500000)]
  0x000001673a0bf000 JavaThread "C1 CompilerThread0" daemon [_thread_blocked, id=29276, stack(0x0000000e5c500000,0x0000000e5c600000)]
  0x000001673a0c5300 JavaThread "Sweeper thread" daemon [_thread_blocked, id=19916, stack(0x0000000e5c600000,0x0000000e5c700000)]
  0x000001673a0ceac0 JavaThread "Common-Cleaner" daemon [_thread_blocked, id=23852, stack(0x0000000e5c700000,0x0000000e5c800000)]
  0x000001673a08a110 JavaThread "C1 CompilerThread1" daemon [_thread_blocked, id=7580, stack(0x0000000e5c800000,0x0000000e5c900000)]
  0x000001673a752c90 JavaThread "Monitor Ctrl-Break" daemon [_thread_in_native, id=20928, stack(0x0000000e5cb00000,0x0000000e5cc00000)]
  0x000001673a753170 JavaThread "Notification Thread" daemon [_thread_blocked, id=18928, stack(0x0000000e5cc00000,0x0000000e5cd00000)]
  0x000001673aa42c30 JavaThread "RMI TCP Accept-0" daemon [_thread_in_native, id=28712, stack(0x0000000e5cd00000,0x0000000e5ce00000)]
  0x000001673a8c6d00 JavaThread "RMI TCP Connection(1)-172.30.107.104" daemon [_thread_in_native, id=23912, stack(0x0000000e5ce00000,0x0000000e5cf00000)]
  0x000001673aaa8510 JavaThread "RMI TCP Connection(2)-172.30.107.104" daemon [_thread_in_native, id=7444, stack(0x0000000e5d000000,0x0000000e5d100000)]
  0x000001673aa88de0 JavaThread "RMI Scheduler(0)" daemon [_thread_blocked, id=20500, stack(0x0000000e5d100000,0x0000000e5d200000)]
  0x000001673aacb970 JavaThread "JMX server connection timeout 21" daemon [_thread_blocked, id=32716, stack(0x0000000e5d300000,0x0000000e5d400000)]
  0x000001673aac86d0 JavaThread "HikariPool-1:housekeeper" daemon [_thread_blocked, id=31492, stack(0x0000000e5c900000,0x0000000e5ca00000)]
  0x0000016701a384a0 JavaThread "Catalina-utility-1" [_thread_blocked, id=31400, stack(0x0000000e5dc00000,0x0000000e5dd00000)]
  0x0000016701a38ec0 JavaThread "Catalina-utility-2" [_thread_blocked, id=28956, stack(0x0000000e5de00000,0x0000000e5df00000)]
  0x0000016701a389b0 JavaThread "container-0" [_thread_blocked, id=18884, stack(0x0000000e5df00000,0x0000000e5e000000)]
  0x00000167010a3610 JavaThread "C1 CompilerThread2" daemon [_thread_blocked, id=24920, stack(0x0000000e5e000000,0x0000000e5e100000)]

Other Threads:
=>0x000001673a099750 VMThread "VM Thread" [stack: 0x0000000e5be00000,0x0000000e5bf00000] [id=600]
  0x0000016728431890 WatcherThread [stack: 0x0000000e5cf00000,0x0000000e5d000000] [id=30716]
  0x0000016728415670 GCTaskThread "GC Thread#0" [stack: 0x0000000e5b900000,0x0000000e5ba00000] [id=28144]
  0x000001673acbd060 GCTaskThread "GC Thread#1" [stack: 0x0000000e5d200000,0x0000000e5d300000] [id=21128]
  0x000001673ac5f740 GCTaskThread "GC Thread#2" [stack: 0x0000000e5d400000,0x0000000e5d500000] [id=32424]
  0x000001673acecfa0 GCTaskThread "GC Thread#3" [stack: 0x0000000e5d500000,0x0000000e5d600000] [id=17328]
  0x000001673aceb3c0 GCTaskThread "GC Thread#4" [stack: 0x0000000e5d600000,0x0000000e5d700000] [id=24412]
  0x000001673acf1bd0 GCTaskThread "GC Thread#5" [stack: 0x0000000e5d700000,0x0000000e5d800000] [id=18256]
  0x000001673acf3390 GCTaskThread "GC Thread#6" [stack: 0x0000000e5d800000,0x0000000e5d900000] [id=8]
  0x000001673acf3650 GCTaskThread "GC Thread#7" [stack: 0x0000000e5d900000,0x0000000e5da00000] [id=21148]
  0x000001672629dd40 ConcurrentGCThread "G1 Main Marker" [stack: 0x0000000e5ba00000,0x0000000e5bb00000] [id=32248]
  0x0000016728422bc0 ConcurrentGCThread "G1 Conc#0" [stack: 0x0000000e5bb00000,0x0000000e5bc00000] [id=1020]
  0x0000016700b31790 ConcurrentGCThread "G1 Conc#1" [stack: 0x0000000e5dd00000,0x0000000e5de00000] [id=11412]
  0x000001672846e510 ConcurrentGCThread "G1 Refine#0" [stack: 0x0000000e5bc00000,0x0000000e5bd00000] [id=6288]
  0x000001673acf3b20 ConcurrentGCThread "G1 Refine#1" [stack: 0x0000000e5da00000,0x0000000e5db00000] [id=21956]
  0x00000167004920f0 ConcurrentGCThread "G1 Refine#2" [stack: 0x0000000e5e100000,0x0000000e5e200000] [id=29004]
  0x000001670048fac0 ConcurrentGCThread "G1 Refine#3" [stack: 0x0000000e5db00000,0x0000000e5dc00000] [id=24524]
  0x0000016739f3dfb0 ConcurrentGCThread "G1 Service" [stack: 0x0000000e5bd00000,0x0000000e5be00000] [id=32372]

Threads with active compile tasks:

VM state: at safepoint (normal execution)

VM Mutex/Monitor currently owned by a thread:  ([mutex/lock_event])
[0x00000167261eb7b0] Threads_lock - owner thread: 0x000001673a099750
[0x00000167283b7e30] Heap_lock - owner thread: 0x00000167283ba450

Heap address: 0x0000000084800000, size: 1976 MB, Compressed Oops mode: 32-bit

CDS archive(s) mapped at: [0x000001673b000000-0x000001673bbd0000-0x000001673bbd0000), size 12386304, SharedBaseAddress: 0x000001673b000000, ArchiveRelocationMode: 1.
Compressed class space mapped at: 0x000001673c000000-0x000001677c000000, reserved size: 1073741824
Narrow klass base: 0x000001673b000000, Narrow klass shift: 0, Narrow klass range: 0x100000000

GC Precious Log:
 CPUs: 8 total, 8 available
 Memory: 7901M
 Large Page Support: Disabled
 NUMA Support: Disabled
 Compressed Oops: Enabled (32-bit)
 Heap Region Size: 1M
 Heap Min Capacity: 8M
 Heap Initial Capacity: 124M
 Heap Max Capacity: 1976M
 Pre-touch: Disabled
 Parallel Workers: 8
 Concurrent Workers: 2
 Concurrent Refinement Workers: 8
 Periodic GC: Disabled

Heap:
 garbage-first heap   total 277504K, used 142102K [0x0000000084800000, 0x0000000100000000)
  region size 1024K, 5 young (5120K), 5 survivors (5120K)
 Metaspace       used 69872K, committed 70528K, reserved 1114112K
  class space    used 10536K, committed 10816K, reserved 1048576K

Heap Regions: E=young(eden), S=young(survivor), O=old, HS=humongous(starts), HC=humongous(continues), CS=collection set, F=free, OA=open archive, CA=closed archive, TAMS=top-at-mark-start (previous, next)
|   0|0x0000000084800000, 0x0000000084900000, 0x0000000084900000|100%|HS|  |TAMS 0x0000000084900000, 0x0000000084900000| Complete 
|   1|0x0000000084900000, 0x0000000084a00000, 0x0000000084a00000|100%|HS|  |TAMS 0x0000000084a00000, 0x0000000084a00000| Complete 
|   2|0x0000000084a00000, 0x0000000084b00000, 0x0000000084b00000|100%| O|  |TAMS 0x0000000084b00000, 0x0000000084b00000| Untracked 
|   3|0x0000000084b00000, 0x0000000084c00000, 0x0000000084c00000|100%| O|  |TAMS 0x0000000084c00000, 0x0000000084c00000| Untracked 
|   4|0x0000000084c00000, 0x0000000084d00000, 0x0000000084d00000|100%| O|  |TAMS 0x0000000084d00000, 0x0000000084d00000| Untracked 
|   5|0x0000000084d00000, 0x0000000084e00000, 0x0000000084e00000|100%| O|  |TAMS 0x0000000084e00000, 0x0000000084e00000| Untracked 
|   6|0x0000000084e00000, 0x0000000084f00000, 0x0000000084f00000|100%| O|  |TAMS 0x0000000084f00000, 0x0000000084f00000| Untracked 
|   7|0x0000000084f00000, 0x0000000085000000, 0x0000000085000000|100%| O|  |TAMS 0x0000000085000000, 0x0000000085000000| Untracked 
|   8|0x0000000085000000, 0x0000000085071800, 0x0000000085100000| 44%| O|  |TAMS 0x0000000085071800, 0x0000000085071800| Untracked 
|   9|0x0000000085100000, 0x0000000085200000, 0x0000000085200000|100%| O|  |TAMS 0x0000000085200000, 0x0000000085200000| Untracked 
|  10|0x0000000085200000, 0x0000000085300000, 0x0000000085300000|100%| O|  |TAMS 0x0000000085300000, 0x0000000085300000| Untracked 
|  11|0x0000000085300000, 0x0000000085400000, 0x0000000085400000|100%| O|  |TAMS 0x0000000085400000, 0x0000000085400000| Untracked 
|  12|0x0000000085400000, 0x0000000085500000, 0x0000000085500000|100%| O|  |TAMS 0x0000000085500000, 0x0000000085500000| Untracked 
|  13|0x0000000085500000, 0x0000000085600000, 0x0000000085600000|100%| O|  |TAMS 0x0000000085600000, 0x0000000085600000| Untracked 
|  14|0x0000000085600000, 0x0000000085700000, 0x0000000085700000|100%| O|  |TAMS 0x0000000085700000, 0x0000000085700000| Untracked 
|  15|0x0000000085700000, 0x0000000085800000, 0x0000000085800000|100%| O|  |TAMS 0x0000000085800000, 0x0000000085800000| Untracked 
|  16|0x0000000085800000, 0x0000000085900000, 0x0000000085900000|100%| O|  |TAMS 0x0000000085900000, 0x0000000085900000| Untracked 
|  17|0x0000000085900000, 0x0000000085a00000, 0x0000000085a00000|100%| O|  |TAMS 0x0000000085a00000, 0x0000000085a00000| Untracked 
|  18|0x0000000085a00000, 0x0000000085b00000, 0x0000000085b00000|100%| O|  |TAMS 0x0000000085b00000, 0x0000000085b00000| Untracked 
|  19|0x0000000085b00000, 0x0000000085c00000, 0x0000000085c00000|100%| O|  |TAMS 0x0000000085c00000, 0x0000000085c00000| Untracked 
|  20|0x0000000085c00000, 0x0000000085d00000, 0x0000000085d00000|100%| O|  |TAMS 0x0000000085d00000, 0x0000000085d00000| Untracked 
|  21|0x0000000085d00000, 0x0000000085e00000, 0x0000000085e00000|100%| O|  |TAMS 0x0000000085e00000, 0x0000000085e00000| Untracked 
|  22|0x0000000085e00000, 0x0000000085f00000, 0x0000000085f00000|100%| O|  |TAMS 0x0000000085f00000, 0x0000000085f00000| Untracked 
|  23|0x0000000085f00000, 0x0000000086000000, 0x0000000086000000|100%| O|  |TAMS 0x0000000086000000, 0x0000000086000000| Untracked 
|  24|0x0000000086000000, 0x0000000086100000, 0x0000000086100000|100%| O|  |TAMS 0x0000000086100000, 0x0000000086100000| Untracked 
|  25|0x0000000086100000, 0x0000000086200000, 0x0000000086200000|100%| O|  |TAMS 0x0000000086200000, 0x0000000086200000| Untracked 
|  26|0x0000000086200000, 0x0000000086300000, 0x0000000086300000|100%| O|  |TAMS 0x0000000086300000, 0x0000000086300000| Untracked 
|  27|0x0000000086300000, 0x0000000086400000, 0x0000000086400000|100%| O|  |TAMS 0x0000000086400000, 0x0000000086400000| Untracked 
|  28|0x0000000086400000, 0x0000000086500000, 0x0000000086500000|100%| O|  |TAMS 0x0000000086500000, 0x0000000086500000| Untracked 
|  29|0x0000000086500000, 0x0000000086600000, 0x0000000086600000|100%| O|  |TAMS 0x0000000086600000, 0x0000000086600000| Untracked 
|  30|0x0000000086600000, 0x0000000086700000, 0x0000000086700000|100%| O|  |TAMS 0x0000000086700000, 0x0000000086700000| Untracked 
|  31|0x0000000086700000, 0x0000000086800000, 0x0000000086800000|100%| O|  |TAMS 0x0000000086800000, 0x0000000086800000| Untracked 
|  32|0x0000000086800000, 0x0000000086900000, 0x0000000086900000|100%| O|  |TAMS 0x0000000086900000, 0x0000000086900000| Untracked 
|  33|0x0000000086900000, 0x0000000086a00000, 0x0000000086a00000|100%| O|  |TAMS 0x0000000086a00000, 0x0000000086a00000| Untracked 
|  34|0x0000000086a00000, 0x0000000086b00000, 0x0000000086b00000|100%| O|  |TAMS 0x0000000086b00000, 0x0000000086b00000| Untracked 
|  35|0x0000000086b00000, 0x0000000086c00000, 0x0000000086c00000|100%| O|  |TAMS 0x0000000086c00000, 0x0000000086c00000| Untracked 
|  36|0x0000000086c00000, 0x0000000086d00000, 0x0000000086d00000|100%| O|  |TAMS 0x0000000086d00000, 0x0000000086d00000| Untracked 
|  37|0x0000000086d00000, 0x0000000086e00000, 0x0000000086e00000|100%| O|  |TAMS 0x0000000086e00000, 0x0000000086e00000| Untracked 
|  38|0x0000000086e00000, 0x0000000086f00000, 0x0000000086f00000|100%| O|  |TAMS 0x0000000086f00000, 0x0000000086f00000| Untracked 
|  39|0x0000000086f00000, 0x0000000087000000, 0x0000000087000000|100%| O|  |TAMS 0x0000000087000000, 0x0000000087000000| Untracked 
|  40|0x0000000087000000, 0x0000000087100000, 0x0000000087100000|100%| O|  |TAMS 0x0000000087100000, 0x0000000087100000| Untracked 
|  41|0x0000000087100000, 0x0000000087200000, 0x0000000087200000|100%| O|  |TAMS 0x0000000087200000, 0x0000000087200000| Untracked 
|  42|0x0000000087200000, 0x0000000087300000, 0x0000000087300000|100%| O|  |TAMS 0x0000000087300000, 0x0000000087300000| Untracked 
|  43|0x0000000087300000, 0x0000000087400000, 0x0000000087400000|100%| O|  |TAMS 0x0000000087400000, 0x0000000087400000| Untracked 
|  44|0x0000000087400000, 0x0000000087500000, 0x0000000087500000|100%| O|  |TAMS 0x0000000087500000, 0x0000000087500000| Untracked 
|  45|0x0000000087500000, 0x0000000087600000, 0x0000000087600000|100%| O|  |TAMS 0x0000000087500000, 0x0000000087600000| Untracked 
|  46|0x0000000087600000, 0x0000000087700000, 0x0000000087700000|100%| O|  |TAMS 0x0000000087700000, 0x0000000087700000| Untracked 
|  47|0x0000000087700000, 0x0000000087800000, 0x0000000087800000|100%| O|  |TAMS 0x0000000087800000, 0x0000000087800000| Untracked 
|  48|0x0000000087800000, 0x0000000087900000, 0x0000000087900000|100%| O|  |TAMS 0x0000000087900000, 0x0000000087900000| Untracked 
|  49|0x0000000087900000, 0x0000000087a00000, 0x0000000087a00000|100%| O|  |TAMS 0x0000000087a00000, 0x0000000087a00000| Untracked 
|  50|0x0000000087a00000, 0x0000000087b00000, 0x0000000087b00000|100%| O|  |TAMS 0x0000000087b00000, 0x0000000087b00000| Untracked 
|  51|0x0000000087b00000, 0x0000000087c00000, 0x0000000087c00000|100%| O|  |TAMS 0x0000000087c00000, 0x0000000087c00000| Untracked 
|  52|0x0000000087c00000, 0x0000000087d00000, 0x0000000087d00000|100%| O|  |TAMS 0x0000000087d00000, 0x0000000087d00000| Untracked 
|  53|0x0000000087d00000, 0x0000000087e00000, 0x0000000087e00000|100%| O|  |TAMS 0x0000000087e00000, 0x0000000087e00000| Untracked 
|  54|0x0000000087e00000, 0x0000000087f00000, 0x0000000087f00000|100%|HS|  |TAMS 0x0000000087e00000, 0x0000000087f00000| Complete 
|  55|0x0000000087f00000, 0x0000000088000000, 0x0000000088000000|100%| O|  |TAMS 0x0000000087f00000, 0x0000000088000000| Untracked 
|  56|0x0000000088000000, 0x0000000088100000, 0x0000000088100000|100%| O|  |TAMS 0x00000000880bd800, 0x0000000088100000| Untracked 
|  57|0x0000000088100000, 0x0000000088200000, 0x0000000088200000|100%| O|  |TAMS 0x0000000088100000, 0x0000000088200000| Untracked 
|  58|0x0000000088200000, 0x0000000088300000, 0x0000000088300000|100%| O|  |TAMS 0x0000000088200000, 0x0000000088300000| Untracked 
|  59|0x0000000088300000, 0x0000000088400000, 0x0000000088400000|100%| O|  |TAMS 0x0000000088300000, 0x0000000088400000| Untracked 
|  60|0x0000000088400000, 0x0000000088500000, 0x0000000088500000|100%| O|  |TAMS 0x0000000088400000, 0x0000000088500000| Untracked 
|  61|0x0000000088500000, 0x0000000088600000, 0x0000000088600000|100%| O|  |TAMS 0x0000000088500000, 0x0000000088600000| Untracked 
|  62|0x0000000088600000, 0x0000000088700000, 0x0000000088700000|100%| O|  |TAMS 0x0000000088600000, 0x0000000088700000| Untracked 
|  63|0x0000000088700000, 0x0000000088800000, 0x0000000088800000|100%| O|  |TAMS 0x0000000088700000, 0x0000000088800000| Untracked 
|  64|0x0000000088800000, 0x0000000088900000, 0x0000000088900000|100%| O|  |TAMS 0x0000000088800000, 0x0000000088900000| Untracked 
|  65|0x0000000088900000, 0x0000000088a00000, 0x0000000088a00000|100%| O|  |TAMS 0x0000000088900000, 0x0000000088a00000| Untracked 
|  66|0x0000000088a00000, 0x0000000088b00000, 0x0000000088b00000|100%| O|  |TAMS 0x0000000088a00000, 0x0000000088b00000| Untracked 
|  67|0x0000000088b00000, 0x0000000088c00000, 0x0000000088c00000|100%| O|  |TAMS 0x0000000088b00000, 0x0000000088c00000| Untracked 
|  68|0x0000000088c00000, 0x0000000088d00000, 0x0000000088d00000|100%| O|  |TAMS 0x0000000088c00000, 0x0000000088d00000| Untracked 
|  69|0x0000000088d00000, 0x0000000088e00000, 0x0000000088e00000|100%| O|  |TAMS 0x0000000088d00000, 0x0000000088e00000| Untracked 
|  70|0x0000000088e00000, 0x0000000088f00000, 0x0000000088f00000|100%| O|  |TAMS 0x0000000088e00000, 0x0000000088f00000| Untracked 
|  71|0x0000000088f00000, 0x0000000089000000, 0x0000000089000000|100%| O|  |TAMS 0x0000000088f00000, 0x0000000089000000| Untracked 
|  72|0x0000000089000000, 0x0000000089100000, 0x0000000089100000|100%| O|  |TAMS 0x0000000089000000, 0x0000000089100000| Untracked 
|  73|0x0000000089100000, 0x0000000089200000, 0x0000000089200000|100%| O|  |TAMS 0x0000000089100000, 0x0000000089200000| Untracked 
|  74|0x0000000089200000, 0x0000000089300000, 0x0000000089300000|100%| O|  |TAMS 0x0000000089200000, 0x0000000089300000| Untracked 
|  75|0x0000000089300000, 0x0000000089400000, 0x0000000089400000|100%| O|  |TAMS 0x0000000089300000, 0x0000000089400000| Untracked 
|  76|0x0000000089400000, 0x0000000089500000, 0x0000000089500000|100%| O|  |TAMS 0x0000000089400000, 0x0000000089500000| Untracked 
|  77|0x0000000089500000, 0x0000000089600000, 0x0000000089600000|100%|HS|  |TAMS 0x0000000089500000, 0x0000000089600000| Complete 
|  78|0x0000000089600000, 0x0000000089700000, 0x0000000089700000|100%|HC|  |TAMS 0x0000000089600000, 0x0000000089700000| Complete 
|  79|0x0000000089700000, 0x0000000089800000, 0x0000000089800000|100%| O|  |TAMS 0x0000000089700000, 0x0000000089800000| Untracked 
|  80|0x0000000089800000, 0x0000000089900000, 0x0000000089900000|100%| O|  |TAMS 0x0000000089800000, 0x0000000089900000| Untracked 
|  81|0x0000000089900000, 0x0000000089a00000, 0x0000000089a00000|100%| O|  |TAMS 0x0000000089900000, 0x0000000089a00000| Untracked 
|  82|0x0000000089a00000, 0x0000000089b00000, 0x0000000089b00000|100%| O|  |TAMS 0x0000000089a00000, 0x0000000089b00000| Untracked 
|  83|0x0000000089b00000, 0x0000000089c00000, 0x0000000089c00000|100%| O|  |TAMS 0x0000000089b00000, 0x0000000089c00000| Untracked 
|  84|0x0000000089c00000, 0x0000000089d00000, 0x0000000089d00000|100%| O|  |TAMS 0x0000000089c00000, 0x0000000089d00000| Untracked 
|  85|0x0000000089d00000, 0x0000000089e00000, 0x0000000089e00000|100%| O|  |TAMS 0x0000000089d00000, 0x0000000089e00000| Untracked 
|  86|0x0000000089e00000, 0x0000000089f00000, 0x0000000089f00000|100%| O|  |TAMS 0x0000000089e00000, 0x0000000089f00000| Untracked 
|  87|0x0000000089f00000, 0x000000008a000000, 0x000000008a000000|100%| O|  |TAMS 0x0000000089f00000, 0x000000008a000000| Untracked 
|  88|0x000000008a000000, 0x000000008a100000, 0x000000008a100000|100%| O|  |TAMS 0x000000008a000000, 0x000000008a100000| Untracked 
|  89|0x000000008a100000, 0x000000008a200000, 0x000000008a200000|100%| O|  |TAMS 0x000000008a100000, 0x000000008a200000| Untracked 
|  90|0x000000008a200000, 0x000000008a300000, 0x000000008a300000|100%| O|  |TAMS 0x000000008a200000, 0x000000008a300000| Untracked 
|  91|0x000000008a300000, 0x000000008a400000, 0x000000008a400000|100%| O|  |TAMS 0x000000008a300000, 0x000000008a400000| Untracked 
|  92|0x000000008a400000, 0x000000008a500000, 0x000000008a500000|100%| O|  |TAMS 0x000000008a400000, 0x000000008a500000| Untracked 
|  93|0x000000008a500000, 0x000000008a600000, 0x000000008a600000|100%| O|  |TAMS 0x000000008a500000, 0x000000008a600000| Untracked 
|  94|0x000000008a600000, 0x000000008a700000, 0x000000008a700000|100%| O|  |TAMS 0x000000008a600000, 0x000000008a700000| Untracked 
|  95|0x000000008a700000, 0x000000008a800000, 0x000000008a800000|100%| O|  |TAMS 0x000000008a700000, 0x000000008a800000| Untracked 
|  96|0x000000008a800000, 0x000000008a900000, 0x000000008a900000|100%| O|  |TAMS 0x000000008a800000, 0x000000008a900000| Untracked 
|  97|0x000000008a900000, 0x000000008aa00000, 0x000000008aa00000|100%| O|  |TAMS 0x000000008a900000, 0x000000008aa00000| Untracked 
|  98|0x000000008aa00000, 0x000000008ab00000, 0x000000008ab00000|100%| O|  |TAMS 0x000000008aa00000, 0x000000008ab00000| Untracked 
|  99|0x000000008ab00000, 0x000000008ac00000, 0x000000008ac00000|100%| O|  |TAMS 0x000000008ab00000, 0x000000008ac00000| Untracked 
| 100|0x000000008ac00000, 0x000000008ad00000, 0x000000008ad00000|100%| O|  |TAMS 0x000000008ac00000, 0x000000008ad00000| Untracked 
| 101|0x000000008ad00000, 0x000000008ae00000, 0x000000008ae00000|100%| O|  |TAMS 0x000000008ad00000, 0x000000008ae00000| Untracked 
| 102|0x000000008ae00000, 0x000000008af00000, 0x000000008af00000|100%| O|  |TAMS 0x000000008ae00000, 0x000000008af00000| Untracked 
| 103|0x000000008af00000, 0x000000008b000000, 0x000000008b000000|100%| O|  |TAMS 0x000000008af00000, 0x000000008b000000| Untracked 
| 104|0x000000008b000000, 0x000000008b100000, 0x000000008b100000|100%| O|  |TAMS 0x000000008b000000, 0x000000008b100000| Untracked 
| 105|0x000000008b100000, 0x000000008b200000, 0x000000008b200000|100%| O|  |TAMS 0x000000008b100000, 0x000000008b200000| Untracked 
| 106|0x000000008b200000, 0x000000008b300000, 0x000000008b300000|100%| O|  |TAMS 0x000000008b200000, 0x000000008b300000| Untracked 
| 107|0x000000008b300000, 0x000000008b400000, 0x000000008b400000|100%| O|  |TAMS 0x000000008b300000, 0x000000008b400000| Untracked 
| 108|0x000000008b400000, 0x000000008b500000, 0x000000008b500000|100%| O|  |TAMS 0x000000008b400000, 0x000000008b500000| Untracked 
| 109|0x000000008b500000, 0x000000008b600000, 0x000000008b600000|100%| O|  |TAMS 0x000000008b500000, 0x000000008b600000| Untracked 
| 110|0x000000008b600000, 0x000000008b700000, 0x000000008b700000|100%| O|  |TAMS 0x000000008b600000, 0x000000008b700000| Untracked 
| 111|0x000000008b700000, 0x000000008b800000, 0x000000008b800000|100%| O|  |TAMS 0x000000008b700000, 0x000000008b800000| Untracked 
| 112|0x000000008b800000, 0x000000008b900000, 0x000000008b900000|100%| O|  |TAMS 0x000000008b800000, 0x000000008b900000| Untracked 
| 113|0x000000008b900000, 0x000000008ba00000, 0x000000008ba00000|100%| O|  |TAMS 0x000000008b900000, 0x000000008ba00000| Untracked 
| 114|0x000000008ba00000, 0x000000008bb00000, 0x000000008bb00000|100%| O|  |TAMS 0x000000008ba00000, 0x000000008bb00000| Untracked 
| 115|0x000000008bb00000, 0x000000008bc00000, 0x000000008bc00000|100%| O|  |TAMS 0x000000008bb00000, 0x000000008bc00000| Untracked 
| 116|0x000000008bc00000, 0x000000008bd00000, 0x000000008bd00000|100%| O|  |TAMS 0x000000008bc00000, 0x000000008bd00000| Untracked 
| 117|0x000000008bd00000, 0x000000008be00000, 0x000000008be00000|100%| O|  |TAMS 0x000000008bd00000, 0x000000008be00000| Untracked 
| 118|0x000000008be00000, 0x000000008bf00000, 0x000000008bf00000|100%| O|  |TAMS 0x000000008be00000, 0x000000008bf00000| Untracked 
| 119|0x000000008bf00000, 0x000000008c000000, 0x000000008c000000|100%| O|  |TAMS 0x000000008bf00000, 0x000000008c000000| Untracked 
| 120|0x000000008c000000, 0x000000008c100000, 0x000000008c100000|100%| O|  |TAMS 0x000000008c000000, 0x000000008c100000| Untracked 
| 121|0x000000008c100000, 0x000000008c200000, 0x000000008c200000|100%| O|  |TAMS 0x000000008c100000, 0x000000008c200000| Untracked 
| 122|0x000000008c200000, 0x000000008c300000, 0x000000008c300000|100%| O|  |TAMS 0x000000008c200000, 0x000000008c300000| Untracked 
| 123|0x000000008c300000, 0x000000008c400000, 0x000000008c400000|100%| O|  |TAMS 0x000000008c300000, 0x000000008c310200| Untracked 
| 124|0x000000008c400000, 0x000000008c500000, 0x000000008c500000|100%| O|  |TAMS 0x000000008c400000, 0x000000008c400000| Untracked 
| 125|0x000000008c500000, 0x000000008c600000, 0x000000008c600000|100%| O|  |TAMS 0x000000008c500000, 0x000000008c500000| Untracked 
| 126|0x000000008c600000, 0x000000008c700000, 0x000000008c700000|100%| O|  |TAMS 0x000000008c600000, 0x000000008c600000| Untracked 
| 127|0x000000008c700000, 0x000000008c800000, 0x000000008c800000|100%| O|  |TAMS 0x000000008c700000, 0x000000008c700000| Untracked 
| 128|0x000000008c800000, 0x000000008c900000, 0x000000008c900000|100%| O|  |TAMS 0x000000008c800000, 0x000000008c800000| Untracked 
| 129|0x000000008c900000, 0x000000008ca00000, 0x000000008ca00000|100%| O|  |TAMS 0x000000008c900000, 0x000000008c900000| Untracked 
| 130|0x000000008ca00000, 0x000000008cb00000, 0x000000008cb00000|100%| O|  |TAMS 0x000000008ca00000, 0x000000008ca00000| Untracked 
| 131|0x000000008cb00000, 0x000000008cc00000, 0x000000008cc00000|100%| O|  |TAMS 0x000000008cb00000, 0x000000008cb00000| Untracked 
| 132|0x000000008cc00000, 0x000000008cd00000, 0x000000008cd00000|100%| O|  |TAMS 0x000000008cc00000, 0x000000008cc00000| Untracked 
| 133|0x000000008cd00000, 0x000000008ce00000, 0x000000008ce00000|100%| O|  |TAMS 0x000000008cd00000, 0x000000008cd00000| Untracked 
| 134|0x000000008ce00000, 0x000000008ced1c00, 0x000000008cf00000| 81%| O|  |TAMS 0x000000008ce00000, 0x000000008ce00000| Untracked 
| 135|0x000000008cf00000, 0x000000008cf00000, 0x000000008d000000|  0%| F|  |TAMS 0x000000008cf00000, 0x000000008cf00000| Untracked 
| 136|0x000000008d000000, 0x000000008d000000, 0x000000008d100000|  0%| F|  |TAMS 0x000000008d000000, 0x000000008d000000| Untracked 
| 137|0x000000008d100000, 0x000000008d100000, 0x000000008d200000|  0%| F|  |TAMS 0x000000008d100000, 0x000000008d100000| Untracked 
| 138|0x000000008d200000, 0x000000008d200000, 0x000000008d300000|  0%| F|  |TAMS 0x000000008d200000, 0x000000008d200000| Untracked 
| 139|0x000000008d300000, 0x000000008d300000, 0x000000008d400000|  0%| F|  |TAMS 0x000000008d300000, 0x000000008d300000| Untracked 
| 140|0x000000008d400000, 0x000000008d400000, 0x000000008d500000|  0%| F|  |TAMS 0x000000008d400000, 0x000000008d400000| Untracked 
| 141|0x000000008d500000, 0x000000008d500000, 0x000000008d600000|  0%| F|  |TAMS 0x000000008d500000, 0x000000008d500000| Untracked 
| 142|0x000000008d600000, 0x000000008d600000, 0x000000008d700000|  0%| F|  |TAMS 0x000000008d600000, 0x000000008d600000| Untracked 
| 143|0x000000008d700000, 0x000000008d700000, 0x000000008d800000|  0%| F|  |TAMS 0x000000008d700000, 0x000000008d700000| Untracked 
| 144|0x000000008d800000, 0x000000008d800000, 0x000000008d900000|  0%| F|  |TAMS 0x000000008d800000, 0x000000008d800000| Untracked 
| 145|0x000000008d900000, 0x000000008d900000, 0x000000008da00000|  0%| F|  |TAMS 0x000000008d900000, 0x000000008d900000| Untracked 
| 146|0x000000008da00000, 0x000000008da00000, 0x000000008db00000|  0%| F|  |TAMS 0x000000008da00000, 0x000000008da00000| Untracked 
| 147|0x000000008db00000, 0x000000008db00000, 0x000000008dc00000|  0%| F|  |TAMS 0x000000008db00000, 0x000000008db00000| Untracked 
| 148|0x000000008dc00000, 0x000000008dc00000, 0x000000008dd00000|  0%| F|  |TAMS 0x000000008dc00000, 0x000000008dc00000| Untracked 
| 149|0x000000008dd00000, 0x000000008dd00000, 0x000000008de00000|  0%| F|  |TAMS 0x000000008dd00000, 0x000000008dd00000| Untracked 
| 150|0x000000008de00000, 0x000000008de00000, 0x000000008df00000|  0%| F|  |TAMS 0x000000008de00000, 0x000000008de00000| Untracked 
| 151|0x000000008df00000, 0x000000008df00000, 0x000000008e000000|  0%| F|  |TAMS 0x000000008df00000, 0x000000008df00000| Untracked 
| 152|0x000000008e000000, 0x000000008e000000, 0x000000008e100000|  0%| F|  |TAMS 0x000000008e000000, 0x000000008e000000| Untracked 
| 153|0x000000008e100000, 0x000000008e100000, 0x000000008e200000|  0%| F|  |TAMS 0x000000008e100000, 0x000000008e100000| Untracked 
| 154|0x000000008e200000, 0x000000008e200000, 0x000000008e300000|  0%| F|  |TAMS 0x000000008e200000, 0x000000008e200000| Untracked 
| 155|0x000000008e300000, 0x000000008e300000, 0x000000008e400000|  0%| F|  |TAMS 0x000000008e300000, 0x000000008e300000| Untracked 
| 156|0x000000008e400000, 0x000000008e400000, 0x000000008e500000|  0%| F|  |TAMS 0x000000008e400000, 0x000000008e400000| Untracked 
| 157|0x000000008e500000, 0x000000008e500000, 0x000000008e600000|  0%| F|  |TAMS 0x000000008e500000, 0x000000008e500000| Untracked 
| 158|0x000000008e600000, 0x000000008e600000, 0x000000008e700000|  0%| F|  |TAMS 0x000000008e600000, 0x000000008e600000| Untracked 
| 159|0x000000008e700000, 0x000000008e700000, 0x000000008e800000|  0%| F|  |TAMS 0x000000008e700000, 0x000000008e700000| Untracked 
| 160|0x000000008e800000, 0x000000008e800000, 0x000000008e900000|  0%| F|  |TAMS 0x000000008e800000, 0x000000008e800000| Untracked 
| 161|0x000000008e900000, 0x000000008e900000, 0x000000008ea00000|  0%| F|  |TAMS 0x000000008e900000, 0x000000008e900000| Untracked 
| 162|0x000000008ea00000, 0x000000008ea00000, 0x000000008eb00000|  0%| F|  |TAMS 0x000000008ea00000, 0x000000008ea00000| Untracked 
| 163|0x000000008eb00000, 0x000000008eb00000, 0x000000008ec00000|  0%| F|  |TAMS 0x000000008eb00000, 0x000000008eb00000| Untracked 
| 164|0x000000008ec00000, 0x000000008ec00000, 0x000000008ed00000|  0%| F|  |TAMS 0x000000008ec00000, 0x000000008ec00000| Untracked 
| 165|0x000000008ed00000, 0x000000008ed00000, 0x000000008ee00000|  0%| F|  |TAMS 0x000000008ed00000, 0x000000008ed00000| Untracked 
| 166|0x000000008ee00000, 0x000000008ee00000, 0x000000008ef00000|  0%| F|  |TAMS 0x000000008ee00000, 0x000000008ee00000| Untracked 
| 167|0x000000008ef00000, 0x000000008ef00000, 0x000000008f000000|  0%| F|  |TAMS 0x000000008ef00000, 0x000000008ef00000| Untracked 
| 168|0x000000008f000000, 0x000000008f000000, 0x000000008f100000|  0%| F|  |TAMS 0x000000008f000000, 0x000000008f000000| Untracked 
| 169|0x000000008f100000, 0x000000008f100000, 0x000000008f200000|  0%| F|  |TAMS 0x000000008f100000, 0x000000008f100000| Untracked 
| 170|0x000000008f200000, 0x000000008f200000, 0x000000008f300000|  0%| F|  |TAMS 0x000000008f200000, 0x000000008f200000| Untracked 
| 171|0x000000008f300000, 0x000000008f300000, 0x000000008f400000|  0%| F|  |TAMS 0x000000008f300000, 0x000000008f300000| Untracked 
| 172|0x000000008f400000, 0x000000008f400000, 0x000000008f500000|  0%| F|  |TAMS 0x000000008f400000, 0x000000008f400000| Untracked 
| 173|0x000000008f500000, 0x000000008f500000, 0x000000008f600000|  0%| F|  |TAMS 0x000000008f500000, 0x000000008f500000| Untracked 
| 174|0x000000008f600000, 0x000000008f600000, 0x000000008f700000|  0%| F|  |TAMS 0x000000008f600000, 0x000000008f600000| Untracked 
| 175|0x000000008f700000, 0x000000008f700000, 0x000000008f800000|  0%| F|  |TAMS 0x000000008f700000, 0x000000008f700000| Untracked 
| 176|0x000000008f800000, 0x000000008f800000, 0x000000008f900000|  0%| F|  |TAMS 0x000000008f800000, 0x000000008f800000| Untracked 
| 177|0x000000008f900000, 0x000000008f900000, 0x000000008fa00000|  0%| F|  |TAMS 0x000000008f900000, 0x000000008f900000| Untracked 
| 178|0x000000008fa00000, 0x000000008fa00000, 0x000000008fb00000|  0%| F|  |TAMS 0x000000008fa00000, 0x000000008fa00000| Untracked 
| 179|0x000000008fb00000, 0x000000008fb00000, 0x000000008fc00000|  0%| F|  |TAMS 0x000000008fb00000, 0x000000008fb00000| Untracked 
| 180|0x000000008fc00000, 0x000000008fc00000, 0x000000008fd00000|  0%| F|  |TAMS 0x000000008fc00000, 0x000000008fc00000| Untracked 
| 181|0x000000008fd00000, 0x000000008fd00000, 0x000000008fe00000|  0%| F|  |TAMS 0x000000008fd00000, 0x000000008fd00000| Untracked 
| 182|0x000000008fe00000, 0x000000008fe00000, 0x000000008ff00000|  0%| F|  |TAMS 0x000000008fe00000, 0x000000008fe00000| Untracked 
| 183|0x000000008ff00000, 0x000000008ff00000, 0x0000000090000000|  0%| F|  |TAMS 0x000000008ff00000, 0x000000008ff00000| Untracked 
| 184|0x0000000090000000, 0x0000000090000000, 0x0000000090100000|  0%| F|  |TAMS 0x0000000090000000, 0x0000000090000000| Untracked 
| 185|0x0000000090100000, 0x0000000090100000, 0x0000000090200000|  0%| F|  |TAMS 0x0000000090100000, 0x0000000090100000| Untracked 
| 186|0x0000000090200000, 0x0000000090200000, 0x0000000090300000|  0%| F|  |TAMS 0x0000000090200000, 0x0000000090200000| Untracked 
| 187|0x0000000090300000, 0x0000000090300000, 0x0000000090400000|  0%| F|  |TAMS 0x0000000090300000, 0x0000000090300000| Untracked 
| 188|0x0000000090400000, 0x0000000090400000, 0x0000000090500000|  0%| F|  |TAMS 0x0000000090400000, 0x0000000090400000| Untracked 
| 189|0x0000000090500000, 0x0000000090500000, 0x0000000090600000|  0%| F|  |TAMS 0x0000000090500000, 0x0000000090500000| Untracked 
| 190|0x0000000090600000, 0x0000000090600000, 0x0000000090700000|  0%| F|  |TAMS 0x0000000090600000, 0x0000000090600000| Untracked 
| 191|0x0000000090700000, 0x0000000090700000, 0x0000000090800000|  0%| F|  |TAMS 0x0000000090700000, 0x0000000090700000| Untracked 
| 192|0x0000000090800000, 0x0000000090800000, 0x0000000090900000|  0%| F|  |TAMS 0x0000000090800000, 0x0000000090800000| Untracked 
| 193|0x0000000090900000, 0x0000000090900000, 0x0000000090a00000|  0%| F|  |TAMS 0x0000000090900000, 0x0000000090900000| Untracked 
| 194|0x0000000090a00000, 0x0000000090a00000, 0x0000000090b00000|  0%| F|  |TAMS 0x0000000090a00000, 0x0000000090a00000| Untracked 
| 195|0x0000000090b00000, 0x0000000090b00000, 0x0000000090c00000|  0%| F|  |TAMS 0x0000000090b00000, 0x0000000090b00000| Untracked 
| 196|0x0000000090c00000, 0x0000000090c00000, 0x0000000090d00000|  0%| F|  |TAMS 0x0000000090c00000, 0x0000000090c00000| Untracked 
| 197|0x0000000090d00000, 0x0000000090d00000, 0x0000000090e00000|  0%| F|  |TAMS 0x0000000090d00000, 0x0000000090d00000| Untracked 
| 198|0x0000000090e00000, 0x0000000090e82640, 0x0000000090f00000| 50%| S|CS|TAMS 0x0000000090e00000, 0x0000000090e00000| Complete 
| 199|0x0000000090f00000, 0x0000000091000000, 0x0000000091000000|100%| S|CS|TAMS 0x0000000090f00000, 0x0000000090f00000| Complete 
| 200|0x0000000091000000, 0x0000000091000000, 0x0000000091100000|  0%| F|  |TAMS 0x0000000091000000, 0x0000000091000000| Untracked 
| 201|0x0000000091100000, 0x0000000091100000, 0x0000000091200000|  0%| F|  |TAMS 0x0000000091100000, 0x0000000091100000| Untracked 
| 202|0x0000000091200000, 0x0000000091200000, 0x0000000091300000|  0%| F|  |TAMS 0x0000000091200000, 0x0000000091200000| Untracked 
| 203|0x0000000091300000, 0x0000000091300000, 0x0000000091400000|  0%| F|  |TAMS 0x0000000091300000, 0x0000000091300000| Untracked 
| 204|0x0000000091400000, 0x0000000091400000, 0x0000000091500000|  0%| F|  |TAMS 0x0000000091400000, 0x0000000091400000| Untracked 
| 205|0x0000000091500000, 0x0000000091500000, 0x0000000091600000|  0%| F|  |TAMS 0x0000000091500000, 0x0000000091500000| Untracked 
| 206|0x0000000091600000, 0x0000000091600000, 0x0000000091700000|  0%| F|  |TAMS 0x0000000091600000, 0x0000000091600000| Untracked 
| 207|0x0000000091700000, 0x0000000091700000, 0x0000000091800000|  0%| F|  |TAMS 0x0000000091700000, 0x0000000091700000| Untracked 
| 208|0x0000000091800000, 0x0000000091800000, 0x0000000091900000|  0%| F|  |TAMS 0x0000000091800000, 0x0000000091800000| Untracked 
| 209|0x0000000091900000, 0x0000000091900000, 0x0000000091a00000|  0%| F|  |TAMS 0x0000000091900000, 0x0000000091900000| Untracked 
| 210|0x0000000091a00000, 0x0000000091b00000, 0x0000000091b00000|100%| S|CS|TAMS 0x0000000091a00000, 0x0000000091a00000| Complete 
| 211|0x0000000091b00000, 0x0000000091c00000, 0x0000000091c00000|100%| S|CS|TAMS 0x0000000091b00000, 0x0000000091b00000| Complete 
| 212|0x0000000091c00000, 0x0000000091d00000, 0x0000000091d00000|100%| S|CS|TAMS 0x0000000091c00000, 0x0000000091c00000| Complete 
| 213|0x0000000091d00000, 0x0000000091d00000, 0x0000000091e00000|  0%| F|  |TAMS 0x0000000091d00000, 0x0000000091d00000| Untracked 
| 214|0x0000000091e00000, 0x0000000091e00000, 0x0000000091f00000|  0%| F|  |TAMS 0x0000000091e00000, 0x0000000091e00000| Untracked 
| 215|0x0000000091f00000, 0x0000000091f00000, 0x0000000092000000|  0%| F|  |TAMS 0x0000000091f00000, 0x0000000091f00000| Untracked 
| 216|0x0000000092000000, 0x0000000092000000, 0x0000000092100000|  0%| F|  |TAMS 0x0000000092000000, 0x0000000092000000| Untracked 
| 217|0x0000000092100000, 0x0000000092100000, 0x0000000092200000|  0%| F|  |TAMS 0x0000000092100000, 0x0000000092100000| Untracked 
| 218|0x0000000092200000, 0x0000000092200000, 0x0000000092300000|  0%| F|  |TAMS 0x0000000092200000, 0x0000000092200000| Untracked 
| 219|0x0000000092300000, 0x0000000092300000, 0x0000000092400000|  0%| F|  |TAMS 0x0000000092300000, 0x0000000092300000| Untracked 
| 220|0x0000000092400000, 0x0000000092400000, 0x0000000092500000|  0%| F|  |TAMS 0x0000000092400000, 0x0000000092400000| Untracked 
| 221|0x0000000092500000, 0x0000000092500000, 0x0000000092600000|  0%| F|  |TAMS 0x0000000092500000, 0x0000000092500000| Untracked 
| 222|0x0000000092600000, 0x0000000092600000, 0x0000000092700000|  0%| F|  |TAMS 0x0000000092600000, 0x0000000092600000| Untracked 
| 223|0x0000000092700000, 0x0000000092700000, 0x0000000092800000|  0%| F|  |TAMS 0x0000000092700000, 0x0000000092700000| Untracked 
| 224|0x0000000092800000, 0x0000000092800000, 0x0000000092900000|  0%| F|  |TAMS 0x0000000092800000, 0x0000000092800000| Untracked 
| 225|0x0000000092900000, 0x0000000092900000, 0x0000000092a00000|  0%| F|  |TAMS 0x0000000092900000, 0x0000000092900000| Untracked 
| 226|0x0000000092a00000, 0x0000000092a00000, 0x0000000092b00000|  0%| F|  |TAMS 0x0000000092a00000, 0x0000000092a00000| Untracked 
| 227|0x0000000092b00000, 0x0000000092b00000, 0x0000000092c00000|  0%| F|  |TAMS 0x0000000092b00000, 0x0000000092b00000| Untracked 
| 228|0x0000000092c00000, 0x0000000092c00000, 0x0000000092d00000|  0%| F|  |TAMS 0x0000000092c00000, 0x0000000092c00000| Untracked 
| 229|0x0000000092d00000, 0x0000000092d00000, 0x0000000092e00000|  0%| F|  |TAMS 0x0000000092d00000, 0x0000000092d00000| Untracked 
| 230|0x0000000092e00000, 0x0000000092e00000, 0x0000000092f00000|  0%| F|  |TAMS 0x0000000092e00000, 0x0000000092e00000| Untracked 
| 231|0x0000000092f00000, 0x0000000092f00000, 0x0000000093000000|  0%| F|  |TAMS 0x0000000092f00000, 0x0000000092f00000| Untracked 
| 232|0x0000000093000000, 0x0000000093000000, 0x0000000093100000|  0%| F|  |TAMS 0x0000000093000000, 0x0000000093000000| Untracked 
| 233|0x0000000093100000, 0x0000000093100000, 0x0000000093200000|  0%| F|  |TAMS 0x0000000093100000, 0x0000000093100000| Untracked 
| 234|0x0000000093200000, 0x0000000093200000, 0x0000000093300000|  0%| F|  |TAMS 0x0000000093200000, 0x0000000093200000| Untracked 
| 235|0x0000000093300000, 0x0000000093300000, 0x0000000093400000|  0%| F|  |TAMS 0x0000000093300000, 0x0000000093300000| Untracked 
| 236|0x0000000093400000, 0x0000000093400000, 0x0000000093500000|  0%| F|  |TAMS 0x0000000093400000, 0x0000000093400000| Untracked 
| 237|0x0000000093500000, 0x0000000093500000, 0x0000000093600000|  0%| F|  |TAMS 0x0000000093500000, 0x0000000093500000| Untracked 
| 238|0x0000000093600000, 0x0000000093600000, 0x0000000093700000|  0%| F|  |TAMS 0x0000000093600000, 0x0000000093600000| Untracked 
| 239|0x0000000093700000, 0x0000000093700000, 0x0000000093800000|  0%| F|  |TAMS 0x0000000093700000, 0x0000000093700000| Untracked 
| 240|0x0000000093800000, 0x0000000093800000, 0x0000000093900000|  0%| F|  |TAMS 0x0000000093800000, 0x0000000093800000| Untracked 
| 241|0x0000000093900000, 0x0000000093900000, 0x0000000093a00000|  0%| F|  |TAMS 0x0000000093900000, 0x0000000093900000| Untracked 
| 242|0x0000000093a00000, 0x0000000093a00000, 0x0000000093b00000|  0%| F|  |TAMS 0x0000000093a00000, 0x0000000093a00000| Untracked 
| 243|0x0000000093b00000, 0x0000000093b00000, 0x0000000093c00000|  0%| F|  |TAMS 0x0000000093b00000, 0x0000000093b00000| Untracked 
| 244|0x0000000093c00000, 0x0000000093c00000, 0x0000000093d00000|  0%| F|  |TAMS 0x0000000093c00000, 0x0000000093c00000| Untracked 
| 245|0x0000000093d00000, 0x0000000093d00000, 0x0000000093e00000|  0%| F|  |TAMS 0x0000000093d00000, 0x0000000093d00000| Untracked 
| 246|0x0000000093e00000, 0x0000000093e00000, 0x0000000093f00000|  0%| F|  |TAMS 0x0000000093e00000, 0x0000000093e00000| Untracked 
| 247|0x0000000093f00000, 0x0000000093f00000, 0x0000000094000000|  0%| F|  |TAMS 0x0000000093f00000, 0x0000000093f00000| Untracked 
| 248|0x0000000094000000, 0x0000000094000000, 0x0000000094100000|  0%| F|  |TAMS 0x0000000094000000, 0x0000000094000000| Untracked 
| 249|0x0000000094100000, 0x0000000094100000, 0x0000000094200000|  0%| F|  |TAMS 0x0000000094100000, 0x0000000094100000| Untracked 
| 250|0x0000000094200000, 0x0000000094200000, 0x0000000094300000|  0%| F|  |TAMS 0x0000000094200000, 0x0000000094200000| Untracked 
| 251|0x0000000094300000, 0x0000000094300000, 0x0000000094400000|  0%| F|  |TAMS 0x0000000094300000, 0x0000000094300000| Untracked 
| 252|0x0000000094400000, 0x0000000094400000, 0x0000000094500000|  0%| F|  |TAMS 0x0000000094400000, 0x0000000094400000| Untracked 
| 253|0x0000000094500000, 0x0000000094500000, 0x0000000094600000|  0%| F|  |TAMS 0x0000000094500000, 0x0000000094500000| Untracked 
| 254|0x0000000094600000, 0x0000000094600000, 0x0000000094700000|  0%| F|  |TAMS 0x0000000094600000, 0x0000000094600000| Untracked 
| 255|0x0000000094700000, 0x0000000094700000, 0x0000000094800000|  0%| F|  |TAMS 0x0000000094700000, 0x0000000094700000| Untracked 
| 256|0x0000000094800000, 0x0000000094800000, 0x0000000094900000|  0%| F|  |TAMS 0x0000000094800000, 0x0000000094800000| Untracked 
| 257|0x0000000094900000, 0x0000000094900000, 0x0000000094a00000|  0%| F|  |TAMS 0x0000000094900000, 0x0000000094900000| Untracked 
| 258|0x0000000094a00000, 0x0000000094a00000, 0x0000000094b00000|  0%| F|  |TAMS 0x0000000094a00000, 0x0000000094a00000| Untracked 
| 259|0x0000000094b00000, 0x0000000094b00000, 0x0000000094c00000|  0%| F|  |TAMS 0x0000000094b00000, 0x0000000094b00000| Untracked 
| 260|0x0000000094c00000, 0x0000000094c00000, 0x0000000094d00000|  0%| F|  |TAMS 0x0000000094c00000, 0x0000000094c00000| Untracked 
| 261|0x0000000094d00000, 0x0000000094d00000, 0x0000000094e00000|  0%| F|  |TAMS 0x0000000094d00000, 0x0000000094d00000| Untracked 
| 262|0x0000000094e00000, 0x0000000094e00000, 0x0000000094f00000|  0%| F|  |TAMS 0x0000000094e00000, 0x0000000094e00000| Untracked 
| 263|0x0000000094f00000, 0x0000000094f00000, 0x0000000095000000|  0%| F|  |TAMS 0x0000000094f00000, 0x0000000094f00000| Untracked 
| 264|0x0000000095000000, 0x0000000095000000, 0x0000000095100000|  0%| F|  |TAMS 0x0000000095000000, 0x0000000095000000| Untracked 
| 265|0x0000000095100000, 0x0000000095100000, 0x0000000095200000|  0%| F|  |TAMS 0x0000000095100000, 0x0000000095100000| Untracked 
| 266|0x0000000095200000, 0x0000000095200000, 0x0000000095300000|  0%| F|  |TAMS 0x0000000095200000, 0x0000000095200000| Untracked 
| 267|0x0000000095300000, 0x0000000095300000, 0x0000000095400000|  0%| F|  |TAMS 0x0000000095300000, 0x0000000095300000| Untracked 
| 268|0x0000000095400000, 0x0000000095400000, 0x0000000095500000|  0%| F|  |TAMS 0x0000000095400000, 0x0000000095400000| Untracked 
| 269|0x0000000095500000, 0x0000000095500000, 0x0000000095600000|  0%| F|  |TAMS 0x0000000095500000, 0x0000000095500000| Untracked 
| 270|0x0000000095600000, 0x0000000095600000, 0x0000000095700000|  0%| F|  |TAMS 0x0000000095600000, 0x0000000095600000| Untracked 

Card table byte_map: [0x0000016733150000,0x0000016733530000] _byte_map_base: 0x0000016732d2c000

Marking Bits (Prev, Next): (CMBitMap*) 0x0000016728415c90, (CMBitMap*) 0x0000016728415cd0
 Prev Bits: [0x0000016733910000, 0x00000167357f0000)
 Next Bits: [0x00000167357f0000, 0x00000167376d0000)

Polling page: 0x0000016726560000

Metaspace:

Usage:
  Non-class:     57.95 MB used.
      Class:     10.29 MB used.
       Both:     68.23 MB used.

Virtual space:
  Non-class space:       64.00 MB reserved,      58.31 MB ( 91%) committed,  1 nodes.
      Class space:        1.00 GB reserved,      10.56 MB (  1%) committed,  1 nodes.
             Both:        1.06 GB reserved,      68.88 MB (  6%) committed. 

Chunk freelists:
   Non-Class:  4.98 MB
       Class:  5.39 MB
        Both:  10.38 MB

MaxMetaspaceSize: unlimited
CompressedClassSpaceSize: 1.00 GB
Initial GC threshold: 21.00 MB
Current GC threshold: 107.44 MB
CDS: on
MetaspaceReclaimPolicy: balanced
 - commit_granule_bytes: 65536.
 - commit_granule_words: 8192.
 - virtual_space_node_default_size: 8388608.
 - enlarge_chunks_in_place: 1.
 - new_chunks_are_fully_committed: 0.
 - uncommit_free_chunks: 1.
 - use_allocation_guard: 0.
 - handle_deallocations: 1.


Internal statistics:

num_allocs_failed_limit: 11.
num_arena_births: 972.
num_arena_deaths: 30.
num_vsnodes_births: 2.
num_vsnodes_deaths: 0.
num_space_committed: 1102.
num_space_uncommitted: 0.
num_chunks_returned_to_freelist: 55.
num_chunks_taken_from_freelist: 3681.
num_chunk_merges: 15.
num_chunk_splits: 2608.
num_chunks_enlarged: 1985.
num_inconsistent_stats: 0.

CodeCache: size=49152Kb used=12437Kb max_used=12437Kb free=36714Kb
 bounds [0x000001672fc60000, 0x0000016730890000, 0x0000016732c60000]
 total_blobs=7271 nmethods=6594 adapters=601
 compilation: enabled
              stopped_count=0, restarted_count=0
 full_count=0

Compilation events (20 events):
Event: 18.322 Thread 0x00000167010a3610 6585       1       java.lang.invoke.MethodHandle::spreadArrayChecks (89 bytes)
Event: 18.325 Thread 0x00000167010a3610 nmethod 6585 0x0000016730881690 code [0x0000016730881980, 0x00000167308822d8]
Event: 18.374 Thread 0x000001673a0bf000 6586       1       java.lang.invoke.MethodHandle::asCollectorChecks (74 bytes)
Event: 18.375 Thread 0x000001673a0bf000 nmethod 6586 0x0000016730882810 code [0x0000016730882a00, 0x0000016730882d28]
Event: 18.378 Thread 0x00000167010a3610 6588       1       org.springframework.beans.PropertyEditorRegistrySupport::useConfigValueEditors (6 bytes)
Event: 18.378 Thread 0x000001673a0bf000 6587       1       org.springframework.beans.factory.support.AbstractBeanFactory::registerCustomEditors (113 bytes)
Event: 18.378 Thread 0x000001673a08a110 6589       1       org.springframework.beans.factory.support.AbstractBeanFactory$BeanFactoryDefaultEditorRegistrar::<init> (10 bytes)
Event: 18.378 Thread 0x00000167010a3610 nmethod 6588 0x0000016730882f90 code [0x0000016730883120, 0x00000167308831f8]
Event: 18.378 Thread 0x000001673a08a110 nmethod 6589 0x0000016730883290 code [0x0000016730883420, 0x0000016730883538]
Event: 18.379 Thread 0x000001673a0bf000 nmethod 6587 0x0000016730883590 code [0x00000167308837a0, 0x0000016730883bf8]
Event: 18.380 Thread 0x000001673a08a110 6590       1       java.util.IdentityHashMap::<init> (44 bytes)
Event: 18.380 Thread 0x000001673a0bf000 6591       1       java.util.IdentityHashMap::capacity (29 bytes)
Event: 18.380 Thread 0x000001673a0bf000 nmethod 6591 0x0000016730883e10 code [0x0000016730883fa0, 0x00000167308840a8]
Event: 18.381 Thread 0x000001673a08a110 nmethod 6590 0x0000016730884190 code [0x0000016730884380, 0x00000167308848c8]
Event: 18.386 Thread 0x000001673a0bf000 6592       1       org.springframework.util.CollectionUtils::computeInitialCapacity (11 bytes)
Event: 18.386 Thread 0x00000167010a3610 6593       1       java.lang.Math::ceil (5 bytes)
Event: 18.386 Thread 0x000001673a08a110 6594       1       java.lang.StrictMath::ceil (10 bytes)
Event: 18.386 Thread 0x000001673a08a110 nmethod 6594 0x0000016730884b10 code [0x0000016730884ce0, 0x0000016730884da8]
Event: 18.386 Thread 0x00000167010a3610 nmethod 6593 0x0000016730884e10 code [0x0000016730884fe0, 0x00000167308850a8]
Event: 18.386 Thread 0x000001673a0bf000 nmethod 6592 0x0000016730885190 code [0x0000016730885360, 0x0000016730885468]

GC Heap History (20 events):
Event: 14.426 GC heap after
{Heap after GC invocations=19 (full 0):
 garbage-first heap   total 81920K, used 37327K [0x0000000084800000, 0x0000000100000000)
  region size 1024K, 5 young (5120K), 5 survivors (5120K)
 Metaspace       used 63619K, committed 64256K, reserved 1114112K
  class space    used 9477K, committed 9728K, reserved 1048576K
}
Event: 14.498 GC heap before
{Heap before GC invocations=19 (full 0):
 garbage-first heap   total 81920K, used 61903K [0x0000000084800000, 0x0000000100000000)
  region size 1024K, 29 young (29696K), 5 survivors (5120K)
 Metaspace       used 63619K, committed 64256K, reserved 1114112K
  class space    used 9477K, committed 9728K, reserved 1048576K
}
Event: 14.508 GC heap after
{Heap after GC invocations=20 (full 0):
 garbage-first heap   total 81920K, used 45997K [0x0000000084800000, 0x0000000100000000)
  region size 1024K, 4 young (4096K), 4 survivors (4096K)
 Metaspace       used 63619K, committed 64256K, reserved 1114112K
  class space    used 9477K, committed 9728K, reserved 1048576K
}
Event: 14.536 GC heap before
{Heap before GC invocations=20 (full 0):
 garbage-first heap   total 81920K, used 52141K [0x0000000084800000, 0x0000000100000000)
  region size 1024K, 11 young (11264K), 4 survivors (4096K)
 Metaspace       used 63619K, committed 64256K, reserved 1114112K
  class space    used 9477K, committed 9728K, reserved 1048576K
}
Event: 14.542 GC heap after
{Heap after GC invocations=21 (full 0):
 garbage-first heap   total 129024K, used 49606K [0x0000000084800000, 0x0000000100000000)
  region size 1024K, 3 young (3072K), 3 survivors (3072K)
 Metaspace       used 63619K, committed 64256K, reserved 1114112K
  class space    used 9477K, committed 9728K, reserved 1048576K
}
Event: 14.692 GC heap before
{Heap before GC invocations=21 (full 0):
 garbage-first heap   total 129024K, used 87494K [0x0000000084800000, 0x0000000100000000)
  region size 1024K, 39 young (39936K), 3 survivors (3072K)
 Metaspace       used 63619K, committed 64256K, reserved 1114112K
  class space    used 9477K, committed 9728K, reserved 1048576K
}
Event: 14.705 GC heap after
{Heap after GC invocations=22 (full 0):
 garbage-first heap   total 129024K, used 62652K [0x0000000084800000, 0x0000000100000000)
  region size 1024K, 5 young (5120K), 5 survivors (5120K)
 Metaspace       used 63619K, committed 64256K, reserved 1114112K
  class space    used 9477K, committed 9728K, reserved 1048576K
}
Event: 14.997 GC heap before
{Heap before GC invocations=22 (full 0):
 garbage-first heap   total 129024K, used 90300K [0x0000000084800000, 0x0000000100000000)
  region size 1024K, 33 young (33792K), 5 survivors (5120K)
 Metaspace       used 65377K, committed 65984K, reserved 1114112K
  class space    used 9857K, committed 10112K, reserved 1048576K
}
Event: 15.007 GC heap after
{Heap after GC invocations=23 (full 0):
 garbage-first heap   total 129024K, used 70086K [0x0000000084800000, 0x0000000100000000)
  region size 1024K, 5 young (5120K), 5 survivors (5120K)
 Metaspace       used 65377K, committed 65984K, reserved 1114112K
  class space    used 9857K, committed 10112K, reserved 1048576K
}
Event: 15.136 GC heap before
{Heap before GC invocations=23 (full 0):
 garbage-first heap   total 143360K, used 92614K [0x0000000084800000, 0x0000000100000000)
  region size 1024K, 29 young (29696K), 5 survivors (5120K)
 Metaspace       used 65378K, committed 65984K, reserved 1114112K
  class space    used 9857K, committed 10112K, reserved 1048576K
}
Event: 15.146 GC heap after
{Heap after GC invocations=24 (full 0):
 garbage-first heap   total 143360K, used 75206K [0x0000000084800000, 0x0000000100000000)
  region size 1024K, 4 young (4096K), 4 survivors (4096K)
 Metaspace       used 65378K, committed 65984K, reserved 1114112K
  class space    used 9857K, committed 10112K, reserved 1048576K
}
Event: 15.231 GC heap before
{Heap before GC invocations=25 (full 0):
 garbage-first heap   total 143360K, used 104902K [0x0000000084800000, 0x0000000100000000)
  region size 1024K, 33 young (33792K), 4 survivors (4096K)
 Metaspace       used 65380K, committed 65984K, reserved 1114112K
  class space    used 9857K, committed 10112K, reserved 1048576K
}
Event: 15.240 GC heap after
{Heap after GC invocations=26 (full 0):
 garbage-first heap   total 277504K, used 76895K [0x0000000084800000, 0x0000000100000000)
  region size 1024K, 1 young (1024K), 1 survivors (1024K)
 Metaspace       used 65380K, committed 65984K, reserved 1114112K
  class space    used 9857K, committed 10112K, reserved 1048576K
}
Event: 15.278 GC heap before
{Heap before GC invocations=26 (full 0):
 garbage-first heap   total 277504K, used 89183K [0x0000000084800000, 0x0000000100000000)
  region size 1024K, 13 young (13312K), 1 survivors (1024K)
 Metaspace       used 65384K, committed 65984K, reserved 1114112K
  class space    used 9857K, committed 10112K, reserved 1048576K
}
Event: 15.282 GC heap after
{Heap after GC invocations=27 (full 0):
 garbage-first heap   total 277504K, used 78766K [0x0000000084800000, 0x0000000100000000)
  region size 1024K, 2 young (2048K), 2 survivors (2048K)
 Metaspace       used 65384K, committed 65984K, reserved 1114112K
  class space    used 9857K, committed 10112K, reserved 1048576K
}
Event: 16.200 GC heap before
{Heap before GC invocations=27 (full 0):
 garbage-first heap   total 277504K, used 188334K [0x0000000084800000, 0x0000000100000000)
  region size 1024K, 106 young (108544K), 2 survivors (2048K)
 Metaspace       used 65384K, committed 65984K, reserved 1114112K
  class space    used 9857K, committed 10112K, reserved 1048576K
}
Event: 16.239 GC heap after
{Heap after GC invocations=28 (full 0):
 garbage-first heap   total 277504K, used 123334K [0x0000000084800000, 0x0000000100000000)
  region size 1024K, 14 young (14336K), 14 survivors (14336K)
 Metaspace       used 65384K, committed 65984K, reserved 1114112K
  class space    used 9857K, committed 10112K, reserved 1048576K
}
Event: 16.580 GC heap before
{Heap before GC invocations=28 (full 0):
 garbage-first heap   total 277504K, used 184774K [0x0000000084800000, 0x0000000100000000)
  region size 1024K, 75 young (76800K), 14 survivors (14336K)
 Metaspace       used 66183K, committed 66880K, reserved 1114112K
  class space    used 10002K, committed 10304K, reserved 1048576K
}
Event: 16.604 GC heap after
{Heap after GC invocations=29 (full 0):
 garbage-first heap   total 277504K, used 135686K [0x0000000084800000, 0x0000000100000000)
  region size 1024K, 10 young (10240K), 10 survivors (10240K)
 Metaspace       used 66183K, committed 66880K, reserved 1114112K
  class space    used 10002K, committed 10304K, reserved 1048576K
}
Event: 18.426 GC heap before
{Heap before GC invocations=29 (full 0):
 garbage-first heap   total 277504K, used 195078K [0x0000000084800000, 0x0000000100000000)
  region size 1024K, 68 young (69632K), 10 survivors (10240K)
 Metaspace       used 69872K, committed 70528K, reserved 1114112K
  class space    used 10536K, committed 10816K, reserved 1048576K
}

Deoptimization events (0 events):
No events

Classes unloaded (15 events):
Event: 4.596 Thread 0x000001673a099750 Unloading class 0x000001673c0d4c00 'jdk/internal/reflect/GeneratedSerializationConstructorAccessor12'
Event: 4.596 Thread 0x000001673a099750 Unloading class 0x000001673c0d4400 'jdk/internal/reflect/GeneratedSerializationConstructorAccessor10'
Event: 4.596 Thread 0x000001673a099750 Unloading class 0x000001673c0d4000 'jdk/internal/reflect/GeneratedSerializationConstructorAccessor9'
Event: 4.596 Thread 0x000001673a099750 Unloading class 0x000001673c0d3400 'java/lang/invoke/LambdaForm$MH+0x000001673c0d3400'
Event: 4.596 Thread 0x000001673a099750 Unloading class 0x000001673c0d2c00 'java/lang/invoke/LambdaForm$MH+0x000001673c0d2c00'
Event: 4.596 Thread 0x000001673a099750 Unloading class 0x000001673c0d2000 'java/lang/invoke/LambdaForm$MH+0x000001673c0d2000'
Event: 4.596 Thread 0x000001673a099750 Unloading class 0x000001673c0d1800 'java/lang/invoke/LambdaForm$MH+0x000001673c0d1800'
Event: 4.596 Thread 0x000001673a099750 Unloading class 0x000001673c0d0c00 'java/lang/invoke/LambdaForm$MH+0x000001673c0d0c00'
Event: 4.596 Thread 0x000001673a099750 Unloading class 0x000001673c0d0400 'java/lang/invoke/LambdaForm$MH+0x000001673c0d0400'
Event: 4.596 Thread 0x000001673a099750 Unloading class 0x000001673c0cf800 'java/lang/invoke/LambdaForm$MH+0x000001673c0cf800'
Event: 4.596 Thread 0x000001673a099750 Unloading class 0x000001673c0cf000 'java/lang/invoke/LambdaForm$MH+0x000001673c0cf000'
Event: 4.596 Thread 0x000001673a099750 Unloading class 0x000001673c0ce800 'java/lang/invoke/LambdaForm$MH+0x000001673c0ce800'
Event: 4.596 Thread 0x000001673a099750 Unloading class 0x000001673c0ce000 'java/lang/invoke/LambdaForm$MH+0x000001673c0ce000'
Event: 4.596 Thread 0x000001673a099750 Unloading class 0x000001673c0cd800 'java/lang/invoke/LambdaForm$MH+0x000001673c0cd800'
Event: 4.596 Thread 0x000001673a099750 Unloading class 0x000001673c0cd000 'java/lang/invoke/LambdaForm$MH+0x000001673c0cd000'

Classes redefined (0 events):
No events

Internal exceptions (20 events):
Event: 13.602 Thread 0x00000167283ba450 Exception <a 'java/lang/reflect/InvocationTargetException'{0x00000000894088a8}> (0x00000000894088a8) 
thrown [s\open\src\hotspot\share\runtime\reflection.cpp, line 1121]
Event: 13.611 Thread 0x00000167283ba450 Exception <a 'java/lang/reflect/InvocationTargetException'{0x000000008943e360}> (0x000000008943e360) 
thrown [s\open\src\hotspot\share\runtime\reflection.cpp, line 1121]
Event: 13.618 Thread 0x00000167283ba450 Exception <a 'java/lang/reflect/InvocationTargetException'{0x0000000089461fd0}> (0x0000000089461fd0) 
thrown [s\open\src\hotspot\share\runtime\reflection.cpp, line 1121]
Event: 13.620 Thread 0x00000167283ba450 Exception <a 'java/lang/reflect/InvocationTargetException'{0x000000008946e7f8}> (0x000000008946e7f8) 
thrown [s\open\src\hotspot\share\runtime\reflection.cpp, line 1121]
Event: 13.715 Thread 0x00000167283ba450 Exception <a 'java/lang/NoSuchMethodError'{0x0000000088f530b0}: 'long java.lang.invoke.DirectMethodHandle$Holder.invokeVirtual(java.lang.Object, java.lang.Object)'> (0x0000000088f530b0) 
thrown [s\open\src\hotspot\share\interpreter\linkResolver.cpp, line 759]
Event: 13.753 Thread 0x00000167283ba450 Exception <a 'java/lang/NoSuchMethodError'{0x0000000088d23948}: 'void java.lang.invoke.DirectMethodHandle$Holder.invokeVirtual(java.lang.Object, java.lang.Object, long)'> (0x0000000088d23948) 
thrown [s\open\src\hotspot\share\interpreter\linkResolver.cpp, line 759]
Event: 13.839 Thread 0x00000167283ba450 Exception <a 'java/lang/NoSuchMethodError'{0x0000000088aebbe0}: 'int java.lang.invoke.DirectMethodHandle$Holder.invokeStaticInit(java.lang.Object, int, java.lang.Object, java.lang.Object, java.lang.Object, java.lang.Object)'> (0x0000000088aebbe0) 
thrown [s\open\src\hotspot\share\interpreter\linkResolver.cpp, line 759]
Event: 13.889 Thread 0x00000167283ba450 Exception <a 'java/lang/reflect/InvocationTargetException'{0x000000008877fee8}> (0x000000008877fee8) 
thrown [s\open\src\hotspot\share\runtime\reflection.cpp, line 1121]
Event: 13.898 Thread 0x00000167283ba450 Exception <a 'java/lang/reflect/InvocationTargetException'{0x00000000887ad650}> (0x00000000887ad650) 
thrown [s\open\src\hotspot\share\runtime\reflection.cpp, line 1121]
Event: 13.900 Thread 0x00000167283ba450 Exception <a 'java/lang/reflect/InvocationTargetException'{0x00000000887bb558}> (0x00000000887bb558) 
thrown [s\open\src\hotspot\share\runtime\reflection.cpp, line 1121]
Event: 13.907 Thread 0x00000167283ba450 Exception <a 'java/lang/reflect/InvocationTargetException'{0x00000000887f3ba8}> (0x00000000887f3ba8) 
thrown [s\open\src\hotspot\share\runtime\reflection.cpp, line 1121]
Event: 16.732 Thread 0x00000167283ba450 Exception <a 'java/lang/reflect/InvocationTargetException'{0x0000000095474aa0}> (0x0000000095474aa0) 
thrown [s\open\src\hotspot\share\runtime\reflection.cpp, line 1121]
Event: 16.736 Thread 0x00000167283ba450 Exception <a 'java/lang/reflect/InvocationTargetException'{0x00000000954818b8}> (0x00000000954818b8) 
thrown [s\open\src\hotspot\share\runtime\reflection.cpp, line 1121]
Event: 16.739 Thread 0x00000167283ba450 Exception <a 'java/lang/reflect/InvocationTargetException'{0x000000009548d178}> (0x000000009548d178) 
thrown [s\open\src\hotspot\share\runtime\reflection.cpp, line 1121]
Event: 16.814 Thread 0x00000167283ba450 Exception <a 'java/lang/reflect/InvocationTargetException'{0x000000009511f120}> (0x000000009511f120) 
thrown [s\open\src\hotspot\share\runtime\reflection.cpp, line 1121]
Event: 16.819 Thread 0x00000167283ba450 Exception <a 'java/lang/reflect/InvocationTargetException'{0x0000000095135958}> (0x0000000095135958) 
thrown [s\open\src\hotspot\share\runtime\reflection.cpp, line 1121]
Event: 16.961 Thread 0x00000167283ba450 Exception <a 'java/lang/reflect/InvocationTargetException'{0x0000000094d98f10}> (0x0000000094d98f10) 
thrown [s\open\src\hotspot\share\runtime\reflection.cpp, line 1121]
Event: 16.967 Thread 0x00000167283ba450 Exception <a 'java/lang/reflect/InvocationTargetException'{0x0000000094dad4f8}> (0x0000000094dad4f8) 
thrown [s\open\src\hotspot\share\runtime\reflection.cpp, line 1121]
Event: 18.157 Thread 0x00000167283ba450 Exception <a 'sun/nio/fs/WindowsException'{0x0000000092763dd8}> (0x0000000092763dd8) 
thrown [s\open\src\hotspot\share\prims\jni.cpp, line 516]
Event: 18.282 Thread 0x00000167283ba450 Exception <a 'java/lang/IncompatibleClassChangeError'{0x0000000092106330}: Found class java.lang.Object, but interface was expected> (0x0000000092106330) 
thrown [s\open\src\hotspot\share\interpreter\linkResolver.cpp, line 826]

VM Operations (20 events):
Event: 15.240 Executing VM operation: G1CollectForAllocation done
Event: 15.278 Executing VM operation: G1CollectForAllocation
Event: 15.282 Executing VM operation: G1CollectForAllocation done
Event: 16.199 Executing VM operation: G1CollectForAllocation
Event: 16.239 Executing VM operation: G1CollectForAllocation done
Event: 16.580 Executing VM operation: G1CollectForAllocation
Event: 16.604 Executing VM operation: G1CollectForAllocation done
Event: 17.617 Executing VM operation: Cleanup
Event: 17.618 Executing VM operation: Cleanup done
Event: 17.931 Executing VM operation: HandshakeAllThreads
Event: 17.931 Executing VM operation: HandshakeAllThreads done
Event: 17.956 Executing VM operation: HandshakeAllThreads
Event: 17.956 Executing VM operation: HandshakeAllThreads done
Event: 17.991 Executing VM operation: HandshakeAllThreads
Event: 17.991 Executing VM operation: HandshakeAllThreads done
Event: 17.993 Executing VM operation: HandshakeAllThreads
Event: 17.993 Executing VM operation: HandshakeAllThreads done
Event: 18.304 Executing VM operation: HandshakeAllThreads
Event: 18.305 Executing VM operation: HandshakeAllThreads done
Event: 18.426 Executing VM operation: G1CollectForAllocation

Events (20 events):
Event: 16.658 Thread 0x0000016701a37570 Thread added: 0x0000016701a37570
Event: 16.675 Thread 0x0000016701a37570 Thread exited: 0x0000016701a37570
Event: 17.178 Thread 0x0000016701a39df0 Thread added: 0x0000016701a39df0
Event: 17.185 Thread 0x0000016701a39df0 Thread exited: 0x0000016701a39df0
Event: 17.216 loading class java/time/Duration$1
Event: 17.216 loading class java/time/Duration$1 done
Event: 17.691 Thread 0x0000016701a398e0 Thread added: 0x0000016701a398e0
Event: 17.702 Thread 0x0000016701a398e0 Thread exited: 0x0000016701a398e0
Event: 17.705 loading class java/util/Comparators$NullComparator
Event: 17.705 loading class java/util/Comparators$NullComparator done
Event: 18.010 loading class sun/reflect/annotation/TypeAnnotation$TypeAnnotationTargetInfo
Event: 18.011 loading class sun/reflect/annotation/TypeAnnotation$TypeAnnotationTargetInfo done
Event: 18.205 Thread 0x0000016701a393d0 Thread added: 0x0000016701a393d0
Event: 18.212 Thread 0x0000016701a393d0 Thread exited: 0x0000016701a393d0
Event: 18.217 loading class java/util/EnumMap$EntrySet
Event: 18.218 loading class java/util/EnumMap$EntrySet done
Event: 18.218 loading class java/util/EnumMap$EntryIterator
Event: 18.218 loading class java/util/EnumMap$EnumMapIterator
Event: 18.218 loading class java/util/EnumMap$EnumMapIterator done
Event: 18.218 loading class java/util/EnumMap$EntryIterator done


Dynamic libraries:
0x00007ff7adb20000 - 0x00007ff7adb30000 	C:\Program Files\Java\jdk-17\bin\java.exe
0x00007ffe809a0000 - 0x00007ffe80c09000 	C:\WINDOWS\SYSTEM32\ntdll.dll
0x00007ffe7f760000 - 0x00007ffe7f829000 	C:\WINDOWS\System32\KERNEL32.DLL
0x00007ffe7e140000 - 0x00007ffe7e533000 	C:\WINDOWS\System32\KERNELBASE.dll
0x00007ffe7dea0000 - 0x00007ffe7dfeb000 	C:\WINDOWS\System32\ucrtbase.dll
0x00007ffe6cd60000 - 0x00007ffe6cd79000 	C:\Program Files\Java\jdk-17\bin\jli.dll
0x00007ffe6ccf0000 - 0x00007ffe6cd0b000 	C:\Program Files\Java\jdk-17\bin\VCRUNTIME140.dll
0x00007ffe7ff80000 - 0x00007ffe80034000 	C:\WINDOWS\System32\ADVAPI32.dll
0x00007ffe7e9a0000 - 0x00007ffe7ea49000 	C:\WINDOWS\System32\msvcrt.dll
0x00007ffe7ed20000 - 0x00007ffe7edc6000 	C:\WINDOWS\System32\sechost.dll
0x00007ffe7e880000 - 0x00007ffe7e998000 	C:\WINDOWS\System32\RPCRT4.dll
0x00007ffe7ee10000 - 0x00007ffe7efd4000 	C:\WINDOWS\System32\USER32.dll
0x00007ffe7dc60000 - 0x00007ffe7dc87000 	C:\WINDOWS\System32\win32u.dll
0x00007ffe805a0000 - 0x00007ffe805cb000 	C:\WINDOWS\System32\GDI32.dll
0x00007ffe7db30000 - 0x00007ffe7dc5d000 	C:\WINDOWS\System32\gdi32full.dll
0x00007ffe7e540000 - 0x00007ffe7e5e3000 	C:\WINDOWS\System32\msvcp_win.dll
0x00007ffe67ac0000 - 0x00007ffe67d53000 	C:\WINDOWS\WinSxS\amd64_microsoft.windows.common-controls_6595b64144ccf1df_6.0.26100.5074_none_3e0d6f78e32fd63f\COMCTL32.dll
0x00007ffe6ef20000 - 0x00007ffe6ef2b000 	C:\WINDOWS\SYSTEM32\VERSION.dll
0x00007ffe7edd0000 - 0x00007ffe7edff000 	C:\WINDOWS\System32\IMM32.DLL
0x00007ffe7a3d0000 - 0x00007ffe7a3dc000 	C:\Program Files\Java\jdk-17\bin\vcruntime140_1.dll
0x00007ffe6c060000 - 0x00007ffe6c0ee000 	C:\Program Files\Java\jdk-17\bin\msvcp140.dll
0x00007ffdc5ce0000 - 0x00007ffdc68c0000 	C:\Program Files\Java\jdk-17\bin\server\jvm.dll
0x00007ffe7ec90000 - 0x00007ffe7ec98000 	C:\WINDOWS\System32\PSAPI.DLL
0x00007ffe6e640000 - 0x00007ffe6e64a000 	C:\WINDOWS\SYSTEM32\WSOCK32.dll
0x00007ffe7f010000 - 0x00007ffe7f084000 	C:\WINDOWS\System32\WS2_32.dll
0x00007ffe66810000 - 0x00007ffe66845000 	C:\WINDOWS\SYSTEM32\WINMM.dll
0x00007ffe7c910000 - 0x00007ffe7c92b000 	C:\WINDOWS\SYSTEM32\kernel.appcore.dll
0x00007ffe70060000 - 0x00007ffe7006a000 	C:\Program Files\Java\jdk-17\bin\jimage.dll
0x00007ffe7b270000 - 0x00007ffe7b4b2000 	C:\WINDOWS\SYSTEM32\DBGHELP.DLL
0x00007ffe7f1e0000 - 0x00007ffe7f55b000 	C:\WINDOWS\System32\combase.dll
0x00007ffe7ebb0000 - 0x00007ffe7ec87000 	C:\WINDOWS\System32\OLEAUT32.dll
0x00007ffe7b230000 - 0x00007ffe7b26d000 	C:\WINDOWS\SYSTEM32\dbgcore.DLL
0x00007ffe7dc90000 - 0x00007ffe7dd29000 	C:\WINDOWS\System32\bcryptPrimitives.dll
0x00007ffe70040000 - 0x00007ffe7004e000 	C:\Program Files\Java\jdk-17\bin\instrument.dll
0x00007ffe6c120000 - 0x00007ffe6c145000 	C:\Program Files\Java\jdk-17\bin\java.dll
0x00007ffe56c60000 - 0x00007ffe56d37000 	C:\Program Files\Java\jdk-17\bin\jsvml.dll
0x00007ffe7f830000 - 0x00007ffe7ff7d000 	C:\WINDOWS\System32\SHELL32.dll
0x00007ffe7dd30000 - 0x00007ffe7de9c000 	C:\WINDOWS\System32\wintypes.dll
0x00007ffe7b760000 - 0x00007ffe7bfb9000 	C:\WINDOWS\SYSTEM32\windows.storage.dll
0x00007ffe80660000 - 0x00007ffe80750000 	C:\WINDOWS\System32\SHCORE.dll
0x00007ffe80050000 - 0x00007ffe800b2000 	C:\WINDOWS\System32\shlwapi.dll
0x00007ffe7da50000 - 0x00007ffe7da79000 	C:\WINDOWS\SYSTEM32\profapi.dll
0x00007ffe6ccd0000 - 0x00007ffe6cce8000 	C:\Program Files\Java\jdk-17\bin\zip.dll
0x00007ffe6cbf0000 - 0x00007ffe6cc09000 	C:\Program Files\Java\jdk-17\bin\net.dll
0x00007ffe7ac70000 - 0x00007ffe7ad8f000 	C:\WINDOWS\SYSTEM32\WINHTTP.dll
0x00007ffe7ce90000 - 0x00007ffe7cefb000 	C:\WINDOWS\system32\mswsock.dll
0x00007ffe6c180000 - 0x00007ffe6c196000 	C:\Program Files\Java\jdk-17\bin\nio.dll
0x00007ffe7c3e0000 - 0x00007ffe7c506000 	C:\WINDOWS\SYSTEM32\DNSAPI.dll
0x00007ffe7c340000 - 0x00007ffe7c374000 	C:\WINDOWS\SYSTEM32\IPHLPAPI.DLL
0x00007ffe7e770000 - 0x00007ffe7e77a000 	C:\WINDOWS\System32\NSI.dll
0x00007ffe6f620000 - 0x00007ffe6f62b000 	C:\Windows\System32\rasadhlp.dll
0x00007ffe773f0000 - 0x00007ffe77476000 	C:\WINDOWS\System32\fwpuclnt.dll
0x00007ffe6e3a0000 - 0x00007ffe6e3aa000 	C:\Program Files\Java\jdk-17\bin\management.dll
0x00007ffe6cd50000 - 0x00007ffe6cd5b000 	C:\Program Files\Java\jdk-17\bin\management_ext.dll
0x00007ffe7d130000 - 0x00007ffe7d14b000 	C:\WINDOWS\SYSTEM32\CRYPTSP.dll
0x00007ffe7c870000 - 0x00007ffe7c8ab000 	C:\WINDOWS\system32\rsaenh.dll
0x00007ffe7cf30000 - 0x00007ffe7cf5b000 	C:\WINDOWS\SYSTEM32\USERENV.dll
0x00007ffe7da20000 - 0x00007ffe7da46000 	C:\WINDOWS\SYSTEM32\bcrypt.dll
0x00007ffe7d150000 - 0x00007ffe7d15c000 	C:\WINDOWS\SYSTEM32\CRYPTBASE.dll
0x00007ffe76b40000 - 0x00007ffe76b5e000 	C:\WINDOWS\SYSTEM32\dhcpcsvc6.DLL
0x00007ffe76b10000 - 0x00007ffe76b33000 	C:\WINDOWS\SYSTEM32\dhcpcsvc.DLL
0x00007ffe59350000 - 0x00007ffe59368000 	C:\WINDOWS\system32\napinsp.dll
0x00007ffe591b0000 - 0x00007ffe591c2000 	C:\WINDOWS\System32\winrnr.dll
0x00007ffe59180000 - 0x00007ffe591a8000 	C:\WINDOWS\system32\nlansp_c.dll
0x00007ffe6ef50000 - 0x00007ffe6ef66000 	C:\WINDOWS\system32\wshbth.dll
0x00007ffe58320000 - 0x00007ffe58376000 	C:\WINDOWS\SYSTEM32\pdh.dll
0x00007ffe7a3a0000 - 0x00007ffe7a3b2000 	C:\WINDOWS\System32\perfproc.dll
0x00007ffe6fe30000 - 0x00007ffe6fe41000 	C:\WINDOWS\System32\perfos.dll
0x00007ffe7bfe0000 - 0x00007ffe7bff2000 	C:\WINDOWS\SYSTEM32\pfclient.dll
0x00007ffe6cc30000 - 0x00007ffe6cc3e000 	C:\Program Files\Java\jdk-17\bin\sunmscapi.dll
0x00007ffe7e5f0000 - 0x00007ffe7e767000 	C:\WINDOWS\System32\CRYPT32.dll
0x00007ffe7d350000 - 0x00007ffe7d380000 	C:\WINDOWS\SYSTEM32\ncrypt.dll
0x00007ffe7d300000 - 0x00007ffe7d33f000 	C:\WINDOWS\SYSTEM32\NTASN1.dll
0x00007ffe6e680000 - 0x00007ffe6e690000 	C:\Program Files\Java\jdk-17\bin\verify.dll

dbghelp: loaded successfully - version: 4.0.5 - missing functions: none
symbol engine: initialized successfully - sym options: 0x614 - pdb path: .;C:\Program Files\Java\jdk-17\bin;C:\WINDOWS\SYSTEM32;C:\WINDOWS\WinSxS\amd64_microsoft.windows.common-controls_6595b64144ccf1df_6.0.26100.5074_none_3e0d6f78e32fd63f;C:\Program Files\Java\jdk-17\bin\server

VM Arguments:
jvm_args: -XX:TieredStopAtLevel=1 -Dspring.output.ansi.enabled=always -Dcom.sun.management.jmxremote -Dspring.jmx.enabled=true -Dspring.liveBeansView.mbeanDomain -Dspring.application.admin.enabled=true -Dmanagement.endpoints.jmx.exposure.include=* -javaagent:C:\Users\user\AppData\Local\Programs\IntelliJ IDEA Ultimate 2024.3.5\lib\idea_rt.jar=60250 -Dfile.encoding=UTF-8 
java_command: com.example.capstone_design.CapstoneDesignApplication
java_class_path (initial): C:\Users\user\OneDrive\ \\4 1\\code\backend\capstone_design\build\classes\java\main;C:\Users\user\OneDrive\ \\4 1\\code\backend\capstone_design\build\resources\main;C:\Users\user\.gradle\caches\modules-2\files-2.1\org.projectlombok\lombok\1.18.38\57f8f5e02e92a30fd21b80cbd426a4172b5f8e29\lombok-1.18.38.jar;C:\Users\user\.gradle\caches\modules-2\files-2.1\org.springframework.boot\spring-boot-starter-data-jpa\3.5.5\1b0c807e0f584dcf2c8fe7360c07ff18faeacf30\spring-boot-starter-data-jpa-3.5.5.jar;C:\Users\user\.gradle\caches\modules-2\files-2.1\org.springframework.boot\spring-boot-starter-web\3.5.5\b9039cd5aa1feda2cfbd487233e343f66627f78f\spring-boot-starter-web-3.5.5.jar;C:\Users\user\.gradle\caches\modules-2\files-2.1\org.springframework.boot\spring-boot-starter-security\3.5.5\d46f4927ef806fbbb509da0fbeabc9274163ef4c\spring-boot-starter-security-3.5.5.jar;C:\Users\user\.gradle\caches\modules-2\files-2.1\org.springframework.boot\spring-boot-starter-validation\3.5.5\5510bd155652ef231976f1ff1ca1bb1d9698829c\spring-boot-starter-validation-3.5.5.jar;C:\Users\user\.gradle\caches\modules-2\files-2.1\io.jsonwebtoken\jjwt-api\0.11.5\f742940045619d06383e7df37b21ac422b476cf1\jjwt-api-0.11.5.jar;C:\Users\user\.gradle\caches\modules-2\files-2.1\org.springframework.boot\spring-boot-starter-jdbc\3.5.5\25ab9d086e35f606ea0147b10defdd1c8be3f25\spring-boot-starter-jdbc-3.5.5.jar;C:\Users\user\.gradle\caches\modules-2\files-2.1\org.springframework.boot\spring-boot-starter\3.5.5\f0e27ab73519ebebfc72c9b16ccde342cc9f599d\spring-boot-starter-3.5.5.jar;C:\Users\user\.gradle\caches\modules-2\files-2.1\org.hibernate.orm\hibernate-core\6.6.26.Final\4a89014a34c7c46d15da49de85aa879c603c962\hibernate-core-6.6.26.Final.jar;C:\Users\user\.gradle\caches\modules-2\files-2.1\org.springframework.data\spring-data-jpa\3.5.3\ed2764475a3c53fec8d1b844f9700ce6427b29dc\spring-data-jpa-3.5.3.jar;C:\Users\user\.gradle\cache
Launcher Type: SUN_STANDARD

[Global flags]
     intx CICompilerCount                          = 4                                         {product} {ergonomic}
     uint ConcGCThreads                            = 2                                         {product} {ergonomic}
     uint G1ConcRefinementThreads                  = 8                                         {product} {ergonomic}
   size_t G1HeapRegionSize                         = 1048576                                   {product} {ergonomic}
    uintx GCDrainStackTargetSize                   = 64                                        {product} {ergonomic}
   size_t InitialHeapSize                          = 130023424                                 {product} {ergonomic}
     bool ManagementServer                         = true                                      {product} {command line}
   size_t MarkStackSize                            = 4194304                                   {product} {ergonomic}
   size_t MaxHeapSize                              = 2071986176                                {product} {ergonomic}
   size_t MaxNewSize                               = 1242562560                                {product} {ergonomic}
   size_t MinHeapDeltaBytes                        = 1048576                                   {product} {ergonomic}
   size_t MinHeapSize                              = 8388608                                   {product} {ergonomic}
    uintx NonProfiledCodeHeapSize                  = 0                                      {pd product} {ergonomic}
     bool ProfileInterpreter                       = false                                  {pd product} {command line}
    uintx ProfiledCodeHeapSize                     = 0                                      {pd product} {ergonomic}
   size_t SoftMaxHeapSize                          = 2071986176                             {manageable} {ergonomic}
     intx TieredStopAtLevel                        = 1                                         {product} {command line}
     bool UseCompressedClassPointers               = true                           {product lp64_product} {ergonomic}
     bool UseCompressedOops                        = true                           {product lp64_product} {ergonomic}
     bool UseG1GC                                  = true                                      {product} {ergonomic}
     bool UseLargePagesIndividualAllocation        = false                                  {pd product} {ergonomic}

Logging:
Log output configuration:
 #0: stdout all=warning uptime,level,tags
 #1: stderr all=off uptime,level,tags

Environment Variables:
JAVA_HOME=C:\Program Files\Java\jdk-17
CLASSPATH=C:\Program Files\Java\jdk-17\lib
PATH=C:\Program Files\Common Files\Oracle\Java\javapath;C:\Program Files\Microsoft\jdk-17.0.2.8-hotspot\bin;C:\Program Files\Microsoft\jdk-11.0.12.7-hotspot\bin;C:\WINDOWS\system32;C:\WINDOWS;C:\WINDOWS\System32\Wbem;C:\WINDOWS\System32\WindowsPowerShell\v1.0\;C:\WINDOWS\System32\OpenSSH\;C:\ProgramData\chocolatey\bin;C:\Program Files\Git\cmd;C:\Users\user\AppData\Roaming\Microsoft\Windows\Start Menu\Programs\Python 3.10;C:\Program Files\nodejs\;C:\Program Files (x86)\Yarn\bin\;C:\ffmpeg\bin;C:\Users\user\AppData\Roaming\npm;C:\Users\user\AppData\Local\Programs\Python\Python310\Scripts\;C:\Users\user\AppData\Local\Programs\Python\Python310\;C:\Users\user\AppData\Local\Programs\Python\Python313\Scripts\;C:\Users\user\AppData\Local\Programs\Python\Python313\;C:\nodejs;C:\Users\user\AppData\Local\Yarn\bin;C:\Users\user\AppData\Local\Programs\Microsoft VS Code\bin;C:\Users\user\OneDrive\ \Scripts;C:\Users\user\OneDrive\ ;C:\Users\user\OneDrive\ \google-cloud-sdk\bin;C:\ffmpeg\bin;C:\stt\google-cloud-sdk\bin;C:\Users\user\AppData\Roaming\npm;;C:\Program Files\JetBrains\IntelliJ IDEA Community Edition 2024.3.4.1\bin;;C:\Users\user\AppData\Local\Microsoft\WindowsApps
USERNAME=user
OS=Windows_NT
PROCESSOR_IDENTIFIER=Intel64 Family 6 Model 126 Stepping 5, GenuineIntel



---------------  S Y S T E M  ---------------

OS:
 Windows 11 , 64 bit Build 26100 (10.0.26100.5074)
OS uptime: 13 days 21:43 hours
Hyper-V role detected

CPU: total 8 (initial active 8) (4 cores per cpu, 2 threads per core) family 6 model 126 stepping 5 microcode 0x96, cx8, cmov, fxsr, ht, mmx, 3dnowpref, sse, sse2, sse3, ssse3, sse4.1, sse4.2, popcnt, lzcnt, tsc, tscinvbit, avx, avx2, aes, erms, clmul, bmi1, bmi2, adx, avx512f, avx512dq, avx512cd, avx512bw, avx512vl, sha, fma, vzeroupper, avx512_vpopcntdq, avx512_vpclmulqdq, avx512_vaes, avx512_vnni, clflush, clflushopt, avx512_vbmi2, avx512_vbmi, hv

Memory: 4k page, system-wide physical 7901M (617M free)
TotalPageFile size 28873M (AvailPageFile size 115M)
current process WorkingSet (physical memory assigned to process): 426M, peak: 426M
current process commit charge ("private bytes"): 480M, peak: 686M

vm_info: Java HotSpot(TM) 64-Bit Server VM (17.0.12+8-LTS-286) for windows-amd64 JRE (17.0.12+8-LTS-286), built on Jun  5 2024 06:46:59 by "mach5one" with MS VC++ 17.6 (VS2022)

END.
