#
# There is insufficient memory for the Java Runtime Environment to continue.
# Native memory allocation (mmap) failed to map 435159040 bytes for G1 virtual space
# Possible reasons:
#   The system is out of physical RAM or swap space
#   The process is running with CompressedOops enabled, and the Java Heap may be blocking the growth of the native heap
# Possible solutions:
#   Reduce memory load on the system
#   Increase physical memory or swap space
#   Check if swap backing store is full
#   Decrease Java heap size (-Xmx/-Xms)
#   Decrease number of Java threads
#   Decrease Java thread stack sizes (-Xss)
#   Set larger code cache with -XX:ReservedCodeCacheSize=
#   JVM is running with Unscaled Compressed Oops mode in which the Java heap is
#     placed in the first 4GB address space. The Java Heap base address is the
#     maximum limit for the native heap growth. Please use -XX:HeapBaseMinAddress
#     to set the Java Heap base and to place the Java Heap above 4GB virtual address.
# This output file may be truncated or incomplete.
#
#  Out of Memory Error (os_windows.cpp:3548), pid=17868, tid=22832
#
# JRE version: Java(TM) SE Runtime Environment (17.0.12+8) (build 17.0.12+8-LTS-286)
# Java VM: Java HotSpot(TM) 64-Bit Server VM (17.0.12+8-LTS-286, mixed mode, emulated-client, sharing, tiered, compressed oops, compressed class ptrs, g1 gc, windows-amd64)
# No core dump will be written. Minidumps are not enabled by default on client versions of Windows
#

---------------  S U M M A R Y ------------

Command Line: -XX:TieredStopAtLevel=1 -Dspring.output.ansi.enabled=always -Dcom.sun.management.jmxremote -Dspring.jmx.enabled=true -Dspring.liveBeansView.mbeanDomain -Dspring.application.admin.enabled=true -Dmanagement.endpoints.jmx.exposure.include=* -javaagent:C:\Users\user\AppData\Local\Programs\IntelliJ IDEA Ultimate 2024.3.5\lib\idea_rt.jar=54914 -Dfile.encoding=UTF-8 com.example.capstone_design.CapstoneDesignApplication

Host: Intel(R) Core(TM) i5-1035G7 CPU @ 1.20GHz, 8 cores, 7G,  Windows 11 , 64 bit Build 26100 (10.0.26100.5074)
Time: Sun Nov 30 17:33:45 2025  Windows 11 , 64 bit Build 26100 (10.0.26100.5074) elapsed time: 160.341950 seconds (0d 0h 2m 40s)

---------------  T H R E A D  ---------------

Current thread (0x00000230e74cc960):  VMThread "VM Thread" [stack: 0x0000007561b00000,0x0000007561c00000] [id=22832]

Stack: [0x0000007561b00000,0x0000007561c00000]
Native frames: (J=compiled Java code, j=interpreted, Vv=VM code, C=native code)
V  [jvm.dll+0x67a04a]
V  [jvm.dll+0x7da4ed]
V  [jvm.dll+0x7dbe33]
V  [jvm.dll+0x7dc4a3]
V  [jvm.dll+0x24508f]
V  [jvm.dll+0x677089]
V  [jvm.dll+0x66bd32]
V  [jvm.dll+0x301fa6]
V  [jvm.dll+0x309546]
V  [jvm.dll+0x359d2e]
V  [jvm.dll+0x359f5f]
V  [jvm.dll+0x2d9078]
V  [jvm.dll+0x2d74ad]
V  [jvm.dll+0x2d6afc]
V  [jvm.dll+0x31a65b]
V  [jvm.dll+0x7e0d9b]
V  [jvm.dll+0x7e1ad4]
V  [jvm.dll+0x7e1fed]
V  [jvm.dll+0x7e23c4]
V  [jvm.dll+0x7e2490]
V  [jvm.dll+0x78abea]
V  [jvm.dll+0x678f35]
C  [ucrtbase.dll+0x37b0]
C  [KERNEL32.DLL+0x2e8d7]
C  [ntdll.dll+0x8d9c]

VM_Operation (0x0000007563bfb130): G1CollectForAllocation, mode: safepoint, requested by thread 0x00000230ec4ee920


---------------  P R O C E S S  ---------------

Threads class SMR info:
_java_thread_list=0x00000230ee68c650, length=34, elements={
0x00000230e74d1ab0, 0x00000230e74d2470, 0x00000230e74eb980, 0x00000230e74ec250,
0x00000230e74ed430, 0x00000230e74ef550, 0x00000230e74f4ad0, 0x00000230e74f83a0,
0x00000230e7687670, 0x00000230e79de170, 0x00000230e79de650, 0x00000230ec1deeb0,
0x00000230ec359860, 0x00000230ec36daf0, 0x00000230ec353c50, 0x00000230ec4eee30,
0x00000230ec4efd60, 0x00000230ec4f11a0, 0x00000230ec4f1bc0, 0x00000230ec4f0270,
0x00000230ec4ee920, 0x00000230ec4f0c90, 0x00000230eeac3750, 0x00000230eeac64e0,
0x00000230eeac55b0, 0x00000230eeac2d30, 0x00000230eeac4680, 0x00000230eeac4170,
0x00000230eeac69f0, 0x00000230eeac5ac0, 0x00000230eeac4b90, 0x00000230eeac50a0,
0x00000230eeac5fd0, 0x00000230eeac3240
}

Java Threads: ( => current thread )
  0x00000230e74d1ab0 JavaThread "Reference Handler" daemon [_thread_blocked, id=28500, stack(0x0000007561c00000,0x0000007561d00000)]
  0x00000230e74d2470 JavaThread "Finalizer" daemon [_thread_blocked, id=30200, stack(0x0000007561d00000,0x0000007561e00000)]
  0x00000230e74eb980 JavaThread "Signal Dispatcher" daemon [_thread_blocked, id=30064, stack(0x0000007561e00000,0x0000007561f00000)]
  0x00000230e74ec250 JavaThread "Attach Listener" daemon [_thread_blocked, id=1552, stack(0x0000007561f00000,0x0000007562000000)]
  0x00000230e74ed430 JavaThread "Service Thread" daemon [_thread_blocked, id=2564, stack(0x0000007562000000,0x0000007562100000)]
  0x00000230e74ef550 JavaThread "Monitor Deflation Thread" daemon [_thread_blocked, id=32316, stack(0x0000007562100000,0x0000007562200000)]
  0x00000230e74f4ad0 JavaThread "C1 CompilerThread0" daemon [_thread_blocked, id=18152, stack(0x0000007562200000,0x0000007562300000)]
  0x00000230e74f83a0 JavaThread "Sweeper thread" daemon [_thread_blocked, id=10488, stack(0x0000007562300000,0x0000007562400000)]
  0x00000230e7687670 JavaThread "Common-Cleaner" daemon [_thread_blocked, id=9792, stack(0x0000007562400000,0x0000007562500000)]
  0x00000230e79de170 JavaThread "Monitor Ctrl-Break" daemon [_thread_in_native, id=15904, stack(0x0000007562700000,0x0000007562800000)]
  0x00000230e79de650 JavaThread "Notification Thread" daemon [_thread_blocked, id=9492, stack(0x0000007562800000,0x0000007562900000)]
  0x00000230ec1deeb0 JavaThread "RMI TCP Accept-0" daemon [_thread_in_native, id=10724, stack(0x0000007562a00000,0x0000007562b00000)]
  0x00000230ec359860 JavaThread "RMI TCP Connection(4)-172.30.107.104" daemon [_thread_in_native, id=4536, stack(0x0000007562900000,0x0000007562a00000)]
  0x00000230ec36daf0 JavaThread "RMI TCP Connection(idle)" daemon [_thread_blocked, id=19336, stack(0x0000007562c00000,0x0000007562d00000)]
  0x00000230ec353c50 JavaThread "JMX server connection timeout 19" daemon [_thread_blocked, id=29924, stack(0x0000007562d00000,0x0000007562e00000)]
  0x00000230ec4eee30 JavaThread "RMI Scheduler(0)" daemon [_thread_blocked, id=28172, stack(0x0000007562e00000,0x0000007562f00000)]
  0x00000230ec4efd60 JavaThread "HikariPool-1:housekeeper" daemon [_thread_blocked, id=12800, stack(0x0000007563900000,0x0000007563a00000)]
  0x00000230ec4f11a0 JavaThread "Catalina-utility-1" [_thread_blocked, id=21956, stack(0x0000007563c00000,0x0000007563d00000)]
  0x00000230ec4f1bc0 JavaThread "Catalina-utility-2" [_thread_blocked, id=28024, stack(0x0000007563d00000,0x0000007563e00000)]
  0x00000230ec4f0270 JavaThread "container-0" [_thread_blocked, id=32460, stack(0x0000007563e00000,0x0000007563f00000)]
  0x00000230ec4ee920 JavaThread "http-nio-8080-exec-1" daemon [_thread_blocked, id=30188, stack(0x0000007563b00000,0x0000007563c00000)]
  0x00000230ec4f0c90 JavaThread "http-nio-8080-exec-2" daemon [_thread_blocked, id=19564, stack(0x0000007564300000,0x0000007564400000)]
  0x00000230eeac3750 JavaThread "http-nio-8080-exec-3" daemon [_thread_blocked, id=16532, stack(0x0000007564400000,0x0000007564500000)]
  0x00000230eeac64e0 JavaThread "http-nio-8080-exec-4" daemon [_thread_blocked, id=13632, stack(0x0000007564500000,0x0000007564600000)]
  0x00000230eeac55b0 JavaThread "http-nio-8080-exec-5" daemon [_thread_blocked, id=11208, stack(0x0000007564600000,0x0000007564700000)]
  0x00000230eeac2d30 JavaThread "http-nio-8080-exec-6" daemon [_thread_blocked, id=21180, stack(0x0000007564700000,0x0000007564800000)]
  0x00000230eeac4680 JavaThread "http-nio-8080-exec-7" daemon [_thread_blocked, id=29820, stack(0x0000007564800000,0x0000007564900000)]
  0x00000230eeac4170 JavaThread "http-nio-8080-exec-8" daemon [_thread_blocked, id=26112, stack(0x0000007564900000,0x0000007564a00000)]
  0x00000230eeac69f0 JavaThread "http-nio-8080-exec-9" daemon [_thread_blocked, id=6428, stack(0x0000007564a00000,0x0000007564b00000)]
  0x00000230eeac5ac0 JavaThread "http-nio-8080-exec-10" daemon [_thread_blocked, id=10816, stack(0x0000007564b00000,0x0000007564c00000)]
  0x00000230eeac4b90 JavaThread "http-nio-8080-Poller" daemon [_thread_blocked, id=25516, stack(0x0000007564c00000,0x0000007564d00000)]
  0x00000230eeac50a0 JavaThread "http-nio-8080-Acceptor" daemon [_thread_in_native, id=28236, stack(0x0000007564d00000,0x0000007564e00000)]
  0x00000230eeac5fd0 JavaThread "scheduling-1" [_thread_blocked, id=13796, stack(0x0000007564e00000,0x0000007564f00000)]
  0x00000230eeac3240 JavaThread "DestroyJavaVM" [_thread_blocked, id=15980, stack(0x0000007561500000,0x0000007561600000)]

Other Threads:
=>0x00000230e74cc960 VMThread "VM Thread" [stack: 0x0000007561b00000,0x0000007561c00000] [id=22832]
  0x00000230d3a02f00 WatcherThread [stack: 0x0000007562b00000,0x0000007562c00000] [id=28788]
  0x00000230d39dfa20 GCTaskThread "GC Thread#0" [stack: 0x0000007561600000,0x0000007561700000] [id=14620]
  0x00000230ec5ac830 GCTaskThread "GC Thread#1" [stack: 0x0000007562f00000,0x0000007563000000] [id=32424]
  0x00000230ec586ee0 GCTaskThread "GC Thread#2" [stack: 0x0000007563000000,0x0000007563100000] [id=21128]
  0x00000230ec63dd10 GCTaskThread "GC Thread#3" [stack: 0x0000007563100000,0x0000007563200000] [id=15172]
  0x00000230ec63dfd0 GCTaskThread "GC Thread#4" [stack: 0x0000007563200000,0x0000007563300000] [id=17328]
  0x00000230ec63e290 GCTaskThread "GC Thread#5" [stack: 0x0000007563300000,0x0000007563400000] [id=24412]
  0x00000230ec63fff0 GCTaskThread "GC Thread#6" [stack: 0x0000007563400000,0x0000007563500000] [id=18256]
  0x00000230ec6402b0 GCTaskThread "GC Thread#7" [stack: 0x0000007563500000,0x0000007563600000] [id=8]
  0x00000230d39f0070 ConcurrentGCThread "G1 Main Marker" [stack: 0x0000007561700000,0x0000007561800000] [id=2888]
  0x00000230d39f0a80 ConcurrentGCThread "G1 Conc#0" [stack: 0x0000007561800000,0x0000007561900000] [id=25960]
  0x00000230ecd9a420 ConcurrentGCThread "G1 Conc#1" [stack: 0x0000007563a00000,0x0000007563b00000] [id=5092]
  0x00000230d3a3e750 ConcurrentGCThread "G1 Refine#0" [stack: 0x0000007561900000,0x0000007561a00000] [id=1416]
  0x00000230ec640980 ConcurrentGCThread "G1 Refine#1" [stack: 0x0000007563600000,0x0000007563700000] [id=21148]
  0x00000230eda703e0 ConcurrentGCThread "G1 Refine#2" [stack: 0x0000007563f00000,0x0000007564000000] [id=8936]
  0x00000230ee8309a0 ConcurrentGCThread "G1 Refine#3" [stack: 0x0000007564000000,0x0000007564100000] [id=20252]
  0x00000230ee8303c0 ConcurrentGCThread "G1 Refine#4" [stack: 0x0000007564100000,0x0000007564200000] [id=16316]
  0x00000230ee8300d0 ConcurrentGCThread "G1 Refine#5" [stack: 0x0000007564200000,0x0000007564300000] [id=18916]
  0x00000230e737b110 ConcurrentGCThread "G1 Service" [stack: 0x0000007561a00000,0x0000007561b00000] [id=7376]

Threads with active compile tasks:

VM state: at safepoint (normal execution)

VM Mutex/Monitor currently owned by a thread:  ([mutex/lock_event])
[0x00000230d3980bf0] Threads_lock - owner thread: 0x00000230e74cc960
[0x00000230d39821e0] Heap_lock - owner thread: 0x00000230ec4ee920

Heap address: 0x0000000084800000, size: 1976 MB, Compressed Oops mode: 32-bit

CDS archive(s) mapped at: [0x0000023080000000-0x0000023080bd0000-0x0000023080bd0000), size 12386304, SharedBaseAddress: 0x0000023080000000, ArchiveRelocationMode: 1.
Compressed class space mapped at: 0x0000023081000000-0x00000230c1000000, reserved size: 1073741824
Narrow klass base: 0x0000023080000000, Narrow klass shift: 0, Narrow klass range: 0x100000000

GC Precious Log:
 CPUs: 8 total, 8 available
 Memory: 7901M
 Large Page Support: Disabled
 NUMA Support: Disabled
 Compressed Oops: Enabled (32-bit)
 Heap Region Size: 1M
 Heap Min Capacity: 8M
 Heap Initial Capacity: 124M
 Heap Max Capacity: 1976M
 Pre-touch: Disabled
 Parallel Workers: 8
 Concurrent Workers: 2
 Concurrent Refinement Workers: 8
 Periodic GC: Disabled

Heap:
 garbage-first heap   total 271360K, used 134948K [0x0000000084800000, 0x0000000100000000)
  region size 1024K, 9 young (9216K), 9 survivors (9216K)
 Metaspace       used 74563K, committed 75264K, reserved 1114112K
  class space    used 11205K, committed 11584K, reserved 1048576K

Heap Regions: E=young(eden), S=young(survivor), O=old, HS=humongous(starts), HC=humongous(continues), CS=collection set, F=free, OA=open archive, CA=closed archive, TAMS=top-at-mark-start (previous, next)
|   0|0x0000000084800000, 0x0000000084900000, 0x0000000084900000|100%|HS|  |TAMS 0x0000000084900000, 0x0000000084900000| Complete 
|   1|0x0000000084900000, 0x0000000084a00000, 0x0000000084a00000|100%|HS|  |TAMS 0x0000000084a00000, 0x0000000084a00000| Complete 
|   2|0x0000000084a00000, 0x0000000084b00000, 0x0000000084b00000|100%| O|  |TAMS 0x0000000084b00000, 0x0000000084b00000| Untracked 
|   3|0x0000000084b00000, 0x0000000084c00000, 0x0000000084c00000|100%| O|  |TAMS 0x0000000084c00000, 0x0000000084c00000| Untracked 
|   4|0x0000000084c00000, 0x0000000084d00000, 0x0000000084d00000|100%| O|  |TAMS 0x0000000084d00000, 0x0000000084d00000| Untracked 
|   5|0x0000000084d00000, 0x0000000084e00000, 0x0000000084e00000|100%| O|  |TAMS 0x0000000084e00000, 0x0000000084e00000| Untracked 
|   6|0x0000000084e00000, 0x0000000084f00000, 0x0000000084f00000|100%| O|  |TAMS 0x0000000084f00000, 0x0000000084f00000| Untracked 
|   7|0x0000000084f00000, 0x0000000085000000, 0x0000000085000000|100%| O|  |TAMS 0x0000000085000000, 0x0000000085000000| Untracked 
|   8|0x0000000085000000, 0x0000000085100000, 0x0000000085100000|100%| O|  |TAMS 0x0000000085100000, 0x0000000085100000| Untracked 
|   9|0x0000000085100000, 0x0000000085200000, 0x0000000085200000|100%| O|  |TAMS 0x0000000085200000, 0x0000000085200000| Untracked 
|  10|0x0000000085200000, 0x0000000085300000, 0x0000000085300000|100%| O|  |TAMS 0x0000000085300000, 0x0000000085300000| Untracked 
|  11|0x0000000085300000, 0x0000000085400000, 0x0000000085400000|100%| O|  |TAMS 0x0000000085400000, 0x0000000085400000| Untracked 
|  12|0x0000000085400000, 0x0000000085500000, 0x0000000085500000|100%| O|  |TAMS 0x0000000085500000, 0x0000000085500000| Untracked 
|  13|0x0000000085500000, 0x0000000085600000, 0x0000000085600000|100%| O|  |TAMS 0x0000000085600000, 0x0000000085600000| Untracked 
|  14|0x0000000085600000, 0x0000000085700000, 0x0000000085700000|100%| O|  |TAMS 0x0000000085700000, 0x0000000085700000| Untracked 
|  15|0x0000000085700000, 0x0000000085800000, 0x0000000085800000|100%| O|  |TAMS 0x0000000085800000, 0x0000000085800000| Untracked 
|  16|0x0000000085800000, 0x0000000085900000, 0x0000000085900000|100%| O|  |TAMS 0x0000000085900000, 0x0000000085900000| Untracked 
|  17|0x0000000085900000, 0x0000000085a00000, 0x0000000085a00000|100%| O|  |TAMS 0x0000000085a00000, 0x0000000085a00000| Untracked 
|  18|0x0000000085a00000, 0x0000000085b00000, 0x0000000085b00000|100%| O|  |TAMS 0x0000000085b00000, 0x0000000085b00000| Untracked 
|  19|0x0000000085b00000, 0x0000000085c00000, 0x0000000085c00000|100%| O|  |TAMS 0x0000000085c00000, 0x0000000085c00000| Untracked 
|  20|0x0000000085c00000, 0x0000000085d00000, 0x0000000085d00000|100%| O|  |TAMS 0x0000000085d00000, 0x0000000085d00000| Untracked 
|  21|0x0000000085d00000, 0x0000000085e00000, 0x0000000085e00000|100%| O|  |TAMS 0x0000000085d00000, 0x0000000085e00000| Untracked 
|  22|0x0000000085e00000, 0x0000000085f00000, 0x0000000085f00000|100%| O|  |TAMS 0x0000000085f00000, 0x0000000085f00000| Untracked 
|  23|0x0000000085f00000, 0x0000000086000000, 0x0000000086000000|100%| O|  |TAMS 0x0000000086000000, 0x0000000086000000| Untracked 
|  24|0x0000000086000000, 0x0000000086100000, 0x0000000086100000|100%| O|  |TAMS 0x0000000086100000, 0x0000000086100000| Untracked 
|  25|0x0000000086100000, 0x0000000086200000, 0x0000000086200000|100%| O|  |TAMS 0x0000000086200000, 0x0000000086200000| Untracked 
|  26|0x0000000086200000, 0x0000000086300000, 0x0000000086300000|100%| O|  |TAMS 0x0000000086300000, 0x0000000086300000| Untracked 
|  27|0x0000000086300000, 0x0000000086400000, 0x0000000086400000|100%| O|  |TAMS 0x0000000086400000, 0x0000000086400000| Untracked 
|  28|0x0000000086400000, 0x0000000086500000, 0x0000000086500000|100%| O|  |TAMS 0x0000000086500000, 0x0000000086500000| Untracked 
|  29|0x0000000086500000, 0x0000000086600000, 0x0000000086600000|100%|HS|  |TAMS 0x0000000086500000, 0x0000000086600000| Complete 
|  30|0x0000000086600000, 0x0000000086700000, 0x0000000086700000|100%| O|  |TAMS 0x0000000086700000, 0x0000000086700000| Untracked 
|  31|0x0000000086700000, 0x0000000086800000, 0x0000000086800000|100%| O|  |TAMS 0x0000000086800000, 0x0000000086800000| Untracked 
|  32|0x0000000086800000, 0x0000000086900000, 0x0000000086900000|100%| O|  |TAMS 0x0000000086900000, 0x0000000086900000| Untracked 
|  33|0x0000000086900000, 0x0000000086a00000, 0x0000000086a00000|100%| O|  |TAMS 0x0000000086a00000, 0x0000000086a00000| Untracked 
|  34|0x0000000086a00000, 0x0000000086b00000, 0x0000000086b00000|100%| O|  |TAMS 0x0000000086b00000, 0x0000000086b00000| Untracked 
|  35|0x0000000086b00000, 0x0000000086c00000, 0x0000000086c00000|100%| O|  |TAMS 0x0000000086b00000, 0x0000000086c00000| Untracked 
|  36|0x0000000086c00000, 0x0000000086d00000, 0x0000000086d00000|100%| O|  |TAMS 0x0000000086d00000, 0x0000000086d00000| Untracked 
|  37|0x0000000086d00000, 0x0000000086e00000, 0x0000000086e00000|100%|HS|  |TAMS 0x0000000086d00000, 0x0000000086e00000| Complete 
|  38|0x0000000086e00000, 0x0000000086f00000, 0x0000000086f00000|100%|HC|  |TAMS 0x0000000086e00000, 0x0000000086f00000| Complete 
|  39|0x0000000086f00000, 0x0000000087000000, 0x0000000087000000|100%| O|  |TAMS 0x0000000086f00000, 0x0000000087000000| Untracked 
|  40|0x0000000087000000, 0x0000000087100000, 0x0000000087100000|100%| O|  |TAMS 0x0000000087100000, 0x0000000087100000| Untracked 
|  41|0x0000000087100000, 0x0000000087200000, 0x0000000087200000|100%| O|  |TAMS 0x0000000087100000, 0x0000000087200000| Untracked 
|  42|0x0000000087200000, 0x0000000087300000, 0x0000000087300000|100%| O|  |TAMS 0x0000000087300000, 0x0000000087300000| Untracked 
|  43|0x0000000087300000, 0x0000000087400000, 0x0000000087400000|100%| O|  |TAMS 0x0000000087300000, 0x0000000087400000| Untracked 
|  44|0x0000000087400000, 0x0000000087500000, 0x0000000087500000|100%| O|  |TAMS 0x0000000087400000, 0x0000000087500000| Untracked 
|  45|0x0000000087500000, 0x0000000087600000, 0x0000000087600000|100%| O|  |TAMS 0x0000000087500000, 0x0000000087600000| Untracked 
|  46|0x0000000087600000, 0x0000000087700000, 0x0000000087700000|100%| O|  |TAMS 0x0000000087600000, 0x0000000087700000| Untracked 
|  47|0x0000000087700000, 0x0000000087800000, 0x0000000087800000|100%| O|  |TAMS 0x0000000087700000, 0x0000000087800000| Untracked 
|  48|0x0000000087800000, 0x0000000087900000, 0x0000000087900000|100%| O|  |TAMS 0x0000000087900000, 0x0000000087900000| Untracked 
|  49|0x0000000087900000, 0x0000000087a00000, 0x0000000087a00000|100%| O|  |TAMS 0x0000000087a00000, 0x0000000087a00000| Untracked 
|  50|0x0000000087a00000, 0x0000000087b00000, 0x0000000087b00000|100%| O|  |TAMS 0x0000000087a00000, 0x0000000087b00000| Untracked 
|  51|0x0000000087b00000, 0x0000000087c00000, 0x0000000087c00000|100%| O|  |TAMS 0x0000000087b00000, 0x0000000087c00000| Untracked 
|  52|0x0000000087c00000, 0x0000000087d00000, 0x0000000087d00000|100%| O|  |TAMS 0x0000000087c00000, 0x0000000087d00000| Untracked 
|  53|0x0000000087d00000, 0x0000000087e00000, 0x0000000087e00000|100%| O|  |TAMS 0x0000000087d00000, 0x0000000087e00000| Untracked 
|  54|0x0000000087e00000, 0x0000000087f00000, 0x0000000087f00000|100%| O|  |TAMS 0x0000000087e00000, 0x0000000087f00000| Untracked 
|  55|0x0000000087f00000, 0x0000000088000000, 0x0000000088000000|100%| O|  |TAMS 0x0000000088000000, 0x0000000088000000| Untracked 
|  56|0x0000000088000000, 0x0000000088100000, 0x0000000088100000|100%| O|  |TAMS 0x0000000088100000, 0x0000000088100000| Untracked 
|  57|0x0000000088100000, 0x0000000088200000, 0x0000000088200000|100%| O|  |TAMS 0x0000000088200000, 0x0000000088200000| Untracked 
|  58|0x0000000088200000, 0x0000000088300000, 0x0000000088300000|100%| O|  |TAMS 0x0000000088300000, 0x0000000088300000| Untracked 
|  59|0x0000000088300000, 0x0000000088400000, 0x0000000088400000|100%| O|  |TAMS 0x0000000088400000, 0x0000000088400000| Untracked 
|  60|0x0000000088400000, 0x0000000088500000, 0x0000000088500000|100%| O|  |TAMS 0x0000000088500000, 0x0000000088500000| Untracked 
|  61|0x0000000088500000, 0x0000000088600000, 0x0000000088600000|100%| O|  |TAMS 0x0000000088564e00, 0x0000000088600000| Untracked 
|  62|0x0000000088600000, 0x0000000088700000, 0x0000000088700000|100%| O|  |TAMS 0x0000000088600000, 0x0000000088700000| Untracked 
|  63|0x0000000088700000, 0x0000000088800000, 0x0000000088800000|100%| O|  |TAMS 0x0000000088700000, 0x0000000088800000| Untracked 
|  64|0x0000000088800000, 0x0000000088900000, 0x0000000088900000|100%| O|  |TAMS 0x0000000088800000, 0x0000000088900000| Untracked 
|  65|0x0000000088900000, 0x0000000088a00000, 0x0000000088a00000|100%| O|  |TAMS 0x0000000088900000, 0x0000000088a00000| Untracked 
|  66|0x0000000088a00000, 0x0000000088ae9800, 0x0000000088b00000| 91%| O|  |TAMS 0x0000000088a00000, 0x0000000088ae9800| Untracked 
|  67|0x0000000088b00000, 0x0000000088c00000, 0x0000000088c00000|100%| O|  |TAMS 0x0000000088b00000, 0x0000000088c00000| Untracked 
|  68|0x0000000088c00000, 0x0000000088d00000, 0x0000000088d00000|100%| O|  |TAMS 0x0000000088c00000, 0x0000000088d00000| Untracked 
|  69|0x0000000088d00000, 0x0000000088e00000, 0x0000000088e00000|100%| O|  |TAMS 0x0000000088d00000, 0x0000000088e00000| Untracked 
|  70|0x0000000088e00000, 0x0000000088f00000, 0x0000000088f00000|100%| O|  |TAMS 0x0000000088e00000, 0x0000000088f00000| Untracked 
|  71|0x0000000088f00000, 0x0000000089000000, 0x0000000089000000|100%| O|  |TAMS 0x0000000088f00000, 0x0000000089000000| Untracked 
|  72|0x0000000089000000, 0x0000000089100000, 0x0000000089100000|100%| O|  |TAMS 0x0000000089000000, 0x0000000089100000| Untracked 
|  73|0x0000000089100000, 0x0000000089200000, 0x0000000089200000|100%| O|  |TAMS 0x0000000089100000, 0x0000000089200000| Untracked 
|  74|0x0000000089200000, 0x0000000089300000, 0x0000000089300000|100%| O|  |TAMS 0x0000000089200000, 0x0000000089300000| Untracked 
|  75|0x0000000089300000, 0x0000000089400000, 0x0000000089400000|100%| O|  |TAMS 0x0000000089300000, 0x0000000089400000| Untracked 
|  76|0x0000000089400000, 0x0000000089500000, 0x0000000089500000|100%| O|  |TAMS 0x0000000089400000, 0x0000000089500000| Untracked 
|  77|0x0000000089500000, 0x0000000089600000, 0x0000000089600000|100%| O|  |TAMS 0x0000000089500000, 0x0000000089600000| Untracked 
|  78|0x0000000089600000, 0x0000000089700000, 0x0000000089700000|100%| O|  |TAMS 0x0000000089600000, 0x0000000089700000| Untracked 
|  79|0x0000000089700000, 0x0000000089800000, 0x0000000089800000|100%| O|  |TAMS 0x0000000089700000, 0x0000000089800000| Untracked 
|  80|0x0000000089800000, 0x0000000089900000, 0x0000000089900000|100%| O|  |TAMS 0x0000000089800000, 0x0000000089900000| Untracked 
|  81|0x0000000089900000, 0x0000000089a00000, 0x0000000089a00000|100%| O|  |TAMS 0x0000000089900000, 0x0000000089a00000| Untracked 
|  82|0x0000000089a00000, 0x0000000089b00000, 0x0000000089b00000|100%| O|  |TAMS 0x0000000089a00000, 0x0000000089b00000| Untracked 
|  83|0x0000000089b00000, 0x0000000089c00000, 0x0000000089c00000|100%| O|  |TAMS 0x0000000089b00000, 0x0000000089c00000| Untracked 
|  84|0x0000000089c00000, 0x0000000089d00000, 0x0000000089d00000|100%| O|  |TAMS 0x0000000089c00000, 0x0000000089d00000| Untracked 
|  85|0x0000000089d00000, 0x0000000089e00000, 0x0000000089e00000|100%| O|  |TAMS 0x0000000089d00000, 0x0000000089e00000| Untracked 
|  86|0x0000000089e00000, 0x0000000089f00000, 0x0000000089f00000|100%| O|  |TAMS 0x0000000089e00000, 0x0000000089f00000| Untracked 
|  87|0x0000000089f00000, 0x000000008a000000, 0x000000008a000000|100%| O|  |TAMS 0x0000000089f00000, 0x000000008a000000| Untracked 
|  88|0x000000008a000000, 0x000000008a100000, 0x000000008a100000|100%| O|  |TAMS 0x000000008a000000, 0x000000008a100000| Untracked 
|  89|0x000000008a100000, 0x000000008a200000, 0x000000008a200000|100%| O|  |TAMS 0x000000008a100000, 0x000000008a200000| Untracked 
|  90|0x000000008a200000, 0x000000008a300000, 0x000000008a300000|100%| O|  |TAMS 0x000000008a200000, 0x000000008a300000| Untracked 
|  91|0x000000008a300000, 0x000000008a400000, 0x000000008a400000|100%| O|  |TAMS 0x000000008a300000, 0x000000008a400000| Untracked 
|  92|0x000000008a400000, 0x000000008a500000, 0x000000008a500000|100%| O|  |TAMS 0x000000008a400000, 0x000000008a500000| Untracked 
|  93|0x000000008a500000, 0x000000008a600000, 0x000000008a600000|100%| O|  |TAMS 0x000000008a500000, 0x000000008a600000| Untracked 
|  94|0x000000008a600000, 0x000000008a700000, 0x000000008a700000|100%| O|  |TAMS 0x000000008a600000, 0x000000008a700000| Untracked 
|  95|0x000000008a700000, 0x000000008a800000, 0x000000008a800000|100%| O|  |TAMS 0x000000008a700000, 0x000000008a800000| Untracked 
|  96|0x000000008a800000, 0x000000008a900000, 0x000000008a900000|100%| O|  |TAMS 0x000000008a800000, 0x000000008a900000| Untracked 
|  97|0x000000008a900000, 0x000000008aa00000, 0x000000008aa00000|100%| O|  |TAMS 0x000000008a900000, 0x000000008aa00000| Untracked 
|  98|0x000000008aa00000, 0x000000008ab00000, 0x000000008ab00000|100%| O|  |TAMS 0x000000008aa00000, 0x000000008ab00000| Untracked 
|  99|0x000000008ab00000, 0x000000008ac00000, 0x000000008ac00000|100%| O|  |TAMS 0x000000008ab00000, 0x000000008ac00000| Untracked 
| 100|0x000000008ac00000, 0x000000008ad00000, 0x000000008ad00000|100%| O|  |TAMS 0x000000008ac00000, 0x000000008ad00000| Untracked 
| 101|0x000000008ad00000, 0x000000008ae00000, 0x000000008ae00000|100%| O|  |TAMS 0x000000008ad00000, 0x000000008ae00000| Untracked 
| 102|0x000000008ae00000, 0x000000008af00000, 0x000000008af00000|100%| O|  |TAMS 0x000000008ae00000, 0x000000008af00000| Untracked 
| 103|0x000000008af00000, 0x000000008b000000, 0x000000008b000000|100%| O|  |TAMS 0x000000008af00000, 0x000000008b000000| Untracked 
| 104|0x000000008b000000, 0x000000008b100000, 0x000000008b100000|100%| O|  |TAMS 0x000000008b000000, 0x000000008b100000| Untracked 
| 105|0x000000008b100000, 0x000000008b200000, 0x000000008b200000|100%| O|  |TAMS 0x000000008b100000, 0x000000008b200000| Untracked 
| 106|0x000000008b200000, 0x000000008b300000, 0x000000008b300000|100%| O|  |TAMS 0x000000008b200000, 0x000000008b300000| Untracked 
| 107|0x000000008b300000, 0x000000008b400000, 0x000000008b400000|100%| O|  |TAMS 0x000000008b300000, 0x000000008b400000| Untracked 
| 108|0x000000008b400000, 0x000000008b500000, 0x000000008b500000|100%| O|  |TAMS 0x000000008b400000, 0x000000008b500000| Untracked 
| 109|0x000000008b500000, 0x000000008b600000, 0x000000008b600000|100%| O|  |TAMS 0x000000008b500000, 0x000000008b600000| Untracked 
| 110|0x000000008b600000, 0x000000008b700000, 0x000000008b700000|100%| O|  |TAMS 0x000000008b600000, 0x000000008b700000| Untracked 
| 111|0x000000008b700000, 0x000000008b800000, 0x000000008b800000|100%| O|  |TAMS 0x000000008b700000, 0x000000008b800000| Untracked 
| 112|0x000000008b800000, 0x000000008b900000, 0x000000008b900000|100%| O|  |TAMS 0x000000008b800000, 0x000000008b900000| Untracked 
| 113|0x000000008b900000, 0x000000008ba00000, 0x000000008ba00000|100%| O|  |TAMS 0x000000008b900000, 0x000000008ba00000| Untracked 
| 114|0x000000008ba00000, 0x000000008bb00000, 0x000000008bb00000|100%| O|  |TAMS 0x000000008ba00000, 0x000000008bb00000| Untracked 
| 115|0x000000008bb00000, 0x000000008bc00000, 0x000000008bc00000|100%| O|  |TAMS 0x000000008bb00000, 0x000000008bc00000| Untracked 
| 116|0x000000008bc00000, 0x000000008bd00000, 0x000000008bd00000|100%| O|  |TAMS 0x000000008bc00000, 0x000000008bd00000| Untracked 
| 117|0x000000008bd00000, 0x000000008be00000, 0x000000008be00000|100%| O|  |TAMS 0x000000008bd00000, 0x000000008be00000| Untracked 
| 118|0x000000008be00000, 0x000000008bf00000, 0x000000008bf00000|100%| O|  |TAMS 0x000000008be00000, 0x000000008bf00000| Untracked 
| 119|0x000000008bf00000, 0x000000008c000000, 0x000000008c000000|100%| O|  |TAMS 0x000000008bf00000, 0x000000008c000000| Untracked 
| 120|0x000000008c000000, 0x000000008c100000, 0x000000008c100000|100%| O|  |TAMS 0x000000008c000000, 0x000000008c100000| Untracked 
| 121|0x000000008c100000, 0x000000008c200000, 0x000000008c200000|100%| O|  |TAMS 0x000000008c100000, 0x000000008c200000| Untracked 
| 122|0x000000008c200000, 0x000000008c2dfa00, 0x000000008c300000| 87%| O|  |TAMS 0x000000008c200000, 0x000000008c280000| Untracked 
| 123|0x000000008c300000, 0x000000008c300000, 0x000000008c400000|  0%| F|  |TAMS 0x000000008c300000, 0x000000008c300000| Untracked 
| 124|0x000000008c400000, 0x000000008c400000, 0x000000008c500000|  0%| F|  |TAMS 0x000000008c400000, 0x000000008c400000| Untracked 
| 125|0x000000008c500000, 0x000000008c500000, 0x000000008c600000|  0%| F|  |TAMS 0x000000008c500000, 0x000000008c500000| Untracked 
| 126|0x000000008c600000, 0x000000008c600000, 0x000000008c700000|  0%| F|  |TAMS 0x000000008c600000, 0x000000008c600000| Untracked 
| 127|0x000000008c700000, 0x000000008c700000, 0x000000008c800000|  0%| F|  |TAMS 0x000000008c700000, 0x000000008c700000| Untracked 
| 128|0x000000008c800000, 0x000000008c800000, 0x000000008c900000|  0%| F|  |TAMS 0x000000008c800000, 0x000000008c800000| Untracked 
| 129|0x000000008c900000, 0x000000008c900000, 0x000000008ca00000|  0%| F|  |TAMS 0x000000008c900000, 0x000000008c900000| Untracked 
| 130|0x000000008ca00000, 0x000000008ca00000, 0x000000008cb00000|  0%| F|  |TAMS 0x000000008ca00000, 0x000000008ca00000| Untracked 
| 131|0x000000008cb00000, 0x000000008cb00000, 0x000000008cc00000|  0%| F|  |TAMS 0x000000008cb00000, 0x000000008cb00000| Untracked 
| 132|0x000000008cc00000, 0x000000008cc00000, 0x000000008cd00000|  0%| F|  |TAMS 0x000000008cc00000, 0x000000008cc00000| Untracked 
| 133|0x000000008cd00000, 0x000000008cd00000, 0x000000008ce00000|  0%| F|  |TAMS 0x000000008cd00000, 0x000000008cd00000| Untracked 
| 134|0x000000008ce00000, 0x000000008ce00000, 0x000000008cf00000|  0%| F|  |TAMS 0x000000008ce00000, 0x000000008ce00000| Untracked 
| 135|0x000000008cf00000, 0x000000008cf00000, 0x000000008d000000|  0%| F|  |TAMS 0x000000008cf00000, 0x000000008cf00000| Untracked 
| 136|0x000000008d000000, 0x000000008d000000, 0x000000008d100000|  0%| F|  |TAMS 0x000000008d000000, 0x000000008d000000| Untracked 
| 137|0x000000008d100000, 0x000000008d100000, 0x000000008d200000|  0%| F|  |TAMS 0x000000008d100000, 0x000000008d100000| Untracked 
| 138|0x000000008d200000, 0x000000008d200000, 0x000000008d300000|  0%| F|  |TAMS 0x000000008d200000, 0x000000008d200000| Untracked 
| 139|0x000000008d300000, 0x000000008d300000, 0x000000008d400000|  0%| F|  |TAMS 0x000000008d300000, 0x000000008d300000| Untracked 
| 140|0x000000008d400000, 0x000000008d400000, 0x000000008d500000|  0%| F|  |TAMS 0x000000008d400000, 0x000000008d400000| Untracked 
| 141|0x000000008d500000, 0x000000008d500000, 0x000000008d600000|  0%| F|  |TAMS 0x000000008d500000, 0x000000008d500000| Untracked 
| 142|0x000000008d600000, 0x000000008d600000, 0x000000008d700000|  0%| F|  |TAMS 0x000000008d600000, 0x000000008d600000| Untracked 
| 143|0x000000008d700000, 0x000000008d700000, 0x000000008d800000|  0%| F|  |TAMS 0x000000008d700000, 0x000000008d700000| Untracked 
| 144|0x000000008d800000, 0x000000008d800000, 0x000000008d900000|  0%| F|  |TAMS 0x000000008d800000, 0x000000008d800000| Untracked 
| 145|0x000000008d900000, 0x000000008d900000, 0x000000008da00000|  0%| F|  |TAMS 0x000000008d900000, 0x000000008d900000| Untracked 
| 146|0x000000008da00000, 0x000000008da00000, 0x000000008db00000|  0%| F|  |TAMS 0x000000008da00000, 0x000000008da00000| Untracked 
| 147|0x000000008db00000, 0x000000008db00000, 0x000000008dc00000|  0%| F|  |TAMS 0x000000008db00000, 0x000000008db00000| Untracked 
| 148|0x000000008dc00000, 0x000000008dc00000, 0x000000008dd00000|  0%| F|  |TAMS 0x000000008dc00000, 0x000000008dc00000| Untracked 
| 149|0x000000008dd00000, 0x000000008dd00000, 0x000000008de00000|  0%| F|  |TAMS 0x000000008dd00000, 0x000000008dd00000| Untracked 
| 150|0x000000008de00000, 0x000000008de00000, 0x000000008df00000|  0%| F|  |TAMS 0x000000008de00000, 0x000000008de00000| Untracked 
| 151|0x000000008df00000, 0x000000008df00000, 0x000000008e000000|  0%| F|  |TAMS 0x000000008df00000, 0x000000008df00000| Untracked 
| 152|0x000000008e000000, 0x000000008e000000, 0x000000008e100000|  0%| F|  |TAMS 0x000000008e000000, 0x000000008e000000| Untracked 
| 153|0x000000008e100000, 0x000000008e100000, 0x000000008e200000|  0%| F|  |TAMS 0x000000008e100000, 0x000000008e100000| Untracked 
| 154|0x000000008e200000, 0x000000008e200000, 0x000000008e300000|  0%| F|  |TAMS 0x000000008e200000, 0x000000008e200000| Untracked 
| 155|0x000000008e300000, 0x000000008e300000, 0x000000008e400000|  0%| F|  |TAMS 0x000000008e300000, 0x000000008e300000| Untracked 
| 156|0x000000008e400000, 0x000000008e400000, 0x000000008e500000|  0%| F|  |TAMS 0x000000008e400000, 0x000000008e400000| Untracked 
| 157|0x000000008e500000, 0x000000008e500000, 0x000000008e600000|  0%| F|  |TAMS 0x000000008e500000, 0x000000008e500000| Untracked 
| 158|0x000000008e600000, 0x000000008e600000, 0x000000008e700000|  0%| F|  |TAMS 0x000000008e600000, 0x000000008e600000| Untracked 
| 159|0x000000008e700000, 0x000000008e700000, 0x000000008e800000|  0%| F|  |TAMS 0x000000008e700000, 0x000000008e700000| Untracked 
| 160|0x000000008e800000, 0x000000008e800000, 0x000000008e900000|  0%| F|  |TAMS 0x000000008e800000, 0x000000008e800000| Untracked 
| 161|0x000000008e900000, 0x000000008e900000, 0x000000008ea00000|  0%| F|  |TAMS 0x000000008e900000, 0x000000008e900000| Untracked 
| 162|0x000000008ea00000, 0x000000008ea00000, 0x000000008eb00000|  0%| F|  |TAMS 0x000000008ea00000, 0x000000008ea00000| Untracked 
| 163|0x000000008eb00000, 0x000000008eb00000, 0x000000008ec00000|  0%| F|  |TAMS 0x000000008eb00000, 0x000000008eb00000| Untracked 
| 164|0x000000008ec00000, 0x000000008ec00000, 0x000000008ed00000|  0%| F|  |TAMS 0x000000008ec00000, 0x000000008ec00000| Untracked 
| 165|0x000000008ed00000, 0x000000008ed00000, 0x000000008ee00000|  0%| F|  |TAMS 0x000000008ed00000, 0x000000008ed00000| Untracked 
| 166|0x000000008ee00000, 0x000000008ee00000, 0x000000008ef00000|  0%| F|  |TAMS 0x000000008ee00000, 0x000000008ee00000| Untracked 
| 167|0x000000008ef00000, 0x000000008ef00000, 0x000000008f000000|  0%| F|  |TAMS 0x000000008ef00000, 0x000000008ef00000| Untracked 
| 168|0x000000008f000000, 0x000000008f000000, 0x000000008f100000|  0%| F|  |TAMS 0x000000008f000000, 0x000000008f000000| Untracked 
| 169|0x000000008f100000, 0x000000008f100000, 0x000000008f200000|  0%| F|  |TAMS 0x000000008f100000, 0x000000008f100000| Untracked 
| 170|0x000000008f200000, 0x000000008f200000, 0x000000008f300000|  0%| F|  |TAMS 0x000000008f200000, 0x000000008f200000| Untracked 
| 171|0x000000008f300000, 0x000000008f300000, 0x000000008f400000|  0%| F|  |TAMS 0x000000008f300000, 0x000000008f300000| Untracked 
| 172|0x000000008f400000, 0x000000008f400000, 0x000000008f500000|  0%| F|  |TAMS 0x000000008f400000, 0x000000008f400000| Untracked 
| 173|0x000000008f500000, 0x000000008f500000, 0x000000008f600000|  0%| F|  |TAMS 0x000000008f500000, 0x000000008f500000| Untracked 
| 174|0x000000008f600000, 0x000000008f600000, 0x000000008f700000|  0%| F|  |TAMS 0x000000008f600000, 0x000000008f600000| Untracked 
| 175|0x000000008f700000, 0x000000008f700000, 0x000000008f800000|  0%| F|  |TAMS 0x000000008f700000, 0x000000008f700000| Untracked 
| 176|0x000000008f800000, 0x000000008f800000, 0x000000008f900000|  0%| F|  |TAMS 0x000000008f800000, 0x000000008f800000| Untracked 
| 177|0x000000008f900000, 0x000000008f900000, 0x000000008fa00000|  0%| F|  |TAMS 0x000000008f900000, 0x000000008f900000| Untracked 
| 178|0x000000008fa00000, 0x000000008fa00000, 0x000000008fb00000|  0%| F|  |TAMS 0x000000008fa00000, 0x000000008fa00000| Untracked 
| 179|0x000000008fb00000, 0x000000008fb00000, 0x000000008fc00000|  0%| F|  |TAMS 0x000000008fb00000, 0x000000008fb00000| Untracked 
| 180|0x000000008fc00000, 0x000000008fc00000, 0x000000008fd00000|  0%| F|  |TAMS 0x000000008fc00000, 0x000000008fc00000| Untracked 
| 181|0x000000008fd00000, 0x000000008fd00000, 0x000000008fe00000|  0%| F|  |TAMS 0x000000008fd00000, 0x000000008fd00000| Untracked 
| 182|0x000000008fe00000, 0x000000008fe00000, 0x000000008ff00000|  0%| F|  |TAMS 0x000000008fe00000, 0x000000008fe00000| Untracked 
| 183|0x000000008ff00000, 0x000000008ff00000, 0x0000000090000000|  0%| F|  |TAMS 0x000000008ff00000, 0x000000008ff00000| Untracked 
| 184|0x0000000090000000, 0x0000000090000000, 0x0000000090100000|  0%| F|  |TAMS 0x0000000090000000, 0x0000000090000000| Untracked 
| 185|0x0000000090100000, 0x0000000090100000, 0x0000000090200000|  0%| F|  |TAMS 0x0000000090100000, 0x0000000090100000| Untracked 
| 186|0x0000000090200000, 0x0000000090200000, 0x0000000090300000|  0%| F|  |TAMS 0x0000000090200000, 0x0000000090200000| Untracked 
| 187|0x0000000090300000, 0x0000000090300000, 0x0000000090400000|  0%| F|  |TAMS 0x0000000090300000, 0x0000000090300000| Untracked 
| 188|0x0000000090400000, 0x0000000090500000, 0x0000000090500000|100%| S|CS|TAMS 0x0000000090400000, 0x0000000090400000| Complete 
| 189|0x0000000090500000, 0x0000000090600000, 0x0000000090600000|100%| S|CS|TAMS 0x0000000090500000, 0x0000000090500000| Complete 
| 190|0x0000000090600000, 0x0000000090700000, 0x0000000090700000|100%| S|CS|TAMS 0x0000000090600000, 0x0000000090600000| Complete 
| 191|0x0000000090700000, 0x0000000090800000, 0x0000000090800000|100%| S|CS|TAMS 0x0000000090700000, 0x0000000090700000| Complete 
| 192|0x0000000090800000, 0x0000000090900000, 0x0000000090900000|100%| S|CS|TAMS 0x0000000090800000, 0x0000000090800000| Complete 
| 193|0x0000000090900000, 0x0000000090a00000, 0x0000000090a00000|100%| S|CS|TAMS 0x0000000090900000, 0x0000000090900000| Complete 
| 194|0x0000000090a00000, 0x0000000090b00000, 0x0000000090b00000|100%| S|CS|TAMS 0x0000000090a00000, 0x0000000090a00000| Complete 
| 195|0x0000000090b00000, 0x0000000090c00000, 0x0000000090c00000|100%| S|CS|TAMS 0x0000000090b00000, 0x0000000090b00000| Complete 
| 196|0x0000000090c00000, 0x0000000090d00000, 0x0000000090d00000|100%| S|CS|TAMS 0x0000000090c00000, 0x0000000090c00000| Complete 
| 197|0x0000000090d00000, 0x0000000090d00000, 0x0000000090e00000|  0%| F|  |TAMS 0x0000000090d00000, 0x0000000090d00000| Untracked 
| 198|0x0000000090e00000, 0x0000000090e00000, 0x0000000090f00000|  0%| F|  |TAMS 0x0000000090e00000, 0x0000000090e00000| Untracked 
| 199|0x0000000090f00000, 0x0000000090f00000, 0x0000000091000000|  0%| F|  |TAMS 0x0000000090f00000, 0x0000000090f00000| Untracked 
| 200|0x0000000091000000, 0x0000000091000000, 0x0000000091100000|  0%| F|  |TAMS 0x0000000091000000, 0x0000000091000000| Untracked 
| 201|0x0000000091100000, 0x0000000091100000, 0x0000000091200000|  0%| F|  |TAMS 0x0000000091100000, 0x0000000091100000| Untracked 
| 202|0x0000000091200000, 0x0000000091200000, 0x0000000091300000|  0%| F|  |TAMS 0x0000000091200000, 0x0000000091200000| Untracked 
| 203|0x0000000091300000, 0x0000000091300000, 0x0000000091400000|  0%| F|  |TAMS 0x0000000091300000, 0x0000000091300000| Untracked 
| 204|0x0000000091400000, 0x0000000091400000, 0x0000000091500000|  0%| F|  |TAMS 0x0000000091400000, 0x0000000091400000| Untracked 
| 205|0x0000000091500000, 0x0000000091500000, 0x0000000091600000|  0%| F|  |TAMS 0x0000000091500000, 0x0000000091500000| Untracked 
| 206|0x0000000091600000, 0x0000000091600000, 0x0000000091700000|  0%| F|  |TAMS 0x0000000091600000, 0x0000000091600000| Untracked 
| 207|0x0000000091700000, 0x0000000091700000, 0x0000000091800000|  0%| F|  |TAMS 0x0000000091700000, 0x0000000091700000| Untracked 
| 208|0x0000000091800000, 0x0000000091800000, 0x0000000091900000|  0%| F|  |TAMS 0x0000000091800000, 0x0000000091800000| Untracked 
| 209|0x0000000091900000, 0x0000000091900000, 0x0000000091a00000|  0%| F|  |TAMS 0x0000000091900000, 0x0000000091900000| Untracked 
| 210|0x0000000091a00000, 0x0000000091a00000, 0x0000000091b00000|  0%| F|  |TAMS 0x0000000091a00000, 0x0000000091a00000| Untracked 
| 211|0x0000000091b00000, 0x0000000091b00000, 0x0000000091c00000|  0%| F|  |TAMS 0x0000000091b00000, 0x0000000091b00000| Untracked 
| 212|0x0000000091c00000, 0x0000000091c00000, 0x0000000091d00000|  0%| F|  |TAMS 0x0000000091c00000, 0x0000000091c00000| Untracked 
| 213|0x0000000091d00000, 0x0000000091d00000, 0x0000000091e00000|  0%| F|  |TAMS 0x0000000091d00000, 0x0000000091d00000| Untracked 
| 214|0x0000000091e00000, 0x0000000091e00000, 0x0000000091f00000|  0%| F|  |TAMS 0x0000000091e00000, 0x0000000091e00000| Untracked 
| 215|0x0000000091f00000, 0x0000000091f00000, 0x0000000092000000|  0%| F|  |TAMS 0x0000000091f00000, 0x0000000091f00000| Untracked 
| 216|0x0000000092000000, 0x0000000092000000, 0x0000000092100000|  0%| F|  |TAMS 0x0000000092000000, 0x0000000092000000| Untracked 
| 217|0x0000000092100000, 0x0000000092100000, 0x0000000092200000|  0%| F|  |TAMS 0x0000000092100000, 0x0000000092100000| Untracked 
| 218|0x0000000092200000, 0x0000000092200000, 0x0000000092300000|  0%| F|  |TAMS 0x0000000092200000, 0x0000000092200000| Untracked 
| 219|0x0000000092300000, 0x0000000092300000, 0x0000000092400000|  0%| F|  |TAMS 0x0000000092300000, 0x0000000092300000| Untracked 
| 220|0x0000000092400000, 0x0000000092400000, 0x0000000092500000|  0%| F|  |TAMS 0x0000000092400000, 0x0000000092400000| Untracked 
| 221|0x0000000092500000, 0x0000000092500000, 0x0000000092600000|  0%| F|  |TAMS 0x0000000092500000, 0x0000000092500000| Untracked 
| 222|0x0000000092600000, 0x0000000092600000, 0x0000000092700000|  0%| F|  |TAMS 0x0000000092600000, 0x0000000092600000| Untracked 
| 223|0x0000000092700000, 0x0000000092700000, 0x0000000092800000|  0%| F|  |TAMS 0x0000000092700000, 0x0000000092700000| Untracked 
| 224|0x0000000092800000, 0x0000000092800000, 0x0000000092900000|  0%| F|  |TAMS 0x0000000092800000, 0x0000000092800000| Untracked 
| 225|0x0000000092900000, 0x0000000092900000, 0x0000000092a00000|  0%| F|  |TAMS 0x0000000092900000, 0x0000000092900000| Untracked 
| 226|0x0000000092a00000, 0x0000000092a00000, 0x0000000092b00000|  0%| F|  |TAMS 0x0000000092a00000, 0x0000000092a00000| Untracked 
| 227|0x0000000092b00000, 0x0000000092b00000, 0x0000000092c00000|  0%| F|  |TAMS 0x0000000092b00000, 0x0000000092b00000| Untracked 
| 228|0x0000000092c00000, 0x0000000092c00000, 0x0000000092d00000|  0%| F|  |TAMS 0x0000000092c00000, 0x0000000092c00000| Untracked 
| 229|0x0000000092d00000, 0x0000000092d00000, 0x0000000092e00000|  0%| F|  |TAMS 0x0000000092d00000, 0x0000000092d00000| Untracked 
| 230|0x0000000092e00000, 0x0000000092e00000, 0x0000000092f00000|  0%| F|  |TAMS 0x0000000092e00000, 0x0000000092e00000| Untracked 
| 231|0x0000000092f00000, 0x0000000092f00000, 0x0000000093000000|  0%| F|  |TAMS 0x0000000092f00000, 0x0000000092f00000| Untracked 
| 232|0x0000000093000000, 0x0000000093000000, 0x0000000093100000|  0%| F|  |TAMS 0x0000000093000000, 0x0000000093000000| Untracked 
| 233|0x0000000093100000, 0x0000000093100000, 0x0000000093200000|  0%| F|  |TAMS 0x0000000093100000, 0x0000000093100000| Untracked 
| 234|0x0000000093200000, 0x0000000093200000, 0x0000000093300000|  0%| F|  |TAMS 0x0000000093200000, 0x0000000093200000| Untracked 
| 235|0x0000000093300000, 0x0000000093300000, 0x0000000093400000|  0%| F|  |TAMS 0x0000000093300000, 0x0000000093300000| Untracked 
| 236|0x0000000093400000, 0x0000000093400000, 0x0000000093500000|  0%| F|  |TAMS 0x0000000093400000, 0x0000000093400000| Untracked 
| 237|0x0000000093500000, 0x0000000093500000, 0x0000000093600000|  0%| F|  |TAMS 0x0000000093500000, 0x0000000093500000| Untracked 
| 238|0x0000000093600000, 0x0000000093600000, 0x0000000093700000|  0%| F|  |TAMS 0x0000000093600000, 0x0000000093600000| Untracked 
| 239|0x0000000093700000, 0x0000000093700000, 0x0000000093800000|  0%| F|  |TAMS 0x0000000093700000, 0x0000000093700000| Untracked 
| 240|0x0000000093800000, 0x0000000093800000, 0x0000000093900000|  0%| F|  |TAMS 0x0000000093800000, 0x0000000093800000| Untracked 
| 241|0x0000000093900000, 0x0000000093900000, 0x0000000093a00000|  0%| F|  |TAMS 0x0000000093900000, 0x0000000093900000| Untracked 
| 242|0x0000000093a00000, 0x0000000093a00000, 0x0000000093b00000|  0%| F|  |TAMS 0x0000000093a00000, 0x0000000093a00000| Untracked 
| 243|0x0000000093b00000, 0x0000000093b00000, 0x0000000093c00000|  0%| F|  |TAMS 0x0000000093b00000, 0x0000000093b00000| Untracked 
| 244|0x0000000093c00000, 0x0000000093c00000, 0x0000000093d00000|  0%| F|  |TAMS 0x0000000093c00000, 0x0000000093c00000| Untracked 
| 245|0x0000000093d00000, 0x0000000093d00000, 0x0000000093e00000|  0%| F|  |TAMS 0x0000000093d00000, 0x0000000093d00000| Untracked 
| 246|0x0000000093e00000, 0x0000000093e00000, 0x0000000093f00000|  0%| F|  |TAMS 0x0000000093e00000, 0x0000000093e00000| Untracked 
| 247|0x0000000093f00000, 0x0000000093f00000, 0x0000000094000000|  0%| F|  |TAMS 0x0000000093f00000, 0x0000000093f00000| Untracked 
| 248|0x0000000094000000, 0x0000000094000000, 0x0000000094100000|  0%| F|  |TAMS 0x0000000094000000, 0x0000000094000000| Untracked 
| 249|0x0000000094100000, 0x0000000094100000, 0x0000000094200000|  0%| F|  |TAMS 0x0000000094100000, 0x0000000094100000| Untracked 
| 250|0x0000000094200000, 0x0000000094200000, 0x0000000094300000|  0%| F|  |TAMS 0x0000000094200000, 0x0000000094200000| Untracked 
| 251|0x0000000094300000, 0x0000000094300000, 0x0000000094400000|  0%| F|  |TAMS 0x0000000094300000, 0x0000000094300000| Untracked 
| 252|0x0000000094400000, 0x0000000094400000, 0x0000000094500000|  0%| F|  |TAMS 0x0000000094400000, 0x0000000094400000| Untracked 
| 253|0x0000000094500000, 0x0000000094500000, 0x0000000094600000|  0%| F|  |TAMS 0x0000000094500000, 0x0000000094500000| Untracked 
| 254|0x0000000094600000, 0x0000000094600000, 0x0000000094700000|  0%| F|  |TAMS 0x0000000094600000, 0x0000000094600000| Untracked 
| 255|0x0000000094700000, 0x0000000094700000, 0x0000000094800000|  0%| F|  |TAMS 0x0000000094700000, 0x0000000094700000| Untracked 
| 256|0x0000000094800000, 0x0000000094800000, 0x0000000094900000|  0%| F|  |TAMS 0x0000000094800000, 0x0000000094800000| Untracked 
| 257|0x0000000094900000, 0x0000000094900000, 0x0000000094a00000|  0%| F|  |TAMS 0x0000000094900000, 0x0000000094900000| Untracked 
| 258|0x0000000094a00000, 0x0000000094a00000, 0x0000000094b00000|  0%| F|  |TAMS 0x0000000094a00000, 0x0000000094a00000| Untracked 
| 259|0x0000000094b00000, 0x0000000094b00000, 0x0000000094c00000|  0%| F|  |TAMS 0x0000000094b00000, 0x0000000094b00000| Untracked 
| 260|0x0000000094c00000, 0x0000000094c00000, 0x0000000094d00000|  0%| F|  |TAMS 0x0000000094c00000, 0x0000000094c00000| Untracked 
| 261|0x0000000094d00000, 0x0000000094d00000, 0x0000000094e00000|  0%| F|  |TAMS 0x0000000094d00000, 0x0000000094d00000| Untracked 
| 262|0x0000000094e00000, 0x0000000094e00000, 0x0000000094f00000|  0%| F|  |TAMS 0x0000000094e00000, 0x0000000094e00000| Untracked 
| 263|0x0000000094f00000, 0x0000000094f00000, 0x0000000095000000|  0%| F|  |TAMS 0x0000000094f00000, 0x0000000094f00000| Untracked 
| 264|0x0000000095000000, 0x0000000095000000, 0x0000000095100000|  0%| F|  |TAMS 0x0000000095000000, 0x0000000095000000| Untracked 

Card table byte_map: [0x00000230e04c0000,0x00000230e08a0000] _byte_map_base: 0x00000230e009c000

Marking Bits (Prev, Next): (CMBitMap*) 0x00000230d39e0080, (CMBitMap*) 0x00000230d39e0040
 Prev Bits: [0x00000230e2b60000, 0x00000230e4a40000)
 Next Bits: [0x00000230e0c80000, 0x00000230e2b60000)

Polling page: 0x00000230d36c0000

Metaspace:

Usage:
  Non-class:     61.87 MB used.
      Class:     10.94 MB used.
       Both:     72.82 MB used.

Virtual space:
  Non-class space:       64.00 MB reserved,      62.19 MB ( 97%) committed,  1 nodes.
      Class space:        1.00 GB reserved,      11.31 MB (  1%) committed,  1 nodes.
             Both:        1.06 GB reserved,      73.50 MB (  7%) committed. 

Chunk freelists:
   Non-Class:  1.58 MB
       Class:  4.55 MB
        Both:  6.12 MB

MaxMetaspaceSize: unlimited
CompressedClassSpaceSize: 1.00 GB
Initial GC threshold: 21.00 MB
Current GC threshold: 107.44 MB
CDS: on
MetaspaceReclaimPolicy: balanced
 - commit_granule_bytes: 65536.
 - commit_granule_words: 8192.
 - virtual_space_node_default_size: 8388608.
 - enlarge_chunks_in_place: 1.
 - new_chunks_are_fully_committed: 0.
 - uncommit_free_chunks: 1.
 - use_allocation_guard: 0.
 - handle_deallocations: 1.


Internal statistics:

num_allocs_failed_limit: 13.
num_arena_births: 1012.
num_arena_deaths: 4.
num_vsnodes_births: 2.
num_vsnodes_deaths: 0.
num_space_committed: 1176.
num_space_uncommitted: 0.
num_chunks_returned_to_freelist: 19.
num_chunks_taken_from_freelist: 3801.
num_chunk_merges: 13.
num_chunk_splits: 2760.
num_chunks_enlarged: 2143.
num_inconsistent_stats: 0.

CodeCache: size=49152Kb used=12208Kb max_used=13756Kb free=36943Kb
 bounds [0x00000230dc860000, 0x00000230dd620000, 0x00000230df860000]
 total_blobs=7745 nmethods=7056 adapters=615
 compilation: enabled
              stopped_count=0, restarted_count=0
 full_count=0

Compilation events (20 events):
Event: 159.976 Thread 0x00000230e74f4ad0 7068       1       java.util.concurrent.atomic.AtomicReference::lazySet (9 bytes)
Event: 159.977 Thread 0x00000230e74f4ad0 nmethod 7068 0x00000230dca34410 code [0x00000230dca345e0, 0x00000230dca34938]
Event: 159.977 Thread 0x00000230e74f4ad0 7071       1       com.fasterxml.jackson.databind.JavaType::getRawClass (5 bytes)
Event: 159.977 Thread 0x00000230e74f4ad0 nmethod 7071 0x00000230dca34110 code [0x00000230dca342a0, 0x00000230dca34378]
Event: 160.000 Thread 0x00000230e74f4ad0 7072       1       java.security.MessageDigest::update (11 bytes)
Event: 160.001 Thread 0x00000230e74f4ad0 nmethod 7072 0x00000230dca33d90 code [0x00000230dca33f20, 0x00000230dca34028]
Event: 160.001 Thread 0x00000230e74f4ad0 7073       1       java.security.MessageDigest$Delegate::engineUpdate (9 bytes)
Event: 160.001 Thread 0x00000230e74f4ad0 nmethod 7073 0x00000230dca33a90 code [0x00000230dca33c20, 0x00000230dca33d08]
Event: 160.001 Thread 0x00000230e74f4ad0 7074       1       sun.security.provider.DigestBase::engineUpdate (32 bytes)
Event: 160.001 Thread 0x00000230e74f4ad0 nmethod 7074 0x00000230dca33590 code [0x00000230dca33740, 0x00000230dca33968]
Event: 160.013 Thread 0x00000230e74f4ad0 7075       1       java.util.regex.Pattern$BranchConn::match (11 bytes)
Event: 160.013 Thread 0x00000230e74f4ad0 nmethod 7075 0x00000230dca33290 code [0x00000230dca33420, 0x00000230dca33508]
Event: 160.018 Thread 0x00000230e74f4ad0 7076   !   1       java.io.BufferedReader::read (104 bytes)
Event: 160.018 Thread 0x00000230e74f4ad0 nmethod 7076 0x00000230dca32a10 code [0x00000230dca32be0, 0x00000230dca32f78]
Event: 160.020 Thread 0x00000230e74f4ad0 7077       1       java.io.StreamTokenizer::read (38 bytes)
Event: 160.020 Thread 0x00000230e74f4ad0 nmethod 7077 0x00000230dca32590 code [0x00000230dca32740, 0x00000230dca32928]
Event: 160.152 Thread 0x00000230e74f4ad0 7078       1       org.hibernate.query.sqm.tree.expression.AbstractSqmExpression::nodeBuilder (8 bytes)
Event: 160.152 Thread 0x00000230e74f4ad0 nmethod 7078 0x00000230dca32290 code [0x00000230dca32420, 0x00000230dca32518]
Event: 160.199 Thread 0x00000230e74f4ad0 7079       1       java.lang.reflect.Proxy$ProxyBuilder::referencedTypes (113 bytes)
Event: 160.200 Thread 0x00000230e74f4ad0 nmethod 7079 0x00000230dca31290 code [0x00000230dca31520, 0x00000230dca31cb8]

GC Heap History (20 events):
Event: 12.495 GC heap after
{Heap after GC invocations=19 (full 0):
 garbage-first heap   total 101376K, used 45481K [0x0000000084800000, 0x0000000100000000)
  region size 1024K, 4 young (4096K), 4 survivors (4096K)
 Metaspace       used 63585K, committed 64192K, reserved 1114112K
  class space    used 9473K, committed 9728K, reserved 1048576K
}
Event: 12.571 GC heap before
{Heap before GC invocations=19 (full 0):
 garbage-first heap   total 101376K, used 74153K [0x0000000084800000, 0x0000000100000000)
  region size 1024K, 31 young (31744K), 4 survivors (4096K)
 Metaspace       used 63585K, committed 64192K, reserved 1114112K
  class space    used 9473K, committed 9728K, reserved 1048576K
}
Event: 12.581 GC heap after
{Heap after GC invocations=20 (full 0):
 garbage-first heap   total 101376K, used 57716K [0x0000000084800000, 0x0000000100000000)
  region size 1024K, 4 young (4096K), 4 survivors (4096K)
 Metaspace       used 63585K, committed 64192K, reserved 1114112K
  class space    used 9473K, committed 9728K, reserved 1048576K
}
Event: 12.625 GC heap before
{Heap before GC invocations=20 (full 0):
 garbage-first heap   total 101376K, used 75124K [0x0000000084800000, 0x0000000100000000)
  region size 1024K, 21 young (21504K), 4 survivors (4096K)
 Metaspace       used 63586K, committed 64192K, reserved 1114112K
  class space    used 9473K, committed 9728K, reserved 1048576K
}
Event: 12.632 GC heap after
{Heap after GC invocations=21 (full 0):
 garbage-first heap   total 101376K, used 60632K [0x0000000084800000, 0x0000000100000000)
  region size 1024K, 2 young (2048K), 2 survivors (2048K)
 Metaspace       used 63586K, committed 64192K, reserved 1114112K
  class space    used 9473K, committed 9728K, reserved 1048576K
}
Event: 12.850 GC heap before
{Heap before GC invocations=22 (full 0):
 garbage-first heap   total 116736K, used 74968K [0x0000000084800000, 0x0000000100000000)
  region size 1024K, 18 young (18432K), 2 survivors (2048K)
 Metaspace       used 65319K, committed 65984K, reserved 1114112K
  class space    used 9853K, committed 10112K, reserved 1048576K
}
Event: 12.855 GC heap after
{Heap after GC invocations=23 (full 0):
 garbage-first heap   total 116736K, used 61747K [0x0000000084800000, 0x0000000100000000)
  region size 1024K, 3 young (3072K), 3 survivors (3072K)
 Metaspace       used 65319K, committed 65984K, reserved 1114112K
  class space    used 9853K, committed 10112K, reserved 1048576K
}
Event: 12.861 GC heap before
{Heap before GC invocations=23 (full 0):
 garbage-first heap   total 116736K, used 63795K [0x0000000084800000, 0x0000000100000000)
  region size 1024K, 5 young (5120K), 3 survivors (3072K)
 Metaspace       used 65319K, committed 65984K, reserved 1114112K
  class space    used 9853K, committed 10112K, reserved 1048576K
}
Event: 12.865 GC heap after
{Heap after GC invocations=24 (full 0):
 garbage-first heap   total 116736K, used 62867K [0x0000000084800000, 0x0000000100000000)
  region size 1024K, 1 young (1024K), 1 survivors (1024K)
 Metaspace       used 65319K, committed 65984K, reserved 1114112K
  class space    used 9853K, committed 10112K, reserved 1048576K
}
Event: 12.934 GC heap before
{Heap before GC invocations=24 (full 0):
 garbage-first heap   total 116736K, used 86419K [0x0000000084800000, 0x0000000100000000)
  region size 1024K, 25 young (25600K), 1 survivors (1024K)
 Metaspace       used 65319K, committed 65984K, reserved 1114112K
  class space    used 9853K, committed 10112K, reserved 1048576K
}
Event: 12.943 GC heap after
{Heap after GC invocations=25 (full 0):
 garbage-first heap   total 271360K, used 72614K [0x0000000084800000, 0x0000000100000000)
  region size 1024K, 4 young (4096K), 4 survivors (4096K)
 Metaspace       used 65319K, committed 65984K, reserved 1114112K
  class space    used 9853K, committed 10112K, reserved 1048576K
}
Event: 13.280 GC heap before
{Heap before GC invocations=26 (full 0):
 garbage-first heap   total 270336K, used 171942K [0x0000000084800000, 0x0000000100000000)
  region size 1024K, 103 young (105472K), 4 survivors (4096K)
 Metaspace       used 65331K, committed 65984K, reserved 1114112K
  class space    used 9853K, committed 10112K, reserved 1048576K
}
Event: 13.302 GC heap after
{Heap after GC invocations=27 (full 0):
 garbage-first heap   total 270336K, used 94877K [0x0000000084800000, 0x0000000100000000)
  region size 1024K, 13 young (13312K), 13 survivors (13312K)
 Metaspace       used 65331K, committed 65984K, reserved 1114112K
  class space    used 9853K, committed 10112K, reserved 1048576K
}
Event: 13.306 GC heap before
{Heap before GC invocations=27 (full 0):
 garbage-first heap   total 270336K, used 95901K [0x0000000084800000, 0x0000000100000000)
  region size 1024K, 14 young (14336K), 13 survivors (13312K)
 Metaspace       used 65331K, committed 65984K, reserved 1114112K
  class space    used 9853K, committed 10112K, reserved 1048576K
}
Event: 13.318 GC heap after
{Heap after GC invocations=28 (full 0):
 garbage-first heap   total 270336K, used 84578K [0x0000000084800000, 0x0000000100000000)
  region size 1024K, 2 young (2048K), 2 survivors (2048K)
 Metaspace       used 65331K, committed 65984K, reserved 1114112K
  class space    used 9853K, committed 10112K, reserved 1048576K
}
Event: 13.591 GC heap before
{Heap before GC invocations=28 (full 0):
 garbage-first heap   total 270336K, used 185954K [0x0000000084800000, 0x0000000100000000)
  region size 1024K, 99 young (101376K), 2 survivors (2048K)
 Metaspace       used 65331K, committed 65984K, reserved 1114112K
  class space    used 9853K, committed 10112K, reserved 1048576K
}
Event: 13.618 GC heap after
{Heap after GC invocations=29 (full 0):
 garbage-first heap   total 270336K, used 123443K [0x0000000084800000, 0x0000000100000000)
  region size 1024K, 13 young (13312K), 13 survivors (13312K)
 Metaspace       used 65331K, committed 65984K, reserved 1114112K
  class space    used 9853K, committed 10112K, reserved 1048576K
}
Event: 14.433 GC heap before
{Heap before GC invocations=29 (full 0):
 garbage-first heap   total 270336K, used 184883K [0x0000000084800000, 0x0000000100000000)
  region size 1024K, 73 young (74752K), 13 survivors (13312K)
 Metaspace       used 69215K, committed 69888K, reserved 1114112K
  class space    used 10430K, committed 10752K, reserved 1048576K
}
Event: 14.452 GC heap after
{Heap after GC invocations=30 (full 0):
 garbage-first heap   total 270336K, used 131006K [0x0000000084800000, 0x0000000100000000)
  region size 1024K, 6 young (6144K), 6 survivors (6144K)
 Metaspace       used 69215K, committed 69888K, reserved 1114112K
  class space    used 10430K, committed 10752K, reserved 1048576K
}
Event: 160.216 GC heap before
{Heap before GC invocations=30 (full 0):
 garbage-first heap   total 270336K, used 192446K [0x0000000084800000, 0x0000000100000000)
  region size 1024K, 67 young (68608K), 6 survivors (6144K)
 Metaspace       used 74563K, committed 75264K, reserved 1114112K
  class space    used 11205K, committed 11584K, reserved 1048576K
}

Deoptimization events (0 events):
No events

Classes unloaded (2 events):
Event: 4.796 Thread 0x00000230e74cc960 Unloading class 0x00000230810d3c00 'jdk/internal/reflect/GeneratedSerializationConstructorAccessor12'
Event: 4.796 Thread 0x00000230e74cc960 Unloading class 0x00000230810d3400 'jdk/internal/reflect/GeneratedSerializationConstructorAccessor10'

Classes redefined (0 events):
No events

Internal exceptions (20 events):
Event: 13.777 Thread 0x00000230d3985800 Exception <a 'java/lang/reflect/InvocationTargetException'{0x0000000093c9dae0}> (0x0000000093c9dae0) 
thrown [s\open\src\hotspot\share\runtime\reflection.cpp, line 1121]
Event: 13.781 Thread 0x00000230d3985800 Exception <a 'java/lang/reflect/InvocationTargetException'{0x0000000093cb2278}> (0x0000000093cb2278) 
thrown [s\open\src\hotspot\share\runtime\reflection.cpp, line 1121]
Event: 13.783 Thread 0x00000230d3985800 Exception <a 'java/lang/reflect/InvocationTargetException'{0x0000000093cbdb38}> (0x0000000093cbdb38) 
thrown [s\open\src\hotspot\share\runtime\reflection.cpp, line 1121]
Event: 13.785 Thread 0x00000230d3985800 Exception <a 'java/lang/reflect/InvocationTargetException'{0x0000000093cc9830}> (0x0000000093cc9830) 
thrown [s\open\src\hotspot\share\runtime\reflection.cpp, line 1121]
Event: 13.816 Thread 0x00000230d3985800 Exception <a 'java/lang/reflect/InvocationTargetException'{0x00000000939524f0}> (0x00000000939524f0) 
thrown [s\open\src\hotspot\share\runtime\reflection.cpp, line 1121]
Event: 13.823 Thread 0x00000230d3985800 Exception <a 'java/lang/reflect/InvocationTargetException'{0x000000009398ad90}> (0x000000009398ad90) 
thrown [s\open\src\hotspot\share\runtime\reflection.cpp, line 1121]
Event: 13.881 Thread 0x00000230d3985800 Exception <a 'java/lang/reflect/InvocationTargetException'{0x00000000935cdcb0}> (0x00000000935cdcb0) 
thrown [s\open\src\hotspot\share\runtime\reflection.cpp, line 1121]
Event: 13.883 Thread 0x00000230d3985800 Exception <a 'java/lang/reflect/InvocationTargetException'{0x00000000935e2788}> (0x00000000935e2788) 
thrown [s\open\src\hotspot\share\runtime\reflection.cpp, line 1121]
Event: 14.522 Thread 0x00000230d3985800 Exception <a 'sun/nio/fs/WindowsException'{0x0000000094c90e10}> (0x0000000094c90e10) 
thrown [s\open\src\hotspot\share\prims\jni.cpp, line 516]
Event: 14.596 Thread 0x00000230d3985800 Exception <a 'java/lang/IncompatibleClassChangeError'{0x00000000947c8648}: Found class java.lang.Object, but interface was expected> (0x00000000947c8648) 
thrown [s\open\src\hotspot\share\interpreter\linkResolver.cpp, line 826]
Event: 14.707 Thread 0x00000230d3985800 Exception <a 'java/lang/NoSuchMethodError'{0x0000000093fd0308}: 'java.lang.Object java.lang.invoke.DirectMethodHandle$Holder.invokeInterface(java.lang.Object, java.lang.Object, java.lang.Object, java.lang.Object)'> (0x0000000093fd0308) 
thrown [s\open\src\hotspot\share\interpreter\linkResolver.cpp, line 759]
Event: 14.826 Thread 0x00000230d3985800 Exception <a 'java/lang/NoSuchMethodError'{0x00000000939a6da8}: 'int java.lang.invoke.DirectMethodHandle$Holder.invokeStaticInit(java.lang.Object, java.lang.Object, java.lang.Object, java.lang.Object)'> (0x00000000939a6da8) 
thrown [s\open\src\hotspot\share\interpreter\linkResolver.cpp, line 759]
Event: 14.931 Thread 0x00000230d3985800 Exception <a 'java/lang/IncompatibleClassChangeError'{0x00000000933271a0}: Found class java.lang.Object, but interface was expected> (0x00000000933271a0) 
thrown [s\open\src\hotspot\share\interpreter\linkResolver.cpp, line 826]
Event: 14.984 Thread 0x00000230d3985800 Exception <a 'java/lang/NoSuchMethodError'{0x0000000093007f88}: 'java.lang.Object java.lang.invoke.DirectMethodHandle$Holder.invokeSpecial(java.lang.Object, java.lang.Object, java.lang.Object, java.lang.Object, java.lang.Object, java.lang.Object, java.lang.Object, java.lang.Object, java.lang.Object, java.lang.Object, java.lang.Object)'> (0x0000000093007f88) 
thrown [s\open\src\hotspot\share\interpreter\linkResolver.cpp, line 759]
Event: 14.984 Thread 0x00000230d3985800 Exception <a 'java/lang/NoSuchMethodError'{0x000000009300c3b8}: 'java.lang.Object java.lang.invoke.Invokers$Holder.invoke_MT(java.lang.Object, java.lang.Object, java.lang.Object, java.lang.Object, java.lang.Object, java.lang.Object, java.lang.Object, java.lang.Object, java.lang.Object, java.lang.Object, java.lang.Object)'> (0x000000009300c3b8) 
thrown [s\open\src\hotspot\share\interpreter\linkResolver.cpp, line 759]
Event: 15.151 Thread 0x00000230d3985800 Exception <a 'java/lang/NoSuchMethodError'{0x000000009277b998}: 'java.lang.Object java.lang.invoke.DirectMethodHandle$Holder.newInvokeSpecial(java.lang.Object, java.lang.Object, int, java.lang.Object, java.lang.Object)'> (0x000000009277b998) 
thrown [s\open\src\hotspot\share\interpreter\linkResolver.cpp, line 759]
Event: 158.139 Thread 0x00000230eeac50a0 Exception <a 'java/lang/NoSuchMethodError'{0x00000000924be6f0}: 'java.lang.Object java.lang.invoke.DirectMethodHandle$Holder.invokeStaticInit(java.lang.Object, java.lang.Object, java.lang.Object, int, int)'> (0x00000000924be6f0) 
thrown [s\open\src\hotspot\share\interpreter\linkResolver.cpp, line 759]
Event: 159.376 Thread 0x00000230ec4ee920 Exception <a 'java/lang/NoSuchMethodError'{0x0000000091da7640}: 'java.lang.Object java.lang.invoke.DirectMethodHandle$Holder.invokeSpecial(java.lang.Object, java.lang.Object, java.lang.Object, java.lang.Object, java.lang.Object, long)'> (0x0000000091da7640) 
thrown [s\open\src\hotspot\share\interpreter\linkResolver.cpp, line 759]
Event: 159.377 Thread 0x00000230ec4ee920 Exception <a 'java/lang/NoSuchMethodError'{0x0000000091dab080}: 'java.lang.Object java.lang.invoke.Invokers$Holder.linkToTargetMethod(java.lang.Object, java.lang.Object, java.lang.Object, long, java.lang.Object)'> (0x0000000091dab080) 
thrown [s\open\src\hotspot\share\interpreter\linkResolver.cpp, line 759]
Event: 160.009 Thread 0x00000230ec4ee920 Exception <a 'sun/nio/fs/WindowsException'{0x0000000091673da0}> (0x0000000091673da0) 
thrown [s\open\src\hotspot\share\prims\jni.cpp, line 516]

VM Operations (20 events):
Event: 133.659 Executing VM operation: Cleanup done
Event: 134.668 Executing VM operation: Cleanup
Event: 134.669 Executing VM operation: Cleanup done
Event: 151.809 Executing VM operation: Cleanup
Event: 151.809 Executing VM operation: Cleanup done
Event: 159.158 Executing VM operation: HandshakeAllThreads
Event: 159.162 Executing VM operation: HandshakeAllThreads done
Event: 159.427 Executing VM operation: HandshakeAllThreads
Event: 159.427 Executing VM operation: HandshakeAllThreads done
Event: 159.427 Executing VM operation: Cleanup
Event: 159.427 Executing VM operation: Cleanup done
Event: 159.897 Executing VM operation: HandshakeAllThreads
Event: 159.897 Executing VM operation: HandshakeAllThreads done
Event: 160.012 Executing VM operation: HandshakeAllThreads
Event: 160.012 Executing VM operation: HandshakeAllThreads done
Event: 160.025 Executing VM operation: HandshakeAllThreads
Event: 160.025 Executing VM operation: HandshakeAllThreads done
Event: 160.025 Executing VM operation: HandshakeAllThreads
Event: 160.025 Executing VM operation: HandshakeAllThreads done
Event: 160.214 Executing VM operation: G1CollectForAllocation

Events (20 events):
Event: 160.021 loading class java/net/URL$1
Event: 160.021 loading class java/net/URL$1 done
Event: 160.021 loading class java/net/spi/URLStreamHandlerProvider
Event: 160.022 loading class java/net/spi/URLStreamHandlerProvider done
Event: 160.023 loading class sun/net/www/protocol/http/Handler
Event: 160.024 loading class sun/net/www/protocol/http/Handler done
Event: 160.025 loading class javax/crypto/JceSecurity$IdentityWrapper
Event: 160.025 loading class javax/crypto/JceSecurity$IdentityWrapper done
Event: 160.025 loading class javax/crypto/JceSecurity$2
Event: 160.025 loading class javax/crypto/JceSecurity$2 done
Event: 160.026 loading class javax/crypto/ProviderVerifier
Event: 160.026 loading class javax/crypto/ProviderVerifier done
Event: 160.026 loading class javax/crypto/ProviderVerifier$1
Event: 160.027 loading class javax/crypto/ProviderVerifier$1 done
Event: 160.028 loading class com/sun/crypto/provider/HmacCore$HmacSHA256
Event: 160.028 loading class com/sun/crypto/provider/HmacCore
Event: 160.029 loading class javax/crypto/MacSpi
Event: 160.029 loading class javax/crypto/MacSpi done
Event: 160.029 loading class com/sun/crypto/provider/HmacCore done
Event: 160.029 loading class com/sun/crypto/provider/HmacCore$HmacSHA256 done


Dynamic libraries:
0x00007ff7adb20000 - 0x00007ff7adb30000 	C:\Program Files\Java\jdk-17\bin\java.exe
0x00007ffe809a0000 - 0x00007ffe80c09000 	C:\WINDOWS\SYSTEM32\ntdll.dll
0x00007ffe7f760000 - 0x00007ffe7f829000 	C:\WINDOWS\System32\KERNEL32.DLL
0x00007ffe7e140000 - 0x00007ffe7e533000 	C:\WINDOWS\System32\KERNELBASE.dll
0x00007ffe7dea0000 - 0x00007ffe7dfeb000 	C:\WINDOWS\System32\ucrtbase.dll
0x00007ffe6ccf0000 - 0x00007ffe6cd0b000 	C:\Program Files\Java\jdk-17\bin\VCRUNTIME140.dll
0x00007ffe6cd60000 - 0x00007ffe6cd79000 	C:\Program Files\Java\jdk-17\bin\jli.dll
0x00007ffe7ff80000 - 0x00007ffe80034000 	C:\WINDOWS\System32\ADVAPI32.dll
0x00007ffe7e9a0000 - 0x00007ffe7ea49000 	C:\WINDOWS\System32\msvcrt.dll
0x00007ffe7ed20000 - 0x00007ffe7edc6000 	C:\WINDOWS\System32\sechost.dll
0x00007ffe7e880000 - 0x00007ffe7e998000 	C:\WINDOWS\System32\RPCRT4.dll
0x00007ffe7ee10000 - 0x00007ffe7efd4000 	C:\WINDOWS\System32\USER32.dll
0x00007ffe7dc60000 - 0x00007ffe7dc87000 	C:\WINDOWS\System32\win32u.dll
0x00007ffe67ac0000 - 0x00007ffe67d53000 	C:\WINDOWS\WinSxS\amd64_microsoft.windows.common-controls_6595b64144ccf1df_6.0.26100.5074_none_3e0d6f78e32fd63f\COMCTL32.dll
0x00007ffe805a0000 - 0x00007ffe805cb000 	C:\WINDOWS\System32\GDI32.dll
0x00007ffe7db30000 - 0x00007ffe7dc5d000 	C:\WINDOWS\System32\gdi32full.dll
0x00007ffe7e540000 - 0x00007ffe7e5e3000 	C:\WINDOWS\System32\msvcp_win.dll
0x00007ffe6ef20000 - 0x00007ffe6ef2b000 	C:\WINDOWS\SYSTEM32\VERSION.dll
0x00007ffe7edd0000 - 0x00007ffe7edff000 	C:\WINDOWS\System32\IMM32.DLL
0x00007ffe7a3d0000 - 0x00007ffe7a3dc000 	C:\Program Files\Java\jdk-17\bin\vcruntime140_1.dll
0x00007ffe6c060000 - 0x00007ffe6c0ee000 	C:\Program Files\Java\jdk-17\bin\msvcp140.dll
0x00007ffdc5ce0000 - 0x00007ffdc68c0000 	C:\Program Files\Java\jdk-17\bin\server\jvm.dll
0x00007ffe7ec90000 - 0x00007ffe7ec98000 	C:\WINDOWS\System32\PSAPI.DLL
0x00007ffe66810000 - 0x00007ffe66845000 	C:\WINDOWS\SYSTEM32\WINMM.dll
0x00007ffe6e640000 - 0x00007ffe6e64a000 	C:\WINDOWS\SYSTEM32\WSOCK32.dll
0x00007ffe7f010000 - 0x00007ffe7f084000 	C:\WINDOWS\System32\WS2_32.dll
0x00007ffe7c910000 - 0x00007ffe7c92b000 	C:\WINDOWS\SYSTEM32\kernel.appcore.dll
0x00007ffe70060000 - 0x00007ffe7006a000 	C:\Program Files\Java\jdk-17\bin\jimage.dll
0x00007ffe7b270000 - 0x00007ffe7b4b2000 	C:\WINDOWS\SYSTEM32\DBGHELP.DLL
0x00007ffe7f1e0000 - 0x00007ffe7f55b000 	C:\WINDOWS\System32\combase.dll
0x00007ffe7ebb0000 - 0x00007ffe7ec87000 	C:\WINDOWS\System32\OLEAUT32.dll
0x00007ffe7b230000 - 0x00007ffe7b26d000 	C:\WINDOWS\SYSTEM32\dbgcore.DLL
0x00007ffe7dc90000 - 0x00007ffe7dd29000 	C:\WINDOWS\System32\bcryptPrimitives.dll
0x00007ffe70040000 - 0x00007ffe7004e000 	C:\Program Files\Java\jdk-17\bin\instrument.dll
0x00007ffe6c120000 - 0x00007ffe6c145000 	C:\Program Files\Java\jdk-17\bin\java.dll
0x00007ffe56c60000 - 0x00007ffe56d37000 	C:\Program Files\Java\jdk-17\bin\jsvml.dll
0x00007ffe7f830000 - 0x00007ffe7ff7d000 	C:\WINDOWS\System32\SHELL32.dll
0x00007ffe7dd30000 - 0x00007ffe7de9c000 	C:\WINDOWS\System32\wintypes.dll
0x00007ffe7b760000 - 0x00007ffe7bfb9000 	C:\WINDOWS\SYSTEM32\windows.storage.dll
0x00007ffe80660000 - 0x00007ffe80750000 	C:\WINDOWS\System32\SHCORE.dll
0x00007ffe80050000 - 0x00007ffe800b2000 	C:\WINDOWS\System32\shlwapi.dll
0x00007ffe7da50000 - 0x00007ffe7da79000 	C:\WINDOWS\SYSTEM32\profapi.dll
0x00007ffe6ccd0000 - 0x00007ffe6cce8000 	C:\Program Files\Java\jdk-17\bin\zip.dll
0x00007ffe6cbf0000 - 0x00007ffe6cc09000 	C:\Program Files\Java\jdk-17\bin\net.dll
0x00007ffe7ac70000 - 0x00007ffe7ad8f000 	C:\WINDOWS\SYSTEM32\WINHTTP.dll
0x00007ffe7ce90000 - 0x00007ffe7cefb000 	C:\WINDOWS\system32\mswsock.dll
0x00007ffe6c180000 - 0x00007ffe6c196000 	C:\Program Files\Java\jdk-17\bin\nio.dll
0x00007ffe7c3e0000 - 0x00007ffe7c506000 	C:\WINDOWS\SYSTEM32\DNSAPI.dll
0x00007ffe7c340000 - 0x00007ffe7c374000 	C:\WINDOWS\SYSTEM32\IPHLPAPI.DLL
0x00007ffe7e770000 - 0x00007ffe7e77a000 	C:\WINDOWS\System32\NSI.dll
0x00007ffe6f620000 - 0x00007ffe6f62b000 	C:\Windows\System32\rasadhlp.dll
0x00007ffe773f0000 - 0x00007ffe77476000 	C:\WINDOWS\System32\fwpuclnt.dll
0x00007ffe6e3a0000 - 0x00007ffe6e3aa000 	C:\Program Files\Java\jdk-17\bin\management.dll
0x00007ffe6cd50000 - 0x00007ffe6cd5b000 	C:\Program Files\Java\jdk-17\bin\management_ext.dll
0x00007ffe7d130000 - 0x00007ffe7d14b000 	C:\WINDOWS\SYSTEM32\CRYPTSP.dll
0x00007ffe7c870000 - 0x00007ffe7c8ab000 	C:\WINDOWS\system32\rsaenh.dll
0x00007ffe7cf30000 - 0x00007ffe7cf5b000 	C:\WINDOWS\SYSTEM32\USERENV.dll
0x00007ffe7da20000 - 0x00007ffe7da46000 	C:\WINDOWS\SYSTEM32\bcrypt.dll
0x00007ffe7d150000 - 0x00007ffe7d15c000 	C:\WINDOWS\SYSTEM32\CRYPTBASE.dll
0x00007ffe76b40000 - 0x00007ffe76b5e000 	C:\WINDOWS\SYSTEM32\dhcpcsvc6.DLL
0x00007ffe76b10000 - 0x00007ffe76b33000 	C:\WINDOWS\SYSTEM32\dhcpcsvc.DLL
0x00007ffe59350000 - 0x00007ffe59368000 	C:\WINDOWS\system32\napinsp.dll
0x00007ffe591b0000 - 0x00007ffe591c2000 	C:\WINDOWS\System32\winrnr.dll
0x00007ffe59180000 - 0x00007ffe591a8000 	C:\WINDOWS\system32\nlansp_c.dll
0x00007ffe6ef50000 - 0x00007ffe6ef66000 	C:\WINDOWS\system32\wshbth.dll
0x00007ffe58320000 - 0x00007ffe58376000 	C:\WINDOWS\SYSTEM32\pdh.dll
0x00007ffe7a3a0000 - 0x00007ffe7a3b2000 	C:\WINDOWS\System32\perfproc.dll
0x00007ffe6cc30000 - 0x00007ffe6cc3e000 	C:\Program Files\Java\jdk-17\bin\sunmscapi.dll
0x00007ffe7e5f0000 - 0x00007ffe7e767000 	C:\WINDOWS\System32\CRYPT32.dll
0x00007ffe7d350000 - 0x00007ffe7d380000 	C:\WINDOWS\SYSTEM32\ncrypt.dll
0x00007ffe7d300000 - 0x00007ffe7d33f000 	C:\WINDOWS\SYSTEM32\NTASN1.dll
0x00007ffe6e680000 - 0x00007ffe6e690000 	C:\Program Files\Java\jdk-17\bin\verify.dll
0x00007ffe097c0000 - 0x00007ffe097c8000 	C:\WINDOWS\system32\wshunix.dll

dbghelp: loaded successfully - version: 4.0.5 - missing functions: none
symbol engine: initialized successfully - sym options: 0x614 - pdb path: .;C:\Program Files\Java\jdk-17\bin;C:\WINDOWS\SYSTEM32;C:\WINDOWS\WinSxS\amd64_microsoft.windows.common-controls_6595b64144ccf1df_6.0.26100.5074_none_3e0d6f78e32fd63f;C:\Program Files\Java\jdk-17\bin\server

VM Arguments:
jvm_args: -XX:TieredStopAtLevel=1 -Dspring.output.ansi.enabled=always -Dcom.sun.management.jmxremote -Dspring.jmx.enabled=true -Dspring.liveBeansView.mbeanDomain -Dspring.application.admin.enabled=true -Dmanagement.endpoints.jmx.exposure.include=* -javaagent:C:\Users\user\AppData\Local\Programs\IntelliJ IDEA Ultimate 2024.3.5\lib\idea_rt.jar=54914 -Dfile.encoding=UTF-8 
java_command: com.example.capstone_design.CapstoneDesignApplication
java_class_path (initial): C:\Users\user\OneDrive\ \\4 1\\code\backend\capstone_design\build\classes\java\main;C:\Users\user\OneDrive\ \\4 1\\code\backend\capstone_design\build\resources\main;C:\Users\user\.gradle\caches\modules-2\files-2.1\org.projectlombok\lombok\1.18.38\57f8f5e02e92a30fd21b80cbd426a4172b5f8e29\lombok-1.18.38.jar;C:\Users\user\.gradle\caches\modules-2\files-2.1\org.springframework.boot\spring-boot-starter-data-jpa\3.5.5\1b0c807e0f584dcf2c8fe7360c07ff18faeacf30\spring-boot-starter-data-jpa-3.5.5.jar;C:\Users\user\.gradle\caches\modules-2\files-2.1\org.springframework.boot\spring-boot-starter-web\3.5.5\b9039cd5aa1feda2cfbd487233e343f66627f78f\spring-boot-starter-web-3.5.5.jar;C:\Users\user\.gradle\caches\modules-2\files-2.1\org.springframework.boot\spring-boot-starter-security\3.5.5\d46f4927ef806fbbb509da0fbeabc9274163ef4c\spring-boot-starter-security-3.5.5.jar;C:\Users\user\.gradle\caches\modules-2\files-2.1\org.springframework.boot\spring-boot-starter-validation\3.5.5\5510bd155652ef231976f1ff1ca1bb1d9698829c\spring-boot-starter-validation-3.5.5.jar;C:\Users\user\.gradle\caches\modules-2\files-2.1\io.jsonwebtoken\jjwt-api\0.11.5\f742940045619d06383e7df37b21ac422b476cf1\jjwt-api-0.11.5.jar;C:\Users\user\.gradle\caches\modules-2\files-2.1\org.springframework.boot\spring-boot-starter-jdbc\3.5.5\25ab9d086e35f606ea0147b10defdd1c8be3f25\spring-boot-starter-jdbc-3.5.5.jar;C:\Users\user\.gradle\caches\modules-2\files-2.1\org.springframework.boot\spring-boot-starter\3.5.5\f0e27ab73519ebebfc72c9b16ccde342cc9f599d\spring-boot-starter-3.5.5.jar;C:\Users\user\.gradle\caches\modules-2\files-2.1\org.hibernate.orm\hibernate-core\6.6.26.Final\4a89014a34c7c46d15da49de85aa879c603c962\hibernate-core-6.6.26.Final.jar;C:\Users\user\.gradle\caches\modules-2\files-2.1\org.springframework.data\spring-data-jpa\3.5.3\ed2764475a3c53fec8d1b844f9700ce6427b29dc\spring-data-jpa-3.5.3.jar;C:\Users\user\.gradle\cache
Launcher Type: SUN_STANDARD

[Global flags]
     intx CICompilerCount                          = 4                                         {product} {ergonomic}
     uint ConcGCThreads                            = 2                                         {product} {ergonomic}
     uint G1ConcRefinementThreads                  = 8                                         {product} {ergonomic}
   size_t G1HeapRegionSize                         = 1048576                                   {product} {ergonomic}
    uintx GCDrainStackTargetSize                   = 64                                        {product} {ergonomic}
   size_t InitialHeapSize                          = 130023424                                 {product} {ergonomic}
     bool ManagementServer                         = true                                      {product} {command line}
   size_t MarkStackSize                            = 4194304                                   {product} {ergonomic}
   size_t MaxHeapSize                              = 2071986176                                {product} {ergonomic}
   size_t MaxNewSize                               = 1242562560                                {product} {ergonomic}
   size_t MinHeapDeltaBytes                        = 1048576                                   {product} {ergonomic}
   size_t MinHeapSize                              = 8388608                                   {product} {ergonomic}
    uintx NonProfiledCodeHeapSize                  = 0                                      {pd product} {ergonomic}
     bool ProfileInterpreter                       = false                                  {pd product} {command line}
    uintx ProfiledCodeHeapSize                     = 0                                      {pd product} {ergonomic}
   size_t SoftMaxHeapSize                          = 2071986176                             {manageable} {ergonomic}
     intx TieredStopAtLevel                        = 1                                         {product} {command line}
     bool UseCompressedClassPointers               = true                           {product lp64_product} {ergonomic}
     bool UseCompressedOops                        = true                           {product lp64_product} {ergonomic}
     bool UseG1GC                                  = true                                      {product} {ergonomic}
     bool UseLargePagesIndividualAllocation        = false                                  {pd product} {ergonomic}

Logging:
Log output configuration:
 #0: stdout all=warning uptime,level,tags
 #1: stderr all=off uptime,level,tags

Environment Variables:
JAVA_HOME=C:\Program Files\Java\jdk-17
CLASSPATH=C:\Program Files\Java\jdk-17\lib
PATH=C:\Program Files\Common Files\Oracle\Java\javapath;C:\Program Files\Microsoft\jdk-17.0.2.8-hotspot\bin;C:\Program Files\Microsoft\jdk-11.0.12.7-hotspot\bin;C:\WINDOWS\system32;C:\WINDOWS;C:\WINDOWS\System32\Wbem;C:\WINDOWS\System32\WindowsPowerShell\v1.0\;C:\WINDOWS\System32\OpenSSH\;C:\ProgramData\chocolatey\bin;C:\Program Files\Git\cmd;C:\Users\user\AppData\Roaming\Microsoft\Windows\Start Menu\Programs\Python 3.10;C:\Program Files\nodejs\;C:\Program Files (x86)\Yarn\bin\;C:\ffmpeg\bin;C:\Users\user\AppData\Roaming\npm;C:\Users\user\AppData\Local\Programs\Python\Python310\Scripts\;C:\Users\user\AppData\Local\Programs\Python\Python310\;C:\Users\user\AppData\Local\Programs\Python\Python313\Scripts\;C:\Users\user\AppData\Local\Programs\Python\Python313\;C:\nodejs;C:\Users\user\AppData\Local\Yarn\bin;C:\Users\user\AppData\Local\Programs\Microsoft VS Code\bin;C:\Users\user\OneDrive\ \Scripts;C:\Users\user\OneDrive\ ;C:\Users\user\OneDrive\ \google-cloud-sdk\bin;C:\ffmpeg\bin;C:\stt\google-cloud-sdk\bin;C:\Users\user\AppData\Roaming\npm;;C:\Program Files\JetBrains\IntelliJ IDEA Community Edition 2024.3.4.1\bin;;C:\Users\user\AppData\Local\Microsoft\WindowsApps
USERNAME=user
OS=Windows_NT
PROCESSOR_IDENTIFIER=Intel64 Family 6 Model 126 Stepping 5, GenuineIntel



---------------  S Y S T E M  ---------------

OS:
 Windows 11 , 64 bit Build 26100 (10.0.26100.5074)
OS uptime: 13 days 21:42 hours
Hyper-V role detected

CPU: total 8 (initial active 8) (4 cores per cpu, 2 threads per core) family 6 model 126 stepping 5 microcode 0x96, cx8, cmov, fxsr, ht, mmx, 3dnowpref, sse, sse2, sse3, ssse3, sse4.1, sse4.2, popcnt, lzcnt, tsc, tscinvbit, avx, avx2, aes, erms, clmul, bmi1, bmi2, adx, avx512f, avx512dq, avx512cd, avx512bw, avx512vl, sha, fma, vzeroupper, avx512_vpopcntdq, avx512_vpclmulqdq, avx512_vaes, avx512_vnni, clflush, clflushopt, avx512_vbmi2, avx512_vbmi, hv

Memory: 4k page, system-wide physical 7901M (806M free)
TotalPageFile size 28873M (AvailPageFile size 325M)
current process WorkingSet (physical memory assigned to process): 157M, peak: 406M
current process commit charge ("private bytes"): 482M, peak: 897M

vm_info: Java HotSpot(TM) 64-Bit Server VM (17.0.12+8-LTS-286) for windows-amd64 JRE (17.0.12+8-LTS-286), built on Jun  5 2024 06:46:59 by "mach5one" with MS VC++ 17.6 (VS2022)

END.
